[35m[1mConsolidate compiler generated dependencies of target nuscenes_data_collector_issac_node[0m
[ 50%] Built target nuscenes_data_collector_node
[ 75%] [32mBuilding CXX object CMakeFiles/nuscenes_data_collector_issac_node.dir/src/nuscenes_data_collector_issac.cpp.o[0m
In file included from [01m[K/home/pyh/Documents/ros2_ws/RobotAD_Issac_ws/src/nuscenes_data_collector/src/nuscenes_data_collector_issac.cpp:1[m[K:
[01m[K/home/pyh/Documents/ros2_ws/RobotAD_Issac_ws/src/nuscenes_data_collector/include/nuscenes_data_collector/nuscenes_data_collector_issac.hpp:[m[K In member function â€˜[01m[Kbool NuScenesDataCollectorIssac::check_sample_done()[m[Kâ€™:
[01m[K/home/pyh/Documents/ros2_ws/RobotAD_Issac_ws/src/nuscenes_data_collector/include/nuscenes_data_collector/nuscenes_data_collector_issac.hpp:956:42:[m[K [01;31m[Kerror: [m[Kâ€˜[01m[Kstruct std::pair<std::__cxx11::basic_string<char>, std::vector<unsigned char, std::allocator<unsigned char> > >[m[Kâ€™ has no member named â€˜[01m[Kempty[m[Kâ€™
  956 |             if (!sample_img_cache.second.[01;31m[Kempty[m[K()) {
      |                                          [01;31m[K^~~~~[m[K
[01m[K/home/pyh/Documents/ros2_ws/RobotAD_Issac_ws/src/nuscenes_data_collector/include/nuscenes_data_collector/nuscenes_data_collector_issac.hpp:958:62:[m[K [01;31m[Kerror: [m[Kconversion from â€˜[01m[Kstd::pair<std::__cxx11::basic_string<char>, std::vector<unsigned char, std::allocator<unsigned char> > >[m[Kâ€™ to non-scalar type â€˜[01m[Kstd::vector<unsigned char, std::allocator<unsigned char> >[m[Kâ€™ requested
  958 |                 std::vector<uint8_t> data = [01;31m[Ksample_img_cache.second[m[K; // Get the cached image data
      |                                             [01;31m[K~~~~~~~~~~~~~~~~~^~~~~~[m[K
[01m[K/home/pyh/Documents/ros2_ws/RobotAD_Issac_ws/src/nuscenes_data_collector/include/nuscenes_data_collector/nuscenes_data_collector_issac.hpp:969:45:[m[K [01;31m[Kerror: [m[Kpassing â€˜[01m[Kconst std::__cxx11::basic_string<char>[m[Kâ€™ as â€˜[01m[Kthis[m[Kâ€™ argument discards qualifiers [[01;31m[K]8;;https://gcc.gnu.org/onlinedocs/gcc/Warning-Options.html#index-fpermissive-fpermissive]8;;[m[K]
  969 |                 [01;31m[Ksample_img_cache.first.clear()[m[K;
      |                 [01;31m[K~~~~~~~~~~~~~~~~~~~~~~~~~~~~^~[m[K
In file included from [01m[K/usr/include/c++/11/string:55[m[K,
                 from [01m[K/usr/include/c++/11/stdexcept:39[m[K,
                 from [01m[K/usr/include/c++/11/system_error:41[m[K,
                 from [01m[K/usr/include/c++/11/mutex:42[m[K,
                 from [01m[K/usr/include/c++/11/future:38[m[K,
                 from [01m[K/opt/ros/humble/include/rclcpp/rclcpp/executors.hpp:18[m[K,
                 from [01m[K/opt/ros/humble/include/rclcpp/rclcpp/rclcpp.hpp:155[m[K,
                 from [01m[K/home/pyh/Documents/ros2_ws/RobotAD_Issac_ws/src/nuscenes_data_collector/include/nuscenes_data_collector/nuscenes_data_collector_issac.hpp:4[m[K,
                 from [01m[K/home/pyh/Documents/ros2_ws/RobotAD_Issac_ws/src/nuscenes_data_collector/src/nuscenes_data_collector_issac.cpp:1[m[K:
[01m[K/usr/include/c++/11/bits/basic_string.h:1015:7:[m[K [01;36m[Knote: [m[K  in call to â€˜[01m[Kvoid std::__cxx11::basic_string<_CharT, _Traits, _Alloc>::clear() [with _CharT = char; _Traits = std::char_traits<char>; _Alloc = std::allocator<char>][m[Kâ€™
 1015 |       [01;36m[Kclear[m[K() _GLIBCXX_NOEXCEPT
      |       [01;36m[K^~~~~[m[K
In file included from [01m[K/home/pyh/Documents/ros2_ws/RobotAD_Issac_ws/src/nuscenes_data_collector/src/nuscenes_data_collector_issac.cpp:1[m[K:
[01m[K/home/pyh/Documents/ros2_ws/RobotAD_Issac_ws/src/nuscenes_data_collector/include/nuscenes_data_collector/nuscenes_data_collector_issac.hpp:970:41:[m[K [01;31m[Kerror: [m[Kâ€˜[01m[Kstruct std::pair<std::__cxx11::basic_string<char>, std::vector<unsigned char, std::allocator<unsigned char> > >[m[Kâ€™ has no member named â€˜[01m[Kclear[m[Kâ€™
  970 |                 sample_img_cache.second.[01;31m[Kclear[m[K();
      |                                         [01;31m[K^~~~~[m[K
gmake[2]: *** [CMakeFiles/nuscenes_data_collector_issac_node.dir/build.make:76: CMakeFiles/nuscenes_data_collector_issac_node.dir/src/nuscenes_data_collector_issac.cpp.o] Error 1
gmake[1]: *** [CMakeFiles/Makefile2:165: CMakeFiles/nuscenes_data_collector_issac_node.dir/all] Error 2
gmake: *** [Makefile:146: all] Error 2
