In file included from [01m[K/home/pyh/Documents/ros2_ws/RobotAD_Issac_ws/src/nuscenes_data_collector/src/nuscenes_data_collector_issac.cpp:1[m[K:
[01m[K/home/pyh/Documents/ros2_ws/RobotAD_Issac_ws/src/nuscenes_data_collector/include/nuscenes_data_collector/nuscenes_data_collector_issac.hpp:1145:10:[m[K [01;31m[Kerror: [m[Kâ€˜[01m[Kunorderedmap[m[Kâ€™ in namespace â€˜[01m[Kstd[m[Kâ€™ does not name a template type; did you mean â€˜[01m[Kunordered_map[m[Kâ€™?
 1145 |     std::[01;31m[Kunorderedmap[m[K<std::string, std::pair<std::string, std::vector<uint8_t>>> sample_imgs_cache_;
      |          [01;31m[K^~~~~~~~~~~~[m[K
      |          [32m[Kunordered_map[m[K
[01m[K/home/pyh/Documents/ros2_ws/RobotAD_Issac_ws/src/nuscenes_data_collector/include/nuscenes_data_collector/nuscenes_data_collector_issac.hpp:[m[K In member function â€˜[01m[Kvoid NuScenesDataCollectorIssac::save_image_data(const std::shared_ptr<const sensor_msgs::msg::Image_<std::allocator<void> > >&, const string&)[m[Kâ€™:
[01m[K/home/pyh/Documents/ros2_ws/RobotAD_Issac_ws/src/nuscenes_data_collector/include/nuscenes_data_collector/nuscenes_data_collector_issac.hpp:544:13:[m[K [01;31m[Kerror: [m[Kâ€˜[01m[Ksample_imgs_cache_[m[Kâ€™ was not declared in this scope; did you mean â€˜[01m[Ksample_lidar_cache_[m[Kâ€™?
  544 |             [01;31m[Ksample_imgs_cache_[m[K[device_name] = {image_save_file, encoded_img};
      |             [01;31m[K^~~~~~~~~~~~~~~~~~[m[K
      |             [32m[Ksample_lidar_cache_[m[K
[01m[K/home/pyh/Documents/ros2_ws/RobotAD_Issac_ws/src/nuscenes_data_collector/include/nuscenes_data_collector/nuscenes_data_collector_issac.hpp:[m[K In member function â€˜[01m[Kbool NuScenesDataCollectorIssac::check_sample_done()[m[Kâ€™:
[01m[K/home/pyh/Documents/ros2_ws/RobotAD_Issac_ws/src/nuscenes_data_collector/include/nuscenes_data_collector/nuscenes_data_collector_issac.hpp:955:37:[m[K [01;31m[Kerror: [m[Kâ€˜[01m[Ksample_imgs_cache_[m[Kâ€™ was not declared in this scope; did you mean â€˜[01m[Ksample_img_cache[m[Kâ€™?
  955 |         for(auto sample_img_cache : [01;31m[Ksample_imgs_cache_[m[K){
      |                                     [01;31m[K^~~~~~~~~~~~~~~~~~[m[K
      |                                     [32m[Ksample_img_cache[m[K
gmake[2]: *** [CMakeFiles/nuscenes_data_collector_issac_node.dir/build.make:76: CMakeFiles/nuscenes_data_collector_issac_node.dir/src/nuscenes_data_collector_issac.cpp.o] Error 1
gmake[1]: *** [CMakeFiles/Makefile2:165: CMakeFiles/nuscenes_data_collector_issac_node.dir/all] Error 2
gmake: *** [Makefile:146: all] Error 2
