[0.023s] Invoking command in '/home/pyh/Documents/ros2_ws/RobotAD_Issac_ws/build/nuscenes_data_collector': CMAKE_PREFIX_PATH=/home/pyh/Documents/ros2_ws/RobotAD_Issac_ws/install/usb_camera:/home/pyh/Documents/ros2_ws/RobotAD_Issac_ws/install/serial_comm:/home/pyh/Documents/ros2_ws/RobotAD_Issac_ws/install/robot_locate:/home/pyh/Documents/ros2_ws/RobotAD_Issac_ws/install/diff_control:/home/pyh/Documents/ros2_ws/RobotAD_Issac_ws/install/robot_hardware:/home/pyh/Documents/ros2_ws/RobotAD_Issac_ws/install/pointcloud_to_laserscan:/home/pyh/Documents/ros2_ws/RobotAD_Issac_ws/install/nuscenes_data_collector:/opt/ros/humble:/home/pyh/Documents/ros2_ws/RobotAD_Issac_ws/install/message_filter_example:/home/pyh/Documents/ros2_ws/RobotAD_Issac_ws/install/keyboard_control /usr/bin/cmake --build /home/pyh/Documents/ros2_ws/RobotAD_Issac_ws/build/nuscenes_data_collector -- -j16 -l16
[0.071s] [35m[1mConsolidate compiler generated dependencies of target nuscenes_data_collector_issac_node[0m
[0.095s] [ 50%] Built target nuscenes_data_collector_node
[0.102s] [ 75%] [32mBuilding CXX object CMakeFiles/nuscenes_data_collector_issac_node.dir/src/nuscenes_data_collector_issac.cpp.o[0m
[5.004s] In file included from [01m[K/home/pyh/Documents/ros2_ws/RobotAD_Issac_ws/src/nuscenes_data_collector/src/nuscenes_data_collector_issac.cpp:1[m[K:
[5.004s] [01m[K/home/pyh/Documents/ros2_ws/RobotAD_Issac_ws/src/nuscenes_data_collector/include/nuscenes_data_collector/nuscenes_data_collector_issac.hpp:1145:10:[m[K [01;31m[Kerror: [m[Kâ€˜[01m[Kunorderedmap[m[Kâ€™ in namespace â€˜[01m[Kstd[m[Kâ€™ does not name a template type; did you mean â€˜[01m[Kunordered_map[m[Kâ€™?
[5.004s]  1145 |     std::[01;31m[Kunorderedmap[m[K<std::string, std::pair<std::string, std::vector<uint8_t>>> sample_imgs_cache_;
[5.004s]       |          [01;31m[K^~~~~~~~~~~~[m[K
[5.004s]       |          [32m[Kunordered_map[m[K
[5.759s] [01m[K/home/pyh/Documents/ros2_ws/RobotAD_Issac_ws/src/nuscenes_data_collector/include/nuscenes_data_collector/nuscenes_data_collector_issac.hpp:[m[K In member function â€˜[01m[Kvoid NuScenesDataCollectorIssac::save_image_data(const std::shared_ptr<const sensor_msgs::msg::Image_<std::allocator<void> > >&, const string&)[m[Kâ€™:
[5.760s] [01m[K/home/pyh/Documents/ros2_ws/RobotAD_Issac_ws/src/nuscenes_data_collector/include/nuscenes_data_collector/nuscenes_data_collector_issac.hpp:544:13:[m[K [01;31m[Kerror: [m[Kâ€˜[01m[Ksample_imgs_cache_[m[Kâ€™ was not declared in this scope; did you mean â€˜[01m[Ksample_lidar_cache_[m[Kâ€™?
[5.760s]   544 |             [01;31m[Ksample_imgs_cache_[m[K[device_name] = {image_save_file, encoded_img};
[5.760s]       |             [01;31m[K^~~~~~~~~~~~~~~~~~[m[K
[5.760s]       |             [32m[Ksample_lidar_cache_[m[K
[5.842s] [01m[K/home/pyh/Documents/ros2_ws/RobotAD_Issac_ws/src/nuscenes_data_collector/include/nuscenes_data_collector/nuscenes_data_collector_issac.hpp:[m[K In member function â€˜[01m[Kbool NuScenesDataCollectorIssac::check_sample_done()[m[Kâ€™:
[5.842s] [01m[K/home/pyh/Documents/ros2_ws/RobotAD_Issac_ws/src/nuscenes_data_collector/include/nuscenes_data_collector/nuscenes_data_collector_issac.hpp:955:37:[m[K [01;31m[Kerror: [m[Kâ€˜[01m[Ksample_imgs_cache_[m[Kâ€™ was not declared in this scope; did you mean â€˜[01m[Ksample_img_cache[m[Kâ€™?
[5.843s]   955 |         for(auto sample_img_cache : [01;31m[Ksample_imgs_cache_[m[K){
[5.843s]       |                                     [01;31m[K^~~~~~~~~~~~~~~~~~[m[K
[5.843s]       |                                     [32m[Ksample_img_cache[m[K
[13.196s] gmake[2]: *** [CMakeFiles/nuscenes_data_collector_issac_node.dir/build.make:76: CMakeFiles/nuscenes_data_collector_issac_node.dir/src/nuscenes_data_collector_issac.cpp.o] Error 1
[13.196s] gmake[1]: *** [CMakeFiles/Makefile2:165: CMakeFiles/nuscenes_data_collector_issac_node.dir/all] Error 2
[13.196s] gmake: *** [Makefile:146: all] Error 2
[13.198s] Invoked command in '/home/pyh/Documents/ros2_ws/RobotAD_Issac_ws/build/nuscenes_data_collector' returned '2': CMAKE_PREFIX_PATH=/home/pyh/Documents/ros2_ws/RobotAD_Issac_ws/install/usb_camera:/home/pyh/Documents/ros2_ws/RobotAD_Issac_ws/install/serial_comm:/home/pyh/Documents/ros2_ws/RobotAD_Issac_ws/install/robot_locate:/home/pyh/Documents/ros2_ws/RobotAD_Issac_ws/install/diff_control:/home/pyh/Documents/ros2_ws/RobotAD_Issac_ws/install/robot_hardware:/home/pyh/Documents/ros2_ws/RobotAD_Issac_ws/install/pointcloud_to_laserscan:/home/pyh/Documents/ros2_ws/RobotAD_Issac_ws/install/nuscenes_data_collector:/opt/ros/humble:/home/pyh/Documents/ros2_ws/RobotAD_Issac_ws/install/message_filter_example:/home/pyh/Documents/ros2_ws/RobotAD_Issac_ws/install/keyboard_control /usr/bin/cmake --build /home/pyh/Documents/ros2_ws/RobotAD_Issac_ws/build/nuscenes_data_collector -- -j16 -l16
