[35m[1mConsolidate compiler generated dependencies of target nuscenes_data_collector_issac_node[0m
[ 50%] Built target nuscenes_data_collector_node
[ 75%] [32mBuilding CXX object CMakeFiles/nuscenes_data_collector_issac_node.dir/src/nuscenes_data_collector_issac.cpp.o[0m
In file included from [01m[K/opt/ros/humble/include/rclcpp/rclcpp/client.hpp:40[m[K,
                 from [01m[K/opt/ros/humble/include/rclcpp/rclcpp/callback_group.hpp:24[m[K,
                 from [01m[K/opt/ros/humble/include/rclcpp/rclcpp/any_executable.hpp:20[m[K,
                 from [01m[K/opt/ros/humble/include/rclcpp/rclcpp/memory_strategy.hpp:25[m[K,
                 from [01m[K/opt/ros/humble/include/rclcpp/rclcpp/memory_strategies.hpp:18[m[K,
                 from [01m[K/opt/ros/humble/include/rclcpp/rclcpp/executor_options.hpp:20[m[K,
                 from [01m[K/opt/ros/humble/include/rclcpp/rclcpp/executor.hpp:37[m[K,
                 from [01m[K/opt/ros/humble/include/rclcpp/rclcpp/executors/multi_threaded_executor.hpp:25[m[K,
                 from [01m[K/opt/ros/humble/include/rclcpp/rclcpp/executors.hpp:21[m[K,
                 from [01m[K/opt/ros/humble/include/rclcpp/rclcpp/rclcpp.hpp:155[m[K,
                 from [01m[K/home/pyh/Documents/ros2_ws/RobotAD_Issac_ws/src/nuscenes_data_collector/include/nuscenes_data_collector/nuscenes_data_collector_issac.hpp:4[m[K,
                 from [01m[K/home/pyh/Documents/ros2_ws/RobotAD_Issac_ws/src/nuscenes_data_collector/src/nuscenes_data_collector_issac.cpp:1[m[K:
[01m[K/home/pyh/Documents/ros2_ws/RobotAD_Issac_ws/src/nuscenes_data_collector/include/nuscenes_data_collector/nuscenes_data_collector_issac.hpp:[m[K In member function ‚Äò[01m[Kbool NuScenesDataCollectorIssac::check_sample_done()[m[K‚Äô:
[01m[K/home/pyh/Documents/ros2_ws/RobotAD_Issac_ws/src/nuscenes_data_collector/include/nuscenes_data_collector/nuscenes_data_collector_issac.hpp:957:27:[m[K [01;31m[Kerror: [m[K‚Äò[01m[Kclass NuScenesDataCollectorIssac[m[K‚Äô has no member named ‚Äò[01m[Kboxlogger[m[K‚Äô
  957 |         RCLCPP_INFO(this->[01;31m[Kboxlogger[m[K(), "All samples are done, caching data...");
      |                           [01;31m[K^~~~~~~~~[m[K
[01m[K/home/pyh/Documents/ros2_ws/RobotAD_Issac_ws/src/nuscenes_data_collector/include/nuscenes_data_collector/nuscenes_data_collector_issac.hpp:957:27:[m[K [01;31m[Kerror: [m[K‚Äò[01m[Kclass NuScenesDataCollectorIssac[m[K‚Äô has no member named ‚Äò[01m[Kboxlogger[m[K‚Äô
[01m[K/home/pyh/Documents/ros2_ws/RobotAD_Issac_ws/src/nuscenes_data_collector/include/nuscenes_data_collector/nuscenes_data_collector_issac.hpp:957:9:[m[K [01;31m[Kerror: [m[Ktemplate argument 1 is invalid
  957 |         [01;31m[KRCLCPP_INFO[m[K(this->boxlogger(), "All samples are done, caching data...");
      |         [01;31m[K^~~~~~~~~~~[m[K
[01m[K/home/pyh/Documents/ros2_ws/RobotAD_Issac_ws/src/nuscenes_data_collector/include/nuscenes_data_collector/nuscenes_data_collector_issac.hpp:957:9:[m[K [01;31m[Kerror: [m[Ktemplate argument 1 is invalid
  957 |         [01;31m[KRCLCPP_INFO[m[K(this->boxlogger(), "All samples are done, caching data...");
      |         [01;31m[K^~~~~~~~~~~[m[K
[01m[K/home/pyh/Documents/ros2_ws/RobotAD_Issac_ws/src/nuscenes_data_collector/include/nuscenes_data_collector/nuscenes_data_collector_issac.hpp:957:9:[m[K [01;31m[Kerror: [m[Ktemplate argument 1 is invalid
  957 |         [01;31m[KRCLCPP_INFO[m[K(this->boxlogger(), "All samples are done, caching data...");
      |         [01;31m[K^~~~~~~~~~~[m[K
In file included from [01m[K/opt/ros/humble/include/rclcpp/rclcpp/logging.hpp:24[m[K,
                 from [01m[K/opt/ros/humble/include/rclcpp/rclcpp/client.hpp:40[m[K,
                 from [01m[K/opt/ros/humble/include/rclcpp/rclcpp/callback_group.hpp:24[m[K,
                 from [01m[K/opt/ros/humble/include/rclcpp/rclcpp/any_executable.hpp:20[m[K,
                 from [01m[K/opt/ros/humble/include/rclcpp/rclcpp/memory_strategy.hpp:25[m[K,
                 from [01m[K/opt/ros/humble/include/rclcpp/rclcpp/memory_strategies.hpp:18[m[K,
                 from [01m[K/opt/ros/humble/include/rclcpp/rclcpp/executor_options.hpp:20[m[K,
                 from [01m[K/opt/ros/humble/include/rclcpp/rclcpp/executor.hpp:37[m[K,
                 from [01m[K/opt/ros/humble/include/rclcpp/rclcpp/executors/multi_threaded_executor.hpp:25[m[K,
                 from [01m[K/opt/ros/humble/include/rclcpp/rclcpp/executors.hpp:21[m[K,
                 from [01m[K/opt/ros/humble/include/rclcpp/rclcpp/rclcpp.hpp:155[m[K,
                 from [01m[K/home/pyh/Documents/ros2_ws/RobotAD_Issac_ws/src/nuscenes_data_collector/include/nuscenes_data_collector/nuscenes_data_collector_issac.hpp:4[m[K,
                 from [01m[K/home/pyh/Documents/ros2_ws/RobotAD_Issac_ws/src/nuscenes_data_collector/src/nuscenes_data_collector_issac.cpp:1[m[K:
[01m[K/home/pyh/Documents/ros2_ws/RobotAD_Issac_ws/src/nuscenes_data_collector/include/nuscenes_data_collector/nuscenes_data_collector_issac.hpp:957:27:[m[K [01;31m[Kerror: [m[K‚Äò[01m[Kclass NuScenesDataCollectorIssac[m[K‚Äô has no member named ‚Äò[01m[Kboxlogger[m[K‚Äô
  957 |         RCLCPP_INFO(this->[01;31m[Kboxlogger[m[K(), "All samples are done, caching data...");
      |                           [01;31m[K^~~~~~~~~[m[K
[01m[K/home/pyh/Documents/ros2_ws/RobotAD_Issac_ws/src/nuscenes_data_collector/include/nuscenes_data_collector/nuscenes_data_collector_issac.hpp:957:27:[m[K [01;31m[Kerror: [m[K‚Äò[01m[Kclass NuScenesDataCollectorIssac[m[K‚Äô has no member named ‚Äò[01m[Kboxlogger[m[K‚Äô
  957 |         RCLCPP_INFO(this->[01;31m[Kboxlogger[m[K(), "All samples are done, caching data...");
      |                           [01;31m[K^~~~~~~~~[m[K
In file included from [01m[K/home/pyh/Documents/ros2_ws/RobotAD_Issac_ws/src/nuscenes_data_collector/src/nuscenes_data_collector_issac.cpp:1[m[K:
[01m[K/home/pyh/Documents/ros2_ws/RobotAD_Issac_ws/src/nuscenes_data_collector/include/nuscenes_data_collector/nuscenes_data_collector_issac.hpp:958:31:[m[K [01;31m[Kerror: [m[K‚Äò[01m[Kstruct std::pair<std::__cxx11::basic_string<char>, std::vector<unsigned char, std::allocator<unsigned char> > >[m[K‚Äô has no member named ‚Äò[01m[Kempty[m[K‚Äô
  958 |         if (!sample_img_cache.[01;31m[Kempty[m[K()) {
      |                               [01;31m[K^~~~~[m[K
[01m[K/home/pyh/Documents/ros2_ws/RobotAD_Issac_ws/src/nuscenes_data_collector/include/nuscenes_data_collector/nuscenes_data_collector_issac.hpp:960:41:[m[K [01;31m[Kerror: [m[Kno matching function for call to ‚Äò[01m[Kbegin(std::pair<std::__cxx11::basic_string<char>, std::vector<unsigned char, std::allocator<unsigned char> > >&)[m[K‚Äô
  960 |             for (const auto& img_data : [01;31m[Ksample_img_cache[m[K) {
      |                                         [01;31m[K^~~~~~~~~~~~~~~~[m[K
In file included from [01m[K/usr/include/c++/11/utility:76[m[K,
                 from [01m[K/usr/include/c++/11/bits/unique_ptr.h:36[m[K,
                 from [01m[K/usr/include/c++/11/memory:76[m[K,
                 from [01m[K/opt/ros/humble/include/rclcpp/rclcpp/rclcpp.hpp:153[m[K,
                 from [01m[K/home/pyh/Documents/ros2_ws/RobotAD_Issac_ws/src/nuscenes_data_collector/include/nuscenes_data_collector/nuscenes_data_collector_issac.hpp:4[m[K,
                 from [01m[K/home/pyh/Documents/ros2_ws/RobotAD_Issac_ws/src/nuscenes_data_collector/src/nuscenes_data_collector_issac.cpp:1[m[K:
[01m[K/usr/include/c++/11/initializer_list:90:5:[m[K [01;36m[Knote: [m[Kcandidate: ‚Äò[01m[Ktemplate<class _Tp> constexpr const _Tp* std::begin(std::initializer_list<_Tp>)[m[K‚Äô
   90 |     [01;36m[Kbegin[m[K(initializer_list<_Tp> __ils) noexcept
      |     [01;36m[K^~~~~[m[K
[01m[K/usr/include/c++/11/initializer_list:90:5:[m[K [01;36m[Knote: [m[K  template argument deduction/substitution failed:
In file included from [01m[K/home/pyh/Documents/ros2_ws/RobotAD_Issac_ws/src/nuscenes_data_collector/src/nuscenes_data_collector_issac.cpp:1[m[K:
[01m[K/home/pyh/Documents/ros2_ws/RobotAD_Issac_ws/src/nuscenes_data_collector/include/nuscenes_data_collector/nuscenes_data_collector_issac.hpp:960:41:[m[K [01;36m[Knote: [m[K  ‚Äò[01m[Kstd::pair<std::__cxx11::basic_string<char>, std::vector<unsigned char, std::allocator<unsigned char> > >[m[K‚Äô is not derived from ‚Äò[01m[Kstd::initializer_list<_Tp>[m[K‚Äô
  960 |             for (const auto& img_data : [01;36m[Ksample_img_cache[m[K) {
      |                                         [01;36m[K^~~~~~~~~~~~~~~~[m[K
In file included from [01m[K/usr/include/c++/11/array:41[m[K,
                 from [01m[K/usr/include/c++/11/tuple:39[m[K,
                 from [01m[K/usr/include/c++/11/bits/unique_ptr.h:37[m[K,
                 from [01m[K/usr/include/c++/11/memory:76[m[K,
                 from [01m[K/opt/ros/humble/include/rclcpp/rclcpp/rclcpp.hpp:153[m[K,
                 from [01m[K/home/pyh/Documents/ros2_ws/RobotAD_Issac_ws/src/nuscenes_data_collector/include/nuscenes_data_collector/nuscenes_data_collector_issac.hpp:4[m[K,
                 from [01m[K/home/pyh/Documents/ros2_ws/RobotAD_Issac_ws/src/nuscenes_data_collector/src/nuscenes_data_collector_issac.cpp:1[m[K:
[01m[K/usr/include/c++/11/bits/range_access.h:51:5:[m[K [01;36m[Knote: [m[Kcandidate: ‚Äò[01m[Ktemplate<class _Container> constexpr decltype (__cont.begin()) std::begin(_Container&)[m[K‚Äô
   51 |     [01;36m[Kbegin[m[K(_Container& __cont) -> decltype(__cont.begin())
      |     [01;36m[K^~~~~[m[K
[01m[K/usr/include/c++/11/bits/range_access.h:51:5:[m[K [01;36m[Knote: [m[K  template argument deduction/substitution failed:
/usr/include/c++/11/bits/range_access.h: In substitution of ‚Äò[01m[Ktemplate<class _Container> constexpr decltype (__cont.begin()) std::begin(_Container&) [with _Container = std::pair<std::__cxx11::basic_string<char>, std::vector<unsigned char, std::allocator<unsigned char> > >][m[K‚Äô:
[01m[K/home/pyh/Documents/ros2_ws/RobotAD_Issac_ws/src/nuscenes_data_collector/include/nuscenes_data_collector/nuscenes_data_collector_issac.hpp:960:41:[m[K   required from here
[01m[K/usr/include/c++/11/bits/range_access.h:51:50:[m[K [01;31m[Kerror: [m[K‚Äò[01m[Kstruct std::pair<std::__cxx11::basic_string<char>, std::vector<unsigned char, std::allocator<unsigned char> > >[m[K‚Äô has no member named ‚Äò[01m[Kbegin[m[K‚Äô
   51 |     begin(_Container& __cont) -> decltype([01;31m[K__cont.begin[m[K())
      |                                           [01;31m[K~~~~~~~^~~~~[m[K
[01m[K/usr/include/c++/11/bits/range_access.h:61:5:[m[K [01;36m[Knote: [m[Kcandidate: ‚Äò[01m[Ktemplate<class _Container> constexpr decltype (__cont.begin()) std::begin(const _Container&)[m[K‚Äô
   61 |     [01;36m[Kbegin[m[K(const _Container& __cont) -> decltype(__cont.begin())
      |     [01;36m[K^~~~~[m[K
[01m[K/usr/include/c++/11/bits/range_access.h:61:5:[m[K [01;36m[Knote: [m[K  template argument deduction/substitution failed:
/usr/include/c++/11/bits/range_access.h: In substitution of ‚Äò[01m[Ktemplate<class _Container> constexpr decltype (__cont.begin()) std::begin(const _Container&) [with _Container = std::pair<std::__cxx11::basic_string<char>, std::vector<unsigned char, std::allocator<unsigned char> > >][m[K‚Äô:
[01m[K/home/pyh/Documents/ros2_ws/RobotAD_Issac_ws/src/nuscenes_data_collector/include/nuscenes_data_collector/nuscenes_data_collector_issac.hpp:960:41:[m[K   required from here
[01m[K/usr/include/c++/11/bits/range_access.h:61:56:[m[K [01;31m[Kerror: [m[K‚Äò[01m[Kconst struct std::pair<std::__cxx11::basic_string<char>, std::vector<unsigned char, std::allocator<unsigned char> > >[m[K‚Äô has no member named ‚Äò[01m[Kbegin[m[K‚Äô
   61 |     begin(const _Container& __cont) -> decltype([01;31m[K__cont.begin[m[K())
      |                                                 [01;31m[K~~~~~~~^~~~~[m[K
[01m[K/usr/include/c++/11/bits/range_access.h:90:5:[m[K [01;36m[Knote: [m[Kcandidate: ‚Äò[01m[Ktemplate<class _Tp, long unsigned int _Nm> constexpr _Tp* std::begin(_Tp (&)[_Nm])[m[K‚Äô
   90 |     [01;36m[Kbegin[m[K(_Tp (&__arr)[_Nm]) noexcept
      |     [01;36m[K^~~~~[m[K
[01m[K/usr/include/c++/11/bits/range_access.h:90:5:[m[K [01;36m[Knote: [m[K  template argument deduction/substitution failed:
In file included from [01m[K/home/pyh/Documents/ros2_ws/RobotAD_Issac_ws/src/nuscenes_data_collector/src/nuscenes_data_collector_issac.cpp:1[m[K:
[01m[K/home/pyh/Documents/ros2_ws/RobotAD_Issac_ws/src/nuscenes_data_collector/include/nuscenes_data_collector/nuscenes_data_collector_issac.hpp:960:41:[m[K [01;36m[Knote: [m[K  mismatched types ‚Äò[01m[K_Tp [_Nm][m[K‚Äô and ‚Äò[01m[Kstd::pair<std::__cxx11::basic_string<char>, std::vector<unsigned char, std::allocator<unsigned char> > >[m[K‚Äô
  960 |             for (const auto& img_data : [01;36m[Ksample_img_cache[m[K) {
      |                                         [01;36m[K^~~~~~~~~~~~~~~~[m[K
In file included from [01m[K/usr/include/nlohmann/detail/conversions/from_json.hpp:13[m[K,
                 from [01m[K/usr/include/nlohmann/adl_serializer.hpp:6[m[K,
                 from [01m[K/usr/include/nlohmann/json.hpp:60[m[K,
                 from [01m[K/home/pyh/Documents/ros2_ws/RobotAD_Issac_ws/src/nuscenes_data_collector/include/nuscenes_data_collector/nuscenes_data_collector_issac.hpp:5[m[K,
                 from [01m[K/home/pyh/Documents/ros2_ws/RobotAD_Issac_ws/src/nuscenes_data_collector/src/nuscenes_data_collector_issac.cpp:1[m[K:
[01m[K/usr/include/c++/11/valarray:1217:5:[m[K [01;36m[Knote: [m[Kcandidate: ‚Äò[01m[Ktemplate<class _Tp> _Tp* std::begin(std::valarray<_Tp>&)[m[K‚Äô
 1217 |     [01;36m[Kbegin[m[K(valarray<_Tp>& __va) noexcept
      |     [01;36m[K^~~~~[m[K
[01m[K/usr/include/c++/11/valarray:1217:5:[m[K [01;36m[Knote: [m[K  template argument deduction/substitution failed:
In file included from [01m[K/home/pyh/Documents/ros2_ws/RobotAD_Issac_ws/src/nuscenes_data_collector/src/nuscenes_data_collector_issac.cpp:1[m[K:
[01m[K/home/pyh/Documents/ros2_ws/RobotAD_Issac_ws/src/nuscenes_data_collector/include/nuscenes_data_collector/nuscenes_data_collector_issac.hpp:960:41:[m[K [01;36m[Knote: [m[K  ‚Äò[01m[Kstd::pair<std::__cxx11::basic_string<char>, std::vector<unsigned char, std::allocator<unsigned char> > >[m[K‚Äô is not derived from ‚Äò[01m[Kstd::valarray<_Tp>[m[K‚Äô
  960 |             for (const auto& img_data : [01;36m[Ksample_img_cache[m[K) {
      |                                         [01;36m[K^~~~~~~~~~~~~~~~[m[K
In file included from [01m[K/usr/include/nlohmann/detail/conversions/from_json.hpp:13[m[K,
                 from [01m[K/usr/include/nlohmann/adl_serializer.hpp:6[m[K,
                 from [01m[K/usr/include/nlohmann/json.hpp:60[m[K,
                 from [01m[K/home/pyh/Documents/ros2_ws/RobotAD_Issac_ws/src/nuscenes_data_collector/include/nuscenes_data_collector/nuscenes_data_collector_issac.hpp:5[m[K,
                 from [01m[K/home/pyh/Documents/ros2_ws/RobotAD_Issac_ws/src/nuscenes_data_collector/src/nuscenes_data_collector_issac.cpp:1[m[K:
[01m[K/usr/include/c++/11/valarray:1228:5:[m[K [01;36m[Knote: [m[Kcandidate: ‚Äò[01m[Ktemplate<class _Tp> const _Tp* std::begin(const std::valarray<_Tp>&)[m[K‚Äô
 1228 |     [01;36m[Kbegin[m[K(const valarray<_Tp>& __va) noexcept
      |     [01;36m[K^~~~~[m[K
[01m[K/usr/include/c++/11/valarray:1228:5:[m[K [01;36m[Knote: [m[K  template argument deduction/substitution failed:
In file included from [01m[K/home/pyh/Documents/ros2_ws/RobotAD_Issac_ws/src/nuscenes_data_collector/src/nuscenes_data_collector_issac.cpp:1[m[K:
[01m[K/home/pyh/Documents/ros2_ws/RobotAD_Issac_ws/src/nuscenes_data_collector/include/nuscenes_data_collector/nuscenes_data_collector_issac.hpp:960:41:[m[K [01;36m[Knote: [m[K  ‚Äò[01m[Kstd::pair<std::__cxx11::basic_string<char>, std::vector<unsigned char, std::allocator<unsigned char> > >[m[K‚Äô is not derived from ‚Äò[01m[Kconst std::valarray<_Tp>[m[K‚Äô
  960 |             for (const auto& img_data : [01;36m[Ksample_img_cache[m[K) {
      |                                         [01;36m[K^~~~~~~~~~~~~~~~[m[K
[01m[K/home/pyh/Documents/ros2_ws/RobotAD_Issac_ws/src/nuscenes_data_collector/include/nuscenes_data_collector/nuscenes_data_collector_issac.hpp:960:41:[m[K [01;31m[Kerror: [m[Kno matching function for call to ‚Äò[01m[Kend(std::pair<std::__cxx11::basic_string<char>, std::vector<unsigned char, std::allocator<unsigned char> > >&)[m[K‚Äô
In file included from [01m[K/usr/include/c++/11/utility:76[m[K,
                 from [01m[K/usr/include/c++/11/bits/unique_ptr.h:36[m[K,
                 from [01m[K/usr/include/c++/11/memory:76[m[K,
                 from [01m[K/opt/ros/humble/include/rclcpp/rclcpp/rclcpp.hpp:153[m[K,
                 from [01m[K/home/pyh/Documents/ros2_ws/RobotAD_Issac_ws/src/nuscenes_data_collector/include/nuscenes_data_collector/nuscenes_data_collector_issac.hpp:4[m[K,
                 from [01m[K/home/pyh/Documents/ros2_ws/RobotAD_Issac_ws/src/nuscenes_data_collector/src/nuscenes_data_collector_issac.cpp:1[m[K:
[01m[K/usr/include/c++/11/initializer_list:101:5:[m[K [01;36m[Knote: [m[Kcandidate: ‚Äò[01m[Ktemplate<class _Tp> constexpr const _Tp* std::end(std::initializer_list<_Tp>)[m[K‚Äô
  101 |     [01;36m[Kend[m[K(initializer_list<_Tp> __ils) noexcept
      |     [01;36m[K^~~[m[K
[01m[K/usr/include/c++/11/initializer_list:101:5:[m[K [01;36m[Knote: [m[K  template argument deduction/substitution failed:
In file included from [01m[K/home/pyh/Documents/ros2_ws/RobotAD_Issac_ws/src/nuscenes_data_collector/src/nuscenes_data_collector_issac.cpp:1[m[K:
[01m[K/home/pyh/Documents/ros2_ws/RobotAD_Issac_ws/src/nuscenes_data_collector/include/nuscenes_data_collector/nuscenes_data_collector_issac.hpp:960:41:[m[K [01;36m[Knote: [m[K  ‚Äò[01m[Kstd::pair<std::__cxx11::basic_string<char>, std::vector<unsigned char, std::allocator<unsigned char> > >[m[K‚Äô is not derived from ‚Äò[01m[Kstd::initializer_list<_Tp>[m[K‚Äô
  960 |             for (const auto& img_data : [01;36m[Ksample_img_cache[m[K) {
      |                                         [01;36m[K^~~~~~~~~~~~~~~~[m[K
In file included from [01m[K/usr/include/c++/11/array:41[m[K,
                 from [01m[K/usr/include/c++/11/tuple:39[m[K,
                 from [01m[K/usr/include/c++/11/bits/unique_ptr.h:37[m[K,
                 from [01m[K/usr/include/c++/11/memory:76[m[K,
                 from [01m[K/opt/ros/humble/include/rclcpp/rclcpp/rclcpp.hpp:153[m[K,
                 from [01m[K/home/pyh/Documents/ros2_ws/RobotAD_Issac_ws/src/nuscenes_data_collector/include/nuscenes_data_collector/nuscenes_data_collector_issac.hpp:4[m[K,
                 from [01m[K/home/pyh/Documents/ros2_ws/RobotAD_Issac_ws/src/nuscenes_data_collector/src/nuscenes_data_collector_issac.cpp:1[m[K:
[01m[K/usr/include/c++/11/bits/range_access.h:71:5:[m[K [01;36m[Knote: [m[Kcandidate: ‚Äò[01m[Ktemplate<class _Container> constexpr decltype (__cont.end()) std::end(_Container&)[m[K‚Äô
   71 |     [01;36m[Kend[m[K(_Container& __cont) -> decltype(__cont.end())
      |     [01;36m[K^~~[m[K
[01m[K/usr/include/c++/11/bits/range_access.h:71:5:[m[K [01;36m[Knote: [m[K  template argument deduction/substitution failed:
/usr/include/c++/11/bits/range_access.h: In substitution of ‚Äò[01m[Ktemplate<class _Container> constexpr decltype (__cont.end()) std::end(_Container&) [with _Container = std::pair<std::__cxx11::basic_string<char>, std::vector<unsigned char, std::allocator<unsigned char> > >][m[K‚Äô:
[01m[K/home/pyh/Documents/ros2_ws/RobotAD_Issac_ws/src/nuscenes_data_collector/include/nuscenes_data_collector/nuscenes_data_collector_issac.hpp:960:41:[m[K   required from here
[01m[K/usr/include/c++/11/bits/range_access.h:71:48:[m[K [01;31m[Kerror: [m[K‚Äò[01m[Kstruct std::pair<std::__cxx11::basic_string<char>, std::vector<unsigned char, std::allocator<unsigned char> > >[m[K‚Äô has no member named ‚Äò[01m[Kend[m[K‚Äô
   71 |     end(_Container& __cont) -> decltype([01;31m[K__cont.end[m[K())
      |                                         [01;31m[K~~~~~~~^~~[m[K
[01m[K/usr/include/c++/11/bits/range_access.h:81:5:[m[K [01;36m[Knote: [m[Kcandidate: ‚Äò[01m[Ktemplate<class _Container> constexpr decltype (__cont.end()) std::end(const _Container&)[m[K‚Äô
   81 |     [01;36m[Kend[m[K(const _Container& __cont) -> decltype(__cont.end())
      |     [01;36m[K^~~[m[K
[01m[K/usr/include/c++/11/bits/range_access.h:81:5:[m[K [01;36m[Knote: [m[K  template argument deduction/substitution failed:
/usr/include/c++/11/bits/range_access.h: In substitution of ‚Äò[01m[Ktemplate<class _Container> constexpr decltype (__cont.end()) std::end(const _Container&) [with _Container = std::pair<std::__cxx11::basic_string<char>, std::vector<unsigned char, std::allocator<unsigned char> > >][m[K‚Äô:
[01m[K/home/pyh/Documents/ros2_ws/RobotAD_Issac_ws/src/nuscenes_data_collector/include/nuscenes_data_collector/nuscenes_data_collector_issac.hpp:960:41:[m[K   required from here
[01m[K/usr/include/c++/11/bits/range_access.h:81:54:[m[K [01;31m[Kerror: [m[K‚Äò[01m[Kconst struct std::pair<std::__cxx11::basic_string<char>, std::vector<unsigned char, std::allocator<unsigned char> > >[m[K‚Äô has no member named ‚Äò[01m[Kend[m[K‚Äô
   81 |     end(const _Container& __cont) -> decltype([01;31m[K__cont.end[m[K())
      |                                               [01;31m[K~~~~~~~^~~[m[K
[01m[K/usr/include/c++/11/bits/range_access.h:100:5:[m[K [01;36m[Knote: [m[Kcandidate: ‚Äò[01m[Ktemplate<class _Tp, long unsigned int _Nm> constexpr _Tp* std::end(_Tp (&)[_Nm])[m[K‚Äô
  100 |     [01;36m[Kend[m[K(_Tp (&__arr)[_Nm]) noexcept
      |     [01;36m[K^~~[m[K
[01m[K/usr/include/c++/11/bits/range_access.h:100:5:[m[K [01;36m[Knote: [m[K  template argument deduction/substitution failed:
In file included from [01m[K/home/pyh/Documents/ros2_ws/RobotAD_Issac_ws/src/nuscenes_data_collector/src/nuscenes_data_collector_issac.cpp:1[m[K:
[01m[K/home/pyh/Documents/ros2_ws/RobotAD_Issac_ws/src/nuscenes_data_collector/include/nuscenes_data_collector/nuscenes_data_collector_issac.hpp:960:41:[m[K [01;36m[Knote: [m[K  mismatched types ‚Äò[01m[K_Tp [_Nm][m[K‚Äô and ‚Äò[01m[Kstd::pair<std::__cxx11::basic_string<char>, std::vector<unsigned char, std::allocator<unsigned char> > >[m[K‚Äô
  960 |             for (const auto& img_data : [01;36m[Ksample_img_cache[m[K) {
      |                                         [01;36m[K^~~~~~~~~~~~~~~~[m[K
In file included from [01m[K/usr/include/nlohmann/detail/conversions/from_json.hpp:13[m[K,
                 from [01m[K/usr/include/nlohmann/adl_serializer.hpp:6[m[K,
                 from [01m[K/usr/include/nlohmann/json.hpp:60[m[K,
                 from [01m[K/home/pyh/Documents/ros2_ws/RobotAD_Issac_ws/src/nuscenes_data_collector/include/nuscenes_data_collector/nuscenes_data_collector_issac.hpp:5[m[K,
                 from [01m[K/home/pyh/Documents/ros2_ws/RobotAD_Issac_ws/src/nuscenes_data_collector/src/nuscenes_data_collector_issac.cpp:1[m[K:
[01m[K/usr/include/c++/11/valarray:1239:5:[m[K [01;36m[Knote: [m[Kcandidate: ‚Äò[01m[Ktemplate<class _Tp> _Tp* std::end(std::valarray<_Tp>&)[m[K‚Äô
 1239 |     [01;36m[Kend[m[K(valarray<_Tp>& __va) noexcept
      |     [01;36m[K^~~[m[K
[01m[K/usr/include/c++/11/valarray:1239:5:[m[K [01;36m[Knote: [m[K  template argument deduction/substitution failed:
In file included from [01m[K/home/pyh/Documents/ros2_ws/RobotAD_Issac_ws/src/nuscenes_data_collector/src/nuscenes_data_collector_issac.cpp:1[m[K:
[01m[K/home/pyh/Documents/ros2_ws/RobotAD_Issac_ws/src/nuscenes_data_collector/include/nuscenes_data_collector/nuscenes_data_collector_issac.hpp:960:41:[m[K [01;36m[Knote: [m[K  ‚Äò[01m[Kstd::pair<std::__cxx11::basic_string<char>, std::vector<unsigned char, std::allocator<unsigned char> > >[m[K‚Äô is not derived from ‚Äò[01m[Kstd::valarray<_Tp>[m[K‚Äô
  960 |             for (const auto& img_data : [01;36m[Ksample_img_cache[m[K) {
      |                                         [01;36m[K^~~~~~~~~~~~~~~~[m[K
In file included from [01m[K/usr/include/nlohmann/detail/conversions/from_json.hpp:13[m[K,
                 from [01m[K/usr/include/nlohmann/adl_serializer.hpp:6[m[K,
                 from [01m[K/usr/include/nlohmann/json.hpp:60[m[K,
                 from [01m[K/home/pyh/Documents/ros2_ws/RobotAD_Issac_ws/src/nuscenes_data_collector/include/nuscenes_data_collector/nuscenes_data_collector_issac.hpp:5[m[K,
                 from [01m[K/home/pyh/Documents/ros2_ws/RobotAD_Issac_ws/src/nuscenes_data_collector/src/nuscenes_data_collector_issac.cpp:1[m[K:
[01m[K/usr/include/c++/11/valarray:1255:5:[m[K [01;36m[Knote: [m[Kcandidate: ‚Äò[01m[Ktemplate<class _Tp> const _Tp* std::end(const std::valarray<_Tp>&)[m[K‚Äô
 1255 |     [01;36m[Kend[m[K(const valarray<_Tp>& __va) noexcept
      |     [01;36m[K^~~[m[K
[01m[K/usr/include/c++/11/valarray:1255:5:[m[K [01;36m[Knote: [m[K  template argument deduction/substitution failed:
In file included from [01m[K/home/pyh/Documents/ros2_ws/RobotAD_Issac_ws/src/nuscenes_data_collector/src/nuscenes_data_collector_issac.cpp:1[m[K:
[01m[K/home/pyh/Documents/ros2_ws/RobotAD_Issac_ws/src/nuscenes_data_collector/include/nuscenes_data_collector/nuscenes_data_collector_issac.hpp:960:41:[m[K [01;36m[Knote: [m[K  ‚Äò[01m[Kstd::pair<std::__cxx11::basic_string<char>, std::vector<unsigned char, std::allocator<unsigned char> > >[m[K‚Äô is not derived from ‚Äò[01m[Kconst std::valarray<_Tp>[m[K‚Äô
  960 |             for (const auto& img_data : [01;36m[Ksample_img_cache[m[K) {
      |                                         [01;36m[K^~~~~~~~~~~~~~~~[m[K
[01m[K/home/pyh/Documents/ros2_ws/RobotAD_Issac_ws/src/nuscenes_data_collector/include/nuscenes_data_collector/nuscenes_data_collector_issac.hpp:962:17:[m[K [01;31m[Kerror: [m[K‚Äò[01m[Ksave_image_data_to_file[m[K‚Äô was not declared in this scope; did you mean ‚Äò[01m[Ksave_image_data[m[K‚Äô?
  962 |                 [01;31m[Ksave_image_data_to_file[m[K(img_data);
      |                 [01;31m[K^~~~~~~~~~~~~~~~~~~~~~~[m[K
      |                 [32m[Ksave_image_data[m[K
[01m[K/home/pyh/Documents/ros2_ws/RobotAD_Issac_ws/src/nuscenes_data_collector/include/nuscenes_data_collector/nuscenes_data_collector_issac.hpp:965:30:[m[K [01;31m[Kerror: [m[K‚Äò[01m[Kstruct std::pair<std::__cxx11::basic_string<char>, std::vector<unsigned char, std::allocator<unsigned char> > >[m[K‚Äô has no member named ‚Äò[01m[Kclear[m[K‚Äô
  965 |             sample_img_cache.[01;31m[Kclear[m[K();
      |                              [01;31m[K^~~~~[m[K
[01m[K/home/pyh/Documents/ros2_ws/RobotAD_Issac_ws/src/nuscenes_data_collector/include/nuscenes_data_collector/nuscenes_data_collector_issac.hpp:967:13:[m[K [01;31m[Kerror: [m[Kcould not convert ‚Äò[01m[K((NuScenesDataCollectorIssac*)this)->NuScenesDataCollectorIssac::sample_lidar_cache[m[K‚Äô from ‚Äò[01m[Kstd::pair<std::__cxx11::basic_string<char>, std::vector<unsigned char, std::allocator<unsigned char> > >[m[K‚Äô to ‚Äò[01m[Kbool[m[K‚Äô
  967 |         if ([01;31m[Ksample_lidar_cache[m[K) {
      |             [01;31m[K^~~~~~~~~~~~~~~~~~[m[K
      |             [01;31m[K|[m[K
      |             [01;31m[Kstd::pair<std::__cxx11::basic_string<char>, std::vector<unsigned char, std::allocator<unsigned char> > >[m[K
[01m[K/home/pyh/Documents/ros2_ws/RobotAD_Issac_ws/src/nuscenes_data_collector/include/nuscenes_data_collector/nuscenes_data_collector_issac.hpp:969:13:[m[K [01;31m[Kerror: [m[K‚Äò[01m[Ksave_lidar_data_to_file[m[K‚Äô was not declared in this scope; did you mean ‚Äò[01m[Ksave_lidar_data[m[K‚Äô?
  969 |             [01;31m[Ksave_lidar_data_to_file[m[K(sample_lidar_cache);
      |             [01;31m[K^~~~~~~~~~~~~~~~~~~~~~~[m[K
      |             [32m[Ksave_lidar_data[m[K
[01m[K/home/pyh/Documents/ros2_ws/RobotAD_Issac_ws/src/nuscenes_data_collector/include/nuscenes_data_collector/nuscenes_data_collector_issac.hpp:971:32:[m[K [01;31m[Kerror: [m[K‚Äò[01m[Kstruct std::pair<std::__cxx11::basic_string<char>, std::vector<unsigned char, std::allocator<unsigned char> > >[m[K‚Äô has no member named ‚Äò[01m[Kreset[m[K‚Äô
  971 |             sample_lidar_cache.[01;31m[Kreset[m[K();
      |                                [01;31m[K^~~~~[m[K
[01m[K/home/pyh/Documents/ros2_ws/RobotAD_Issac_ws/src/nuscenes_data_collector/include/nuscenes_data_collector/nuscenes_data_collector_issac.hpp:981:22:[m[K [01;31m[Kerror: [m[Kexpected ‚Äò[01m[K;[m[K‚Äô before ‚Äò[01m[Kinstance_json[m[K‚Äô
  981 |                 json [01;31m[Kinstance_json[m[K;
      |                      [01;31m[K^~~~~~~~~~~~~[m[K
[01m[K/home/pyh/Documents/ros2_ws/RobotAD_Issac_ws/src/nuscenes_data_collector/include/nuscenes_data_collector/nuscenes_data_collector_issac.hpp:981:17:[m[K [01;35m[Kwarning: [m[Kstatement has no effect [[01;35m[K]8;;https://gcc.gnu.org/onlinedocs/gcc/Warning-Options.html#index-Wunused-value-Wunused-value]8;;[m[K]
  981 |                 [01;35m[Kjson[m[K instance_json;
      |                 [01;35m[K^~~~[m[K
[01m[K/home/pyh/Documents/ros2_ws/RobotAD_Issac_ws/src/nuscenes_data_collector/include/nuscenes_data_collector/nuscenes_data_collector_issac.hpp:984:21:[m[K [01;31m[Kerror: [m[K‚Äò[01m[Kinstance_json[m[K‚Äô was not declared in this scope; did you mean ‚Äò[01m[Kinstance_token[m[K‚Äô?
  984 |                     [01;31m[Kinstance_json[m[K["token"] = instance_token;
      |                     [01;31m[K^~~~~~~~~~~~~[m[K
      |                     [32m[Kinstance_token[m[K
[01m[K/home/pyh/Documents/ros2_ws/RobotAD_Issac_ws/src/nuscenes_data_collector/include/nuscenes_data_collector/nuscenes_data_collector_issac.hpp:993:21:[m[K [01;31m[Kerror: [m[K‚Äò[01m[Kinstance_json[m[K‚Äô was not declared in this scope; did you mean ‚Äò[01m[Kinstance_token[m[K‚Äô?
  993 |                     [01;31m[Kinstance_json[m[K = val.back(); // ÂèñÂá∫ÊúÄÂêé‰∏Ä‰∏™ÂÖÉÁ¥†ÔºåÂÅáËÆæÊØèÊ¨°Êõ¥Êñ∞ÊòØÂØπÊúÄÂêé‰∏Ä‰∏™ JSON ÂØπË±°ÁöÑÊõ¥Êñ∞
      |                     [01;31m[K^~~~~~~~~~~~~[m[K
      |                     [32m[Kinstance_token[m[K
[01m[K/home/pyh/Documents/ros2_ws/RobotAD_Issac_ws/src/nuscenes_data_collector/include/nuscenes_data_collector/nuscenes_data_collector_issac.hpp:994:93:[m[K [01;31m[Kerror: [m[Kexpected primary-expression before ‚Äò[01m[Kint[m[K‚Äô
  994 |                     instance_json["nbr_annotations"] = instance_json["nbr_annotations"].get<[01;31m[Kint[m[K>() + 1;
      |                                                                                             [01;31m[K^~~[m[K
gmake[2]: *** [CMakeFiles/nuscenes_data_collector_issac_node.dir/build.make:76: CMakeFiles/nuscenes_data_collector_issac_node.dir/src/nuscenes_data_collector_issac.cpp.o] Error 1
gmake[1]: *** [CMakeFiles/Makefile2:165: CMakeFiles/nuscenes_data_collector_issac_node.dir/all] Error 2
gmake: *** [Makefile:146: all] Error 2
