[0.034s] Invoking command in '/home/pyh/Documents/ros2_ws/RobotAD_Issac_ws/build/nuscenes_data_collector': CMAKE_PREFIX_PATH=/home/pyh/Documents/ros2_ws/RobotAD_Issac_ws/install/usb_camera:/home/pyh/Documents/ros2_ws/RobotAD_Issac_ws/install/serial_comm:/home/pyh/Documents/ros2_ws/RobotAD_Issac_ws/install/robot_locate:/home/pyh/Documents/ros2_ws/RobotAD_Issac_ws/install/diff_control:/home/pyh/Documents/ros2_ws/RobotAD_Issac_ws/install/robot_hardware:/home/pyh/Documents/ros2_ws/RobotAD_Issac_ws/install/pointcloud_to_laserscan:/home/pyh/Documents/ros2_ws/RobotAD_Issac_ws/install/nuscenes_data_collector:/opt/ros/humble:/home/pyh/Documents/ros2_ws/RobotAD_Issac_ws/install/message_filter_example:/home/pyh/Documents/ros2_ws/RobotAD_Issac_ws/install/keyboard_control /usr/bin/cmake --build /home/pyh/Documents/ros2_ws/RobotAD_Issac_ws/build/nuscenes_data_collector -- -j16 -l16
[0.096s] [35m[1mConsolidate compiler generated dependencies of target nuscenes_data_collector_issac_node[0m
[0.120s] [ 50%] Built target nuscenes_data_collector_node
[0.134s] [ 75%] [32mBuilding CXX object CMakeFiles/nuscenes_data_collector_issac_node.dir/src/nuscenes_data_collector_issac.cpp.o[0m
[1.665s] In file included from [01m[K/home/pyh/Documents/ros2_ws/RobotAD_Issac_ws/src/nuscenes_data_collector/src/nuscenes_data_collector_issac.cpp:1[m[K:
[1.666s] [01m[K/home/pyh/Documents/ros2_ws/RobotAD_Issac_ws/src/nuscenes_data_collector/include/nuscenes_data_collector/nuscenes_data_collector_issac.hpp:1171:1:[m[K [01;35m[Kwarning: [m[Kembedding a directive within macro arguments is not portable
[1.666s]  1171 | [01;35m[K#[m[Kendif  // NUSCENES_DATA_COLLECTOR_ISSAC_HPP
[1.666s]       | [01;35m[K^[m[K
[1.666s] In file included from [01m[K/usr/include/boost/range/concepts.hpp:20[m[K,
[1.666s]                  from [01m[K/usr/include/boost/range/size_type.hpp:20[m[K,
[1.666s]                  from [01m[K/usr/include/boost/range/size.hpp:21[m[K,
[1.666s]                  from [01m[K/usr/include/boost/range/functions.hpp:20[m[K,
[1.666s]                  from [01m[K/usr/include/boost/range/iterator_range_core.hpp:38[m[K,
[1.666s]                  from [01m[K/usr/include/boost/range/iterator_range.hpp:13[m[K,
[1.666s]                  from [01m[K/usr/include/boost/range/as_literal.hpp:18[m[K,
[1.666s]                  from [01m[K/usr/include/boost/algorithm/string/predicate.hpp:20[m[K,
[1.666s]                  from [01m[K/usr/include/pcl-1.12/pcl/io/file_io.h:47[m[K,
[1.666s]                  from [01m[K/usr/include/pcl-1.12/pcl/io/pcd_io.h:45[m[K,
[1.667s]                  from [01m[K/opt/ros/humble/include/pcl_conversions/pcl_conversions/pcl_conversions.h:73[m[K,
[1.667s]                  from [01m[K/home/pyh/Documents/ros2_ws/RobotAD_Issac_ws/src/nuscenes_data_collector/include/nuscenes_data_collector/nuscenes_data_collector_issac.hpp:31[m[K,
[1.667s]                  from [01m[K/home/pyh/Documents/ros2_ws/RobotAD_Issac_ws/src/nuscenes_data_collector/src/nuscenes_data_collector_issac.cpp:1[m[K:
[1.667s] [01m[K/usr/include/boost/iterator/iterator_concepts.hpp:246:1:[m[K [01;31m[Kerror: [m[Kunterminated argument list invoking macro "RCLCPP_INFO"
[1.667s]   246 | [01;31m[K  BOOST_concept[m[K(InteroperableIterator,(Iterator)(ConstIterator))
[1.667s]       | [01;31m[K^[m[K [01;31m[K~~~~~~~~~~~~~[m[K
[5.631s] [01m[K/home/pyh/Documents/ros2_ws/RobotAD_Issac_ws/src/nuscenes_data_collector/src/nuscenes_data_collector_issac.cpp:17:2:[m[K [01;31m[Kerror: [m[Kexpected ‚Äò[01m[K}[m[K‚Äô at end of input
[5.631s]    17 | }
[5.631s]       |  [01;31m[K^[m[K
[5.632s] In file included from [01m[K/home/pyh/Documents/ros2_ws/RobotAD_Issac_ws/src/nuscenes_data_collector/src/nuscenes_data_collector_issac.cpp:1[m[K:
[5.632s] [01m[K/home/pyh/Documents/ros2_ws/RobotAD_Issac_ws/src/nuscenes_data_collector/include/nuscenes_data_collector/nuscenes_data_collector_issac.hpp:52:56:[m[K [01;36m[Knote: [m[Kto match this ‚Äò[01m[K{[m[K‚Äô
[5.632s]    52 | class NuScenesDataCollectorIssac : public rclcpp::Node [01;36m[K{[m[K
[5.632s]       |                                                        [01;36m[K^[m[K
[5.632s] [01m[K/home/pyh/Documents/ros2_ws/RobotAD_Issac_ws/src/nuscenes_data_collector/include/nuscenes_data_collector/nuscenes_data_collector_issac.hpp:[m[K In constructor ‚Äò[01m[KNuScenesDataCollectorIssac::NuScenesDataCollectorIssac()[m[K‚Äô:
[5.632s] [01m[K/home/pyh/Documents/ros2_ws/RobotAD_Issac_ws/src/nuscenes_data_collector/include/nuscenes_data_collector/nuscenes_data_collector_issac.hpp:56:5:[m[K [01;31m[Kerror: [m[Kclass ‚Äò[01m[KNuScenesDataCollectorIssac[m[K‚Äô does not have any field named ‚Äò[01m[Kroot_path_[m[K‚Äô
[5.632s]    56 |     [01;31m[Kroot_path_[m[K(this->declare_parameter<std::string>("root_path_", "/home/pyh/Documents/ros2_ws/RobotAD_Issac_ws/NuscenesData")), // ‰ªéÂèÇÊï∞‰∏≠Ëé∑Âèñ root_path_
[5.632s]       |     [01;31m[K^~~~~~~~~~[m[K
[5.632s] In file included from [01m[K/home/pyh/Documents/ros2_ws/RobotAD_Issac_ws/src/nuscenes_data_collector/src/nuscenes_data_collector_issac.cpp:1[m[K:
[5.632s] [01m[K/home/pyh/Documents/ros2_ws/RobotAD_Issac_ws/src/nuscenes_data_collector/include/nuscenes_data_collector/nuscenes_data_collector_issac.hpp:57:5:[m[K [01;31m[Kerror: [m[Kclass ‚Äò[01m[KNuScenesDataCollectorIssac[m[K‚Äô does not have any field named ‚Äò[01m[Kjson_paths_[m[K‚Äô
[5.632s]    57 |     [01;31m[Kjson_paths_[m[K({ // json init
[5.632s]       |     [01;31m[K^~~~~~~~~~~[m[K
[5.650s] [01m[K/home/pyh/Documents/ros2_ws/RobotAD_Issac_ws/src/nuscenes_data_collector/include/nuscenes_data_collector/nuscenes_data_collector_issac.hpp:58:9:[m[K [01;31m[Kerror: [m[K‚Äò[01m[Kroot_path_[m[K‚Äô was not declared in this scope
[5.650s]    58 |         [01;31m[Kroot_path_[m[K + "/ego_pose.json",
[5.650s]       |         [01;31m[K^~~~~~~~~~[m[K
[5.650s] [01m[K/home/pyh/Documents/ros2_ws/RobotAD_Issac_ws/src/nuscenes_data_collector/include/nuscenes_data_collector/nuscenes_data_collector_issac.hpp:68:5:[m[K [01;31m[Kerror: [m[Kclass ‚Äò[01m[KNuScenesDataCollectorIssac[m[K‚Äô does not have any field named ‚Äò[01m[Kjson_writer_[m[K‚Äô
[5.650s]    68 |     [01;31m[Kjson_writer_[m[K(json_paths_)                     // Â∞Ü logger ‰º†ÈÄíÁªô json_writer_
[5.650s]       |     [01;31m[K^~~~~~~~~~~~[m[K
[5.672s] [01m[K/home/pyh/Documents/ros2_ws/RobotAD_Issac_ws/src/nuscenes_data_collector/include/nuscenes_data_collector/nuscenes_data_collector_issac.hpp:68:18:[m[K [01;31m[Kerror: [m[K‚Äò[01m[Kjson_paths_[m[K‚Äô was not declared in this scope
[5.672s]    68 |     json_writer_([01;31m[Kjson_paths_[m[K)                     // Â∞Ü logger ‰º†ÈÄíÁªô json_writer_
[5.673s]       |                  [01;31m[K^~~~~~~~~~~[m[K
[5.699s] [01m[K/home/pyh/Documents/ros2_ws/RobotAD_Issac_ws/src/nuscenes_data_collector/include/nuscenes_data_collector/nuscenes_data_collector_issac.hpp:105:44:[m[K [01;31m[Kerror: [m[K‚Äò[01m[Kscene_mode_[m[K‚Äô was not declared in this scope
[5.699s]   105 |         this->get_parameter("scene_mode_", [01;31m[Kscene_mode_[m[K);
[5.699s]       |                                            [01;31m[K^~~~~~~~~~~[m[K
[5.724s] [01m[K/home/pyh/Documents/ros2_ws/RobotAD_Issac_ws/src/nuscenes_data_collector/include/nuscenes_data_collector/nuscenes_data_collector_issac.hpp:106:45:[m[K [01;31m[Kerror: [m[K‚Äò[01m[Krobot_model_[m[K‚Äô was not declared in this scope
[5.724s]   106 |         this->get_parameter("robot_model_", [01;31m[Krobot_model_[m[K);
[5.724s]       |                                             [01;31m[K^~~~~~~~~~~~[m[K
[5.739s] [01m[K/home/pyh/Documents/ros2_ws/RobotAD_Issac_ws/src/nuscenes_data_collector/include/nuscenes_data_collector/nuscenes_data_collector_issac.hpp:107:42:[m[K [01;31m[Kerror: [m[K‚Äò[01m[Kmap_name_[m[K‚Äô was not declared in this scope
[5.739s]   107 |         this->get_parameter("map_name_", [01;31m[Kmap_name_[m[K);
[5.739s]       |                                          [01;31m[K^~~~~~~~~[m[K
[5.781s] [01m[K/home/pyh/Documents/ros2_ws/RobotAD_Issac_ws/src/nuscenes_data_collector/include/nuscenes_data_collector/nuscenes_data_collector_issac.hpp:109:53:[m[K [01;31m[Kerror: [m[K‚Äò[01m[Kissac_per_sec_frame_[m[K‚Äô was not declared in this scope
[5.781s]   109 |         this->get_parameter("issac_per_sec_frame_", [01;31m[Kissac_per_sec_frame_[m[K);
[5.781s]       |                                                     [01;31m[K^~~~~~~~~~~~~~~~~~~~[m[K
[5.818s] [01m[K/home/pyh/Documents/ros2_ws/RobotAD_Issac_ws/src/nuscenes_data_collector/include/nuscenes_data_collector/nuscenes_data_collector_issac.hpp:110:50:[m[K [01;31m[Kerror: [m[K‚Äò[01m[Ksample_frequency_[m[K‚Äô was not declared in this scope
[5.819s]   110 |         this->get_parameter("sample_frequency_", [01;31m[Ksample_frequency_[m[K);
[5.819s]       |                                                  [01;31m[K^~~~~~~~~~~~~~~~~[m[K
[5.844s] [01m[K/home/pyh/Documents/ros2_ws/RobotAD_Issac_ws/src/nuscenes_data_collector/include/nuscenes_data_collector/nuscenes_data_collector_issac.hpp:111:48:[m[K [01;31m[Kerror: [m[K‚Äò[01m[Ksample_sensors_[m[K‚Äô was not declared in this scope; did you mean ‚Äò[01m[Kadd_sample_sensors[m[K‚Äô?
[5.844s]   111 |         this->get_parameter("sample_sensors_", [01;31m[Ksample_sensors_[m[K);
[5.844s]       |                                                [01;31m[K^~~~~~~~~~~~~~~[m[K
[5.845s]       |                                                [32m[Kadd_sample_sensors[m[K
[5.878s] [01m[K/home/pyh/Documents/ros2_ws/RobotAD_Issac_ws/src/nuscenes_data_collector/include/nuscenes_data_collector/nuscenes_data_collector_issac.hpp:123:17:[m[K [01;31m[Kerror: [m[K‚Äò[01m[Ksensor_token_map_[m[K‚Äô was not declared in this scope; did you mean ‚Äò[01m[Ksensor_token_map_json[m[K‚Äô?
[5.878s]   123 |                 [01;31m[Ksensor_token_map_[m[K[it.key()] = it.value();
[5.878s]       |                 [01;31m[K^~~~~~~~~~~~~~~~~[m[K
[5.878s]       |                 [32m[Ksensor_token_map_json[m[K
[5.914s] [01m[K/home/pyh/Documents/ros2_ws/RobotAD_Issac_ws/src/nuscenes_data_collector/include/nuscenes_data_collector/nuscenes_data_collector_issac.hpp:128:17:[m[K [01;31m[Kerror: [m[K‚Äò[01m[Kcalibrated_sensor_token_map_[m[K‚Äô was not declared in this scope; did you mean ‚Äò[01m[Kcalibrated_sensor_token_map_json[m[K‚Äô?
[5.914s]   128 |                 [01;31m[Kcalibrated_sensor_token_map_[m[K[it.key()] = it.value();
[5.914s]       |                 [01;31m[K^~~~~~~~~~~~~~~~~~~~~~~~~~~~[m[K
[5.914s]       |                 [32m[Kcalibrated_sensor_token_map_json[m[K
[5.957s] [01m[K/home/pyh/Documents/ros2_ws/RobotAD_Issac_ws/src/nuscenes_data_collector/include/nuscenes_data_collector/nuscenes_data_collector_issac.hpp:136:53:[m[K [01;31m[Kerror: [m[K‚Äò[01m[Ktarget_sample_frame_[m[K‚Äô was not declared in this scope
[5.957s]   136 |         this->get_parameter("target_sample_frame_", [01;31m[Ktarget_sample_frame_[m[K);
[5.957s]       |                                                     [01;31m[K^~~~~~~~~~~~~~~~~~~~[m[K
[5.980s] [01m[K/home/pyh/Documents/ros2_ws/RobotAD_Issac_ws/src/nuscenes_data_collector/include/nuscenes_data_collector/nuscenes_data_collector_issac.hpp:137:45:[m[K [01;31m[Kerror: [m[K‚Äò[01m[Kscene_frame_[m[K‚Äô was not declared in this scope
[5.980s]   137 |         this->get_parameter("scene_frame_", [01;31m[Kscene_frame_[m[K);
[5.980s]       |                                             [01;31m[K^~~~~~~~~~~~[m[K
[6.008s] [01m[K/home/pyh/Documents/ros2_ws/RobotAD_Issac_ws/src/nuscenes_data_collector/include/nuscenes_data_collector/nuscenes_data_collector_issac.hpp:161:41:[m[K [01;31m[Kerror: [m[K‚Äò[01m[Ksensor_token_map_[m[K‚Äô was not declared in this scope; did you mean ‚Äò[01m[Ksensor_token_map_json[m[K‚Äô?
[6.008s]   161 |         for (const auto& [key, value] : [01;31m[Ksensor_token_map_[m[K) {
[6.008s]       |                                         [01;31m[K^~~~~~~~~~~~~~~~~[m[K
[6.008s]       |                                         [32m[Ksensor_token_map_json[m[K
[6.040s] [01m[K/home/pyh/Documents/ros2_ws/RobotAD_Issac_ws/src/nuscenes_data_collector/include/nuscenes_data_collector/nuscenes_data_collector_issac.hpp:167:41:[m[K [01;31m[Kerror: [m[K‚Äò[01m[Kcalibrated_sensor_token_map_[m[K‚Äô was not declared in this scope; did you mean ‚Äò[01m[Kcalibrated_sensor_token_map_json[m[K‚Äô?
[6.040s]   167 |         for (const auto& [key, value] : [01;31m[Kcalibrated_sensor_token_map_[m[K) {
[6.040s]       |                                         [01;31m[K^~~~~~~~~~~~~~~~~~~~~~~~~~~~[m[K
[6.040s]       |                                         [32m[Kcalibrated_sensor_token_map_json[m[K
[6.061s] [01m[K/home/pyh/Documents/ros2_ws/RobotAD_Issac_ws/src/nuscenes_data_collector/include/nuscenes_data_collector/nuscenes_data_collector_issac.hpp:174:13:[m[K [01;31m[Kerror: [m[K‚Äò[01m[Kjson_writer_[m[K‚Äô was not declared in this scope
[6.061s]   174 |         if ([01;31m[Kjson_writer_[m[K.isLoadError()) {
[6.061s]       |             [01;31m[K^~~~~~~~~~~~[m[K
[6.091s] [01m[K/home/pyh/Documents/ros2_ws/RobotAD_Issac_ws/src/nuscenes_data_collector/include/nuscenes_data_collector/nuscenes_data_collector_issac.hpp:187:9:[m[K [01;31m[Kerror: [m[K‚Äò[01m[Kclock_subscription_[m[K‚Äô was not declared in this scope; did you mean ‚Äò[01m[Krcl_subscription_t[m[K‚Äô?
[6.091s]   187 |         [01;31m[Kclock_subscription_[m[K = this->create_subscription<rosgraph_msgs::msg::Clock>(
[6.091s]       |         [01;31m[K^~~~~~~~~~~~~~~~~~~[m[K
[6.091s]       |         [32m[Krcl_subscription_t[m[K
[6.157s] [01m[K/home/pyh/Documents/ros2_ws/RobotAD_Issac_ws/src/nuscenes_data_collector/include/nuscenes_data_collector/nuscenes_data_collector_issac.hpp:196:9:[m[K [01;31m[Kerror: [m[K‚Äò[01m[Kodom_subscription_[m[K‚Äô was not declared in this scope; did you mean ‚Äò[01m[Krmw_subscription_t[m[K‚Äô?
[6.157s]   196 |         [01;31m[Kodom_subscription_[m[K = this->create_subscription<nav_msgs::msg::Odometry>(
[6.157s]       |         [01;31m[K^~~~~~~~~~~~~~~~~~[m[K
[6.157s]       |         [32m[Krmw_subscription_t[m[K
[6.174s] [01m[K/home/pyh/Documents/ros2_ws/RobotAD_Issac_ws/src/nuscenes_data_collector/include/nuscenes_data_collector/nuscenes_data_collector_issac.hpp:197:13:[m[K [01;31m[Kerror: [m[K‚Äò[01m[Kodom_topic_[m[K‚Äô was not declared in this scope; did you mean ‚Äò[01m[Knode_topics_[m[K‚Äô?
[6.174s]   197 |             [01;31m[Kodom_topic_[m[K, qos_profile, [this](const nav_msgs::msg::Odometry::SharedPtr msg) {
[6.174s]       |             [01;31m[K^~~~~~~~~~~[m[K
[6.174s]       |             [32m[Knode_topics_[m[K
[6.208s] [01m[K/home/pyh/Documents/ros2_ws/RobotAD_Issac_ws/src/nuscenes_data_collector/include/nuscenes_data_collector/nuscenes_data_collector_issac.hpp:203:9:[m[K [01;31m[Kerror: [m[K‚Äò[01m[Klidar_subscription_[m[K‚Äô was not declared in this scope; did you mean ‚Äò[01m[Kcreate_subscription[m[K‚Äô?
[6.208s]   203 |         [01;31m[Klidar_subscription_[m[K = this->create_subscription<sensor_msgs::msg::PointCloud2>(
[6.209s]       |         [01;31m[K^~~~~~~~~~~~~~~~~~~[m[K
[6.209s]       |         [32m[Kcreate_subscription[m[K
[6.232s] [01m[K/home/pyh/Documents/ros2_ws/RobotAD_Issac_ws/src/nuscenes_data_collector/include/nuscenes_data_collector/nuscenes_data_collector_issac.hpp:204:13:[m[K [01;31m[Kerror: [m[K‚Äò[01m[Klidar_topic_[m[K‚Äô was not declared in this scope
[6.232s]   204 |             [01;31m[Klidar_topic_[m[K, qos_profile, [this](const sensor_msgs::msg::PointCloud2::SharedPtr msg) {
[6.232s]       |             [01;31m[K^~~~~~~~~~~~[m[K
[6.259s] [01m[K/home/pyh/Documents/ros2_ws/RobotAD_Issac_ws/src/nuscenes_data_collector/include/nuscenes_data_collector/nuscenes_data_collector_issac.hpp:210:9:[m[K [01;31m[Kerror: [m[K‚Äò[01m[Kimu_subscription_[m[K‚Äô was not declared in this scope; did you mean ‚Äò[01m[Krmw_subscription_t[m[K‚Äô?
[6.260s]   210 |         [01;31m[Kimu_subscription_[m[K = this->create_subscription<sensor_msgs::msg::Imu>(
[6.260s]       |         [01;31m[K^~~~~~~~~~~~~~~~~[m[K
[6.260s]       |         [32m[Krmw_subscription_t[m[K
[6.276s] [01m[K/home/pyh/Documents/ros2_ws/RobotAD_Issac_ws/src/nuscenes_data_collector/include/nuscenes_data_collector/nuscenes_data_collector_issac.hpp:211:13:[m[K [01;31m[Kerror: [m[K‚Äò[01m[Kimu_topic_[m[K‚Äô was not declared in this scope
[6.276s]   211 |             [01;31m[Kimu_topic_[m[K,        // ÊõøÊç¢‰∏∫ÊÇ®ÁöÑ IMU ‰∏ªÈ¢òÂêçÁß∞Ôºå‰æãÂ¶Ç "/sensor/imu"
[6.276s]       |             [01;31m[K^~~~~~~~~~[m[K
[6.302s] [01m[K/home/pyh/Documents/ros2_ws/RobotAD_Issac_ws/src/nuscenes_data_collector/include/nuscenes_data_collector/nuscenes_data_collector_issac.hpp:219:21:[m[K [01;31m[Kerror: [m[K‚Äò[01m[Kcamera_names_[m[K‚Äô was not declared in this scope
[6.302s]   219 |         for(auto c: [01;31m[Kcamera_names_[m[K) add_sample_sensors(c);
[6.302s]       |                     [01;31m[K^~~~~~~~~~~~~[m[K
[6.344s] [01m[K/home/pyh/Documents/ros2_ws/RobotAD_Issac_ws/src/nuscenes_data_collector/include/nuscenes_data_collector/nuscenes_data_collector_issac.hpp:222:13:[m[K [01;31m[Kerror: [m[K‚Äò[01m[Kdevices_frame_count_[m[K‚Äô was not declared in this scope
[6.345s]   222 |             [01;31m[Kdevices_frame_count_[m[K[device] = 0;
[6.345s]       |             [01;31m[K^~~~~~~~~~~~~~~~~~~~[m[K
[6.376s] [01m[K/home/pyh/Documents/ros2_ws/RobotAD_Issac_ws/src/nuscenes_data_collector/include/nuscenes_data_collector/nuscenes_data_collector_issac.hpp:223:13:[m[K [01;31m[Kerror: [m[K‚Äò[01m[Ksample_triggers_[m[K‚Äô was not declared in this scope
[6.376s]   223 |             [01;31m[Ksample_triggers_[m[K[device] = true;
[6.376s]       |             [01;31m[K^~~~~~~~~~~~~~~~[m[K
[6.409s] [01m[K/home/pyh/Documents/ros2_ws/RobotAD_Issac_ws/src/nuscenes_data_collector/include/nuscenes_data_collector/nuscenes_data_collector_issac.hpp:224:13:[m[K [01;31m[Kerror: [m[K‚Äò[01m[Ksample_done_sign_[m[K‚Äô was not declared in this scope
[6.409s]   224 |             [01;31m[Ksample_done_sign_[m[K[device] = false;
[6.409s]       |             [01;31m[K^~~~~~~~~~~~~~~~~[m[K
[6.460s] [01m[K/home/pyh/Documents/ros2_ws/RobotAD_Issac_ws/src/nuscenes_data_collector/include/nuscenes_data_collector/nuscenes_data_collector_issac.hpp:226:9:[m[K [01;31m[Kerror: [m[K‚Äò[01m[Kstart_system_time_token_[m[K‚Äô was not declared in this scope
[6.460s]   226 |         [01;31m[Kstart_system_time_token_[m[K = get_cur_system_time();
[6.460s]       |         [01;31m[K^~~~~~~~~~~~~~~~~~~~~~~~[m[K
[6.496s] [01m[K/home/pyh/Documents/ros2_ws/RobotAD_Issac_ws/src/nuscenes_data_collector/include/nuscenes_data_collector/nuscenes_data_collector_issac.hpp:226:36:[m[K [01;31m[Kerror: [m[K‚Äò[01m[Kget_cur_system_time[m[K‚Äô was not declared in this scope
[6.496s]   226 |         start_system_time_token_ = [01;31m[Kget_cur_system_time[m[K();
[6.496s]       |                                    [01;31m[K^~~~~~~~~~~~~~~~~~~[m[K
[6.541s] [01m[K/home/pyh/Documents/ros2_ws/RobotAD_Issac_ws/src/nuscenes_data_collector/include/nuscenes_data_collector/nuscenes_data_collector_issac.hpp:227:9:[m[K [01;31m[Kerror: [m[K‚Äò[01m[Kscene_sample_frame_count_[m[K‚Äô was not declared in this scope
[6.542s]   227 |         [01;31m[Kscene_sample_frame_count_[m[K = 0;
[6.542s]       |         [01;31m[K^~~~~~~~~~~~~~~~~~~~~~~~~[m[K
[6.575s] [01m[K/home/pyh/Documents/ros2_ws/RobotAD_Issac_ws/src/nuscenes_data_collector/include/nuscenes_data_collector/nuscenes_data_collector_issac.hpp:229:9:[m[K [01;31m[Kerror: [m[K‚Äò[01m[Klast_sample_time_[m[K‚Äô was not declared in this scope
[6.576s]   229 |         [01;31m[Klast_sample_time_[m[K = rclcpp::Time(0);
[6.576s]       |         [01;31m[K^~~~~~~~~~~~~~~~~[m[K
[6.599s] [01m[K/home/pyh/Documents/ros2_ws/RobotAD_Issac_ws/src/nuscenes_data_collector/include/nuscenes_data_collector/nuscenes_data_collector_issac.hpp:230:9:[m[K [01;31m[Kerror: [m[K‚Äò[01m[Ksample_frame_[m[K‚Äô was not declared in this scope
[6.599s]   230 |         [01;31m[Ksample_frame_[m[K = 0;
[6.599s]       |         [01;31m[K^~~~~~~~~~~~~[m[K
[6.626s] [01m[K/home/pyh/Documents/ros2_ws/RobotAD_Issac_ws/src/nuscenes_data_collector/include/nuscenes_data_collector/nuscenes_data_collector_issac.hpp:231:9:[m[K [01;31m[Kerror: [m[K‚Äò[01m[Kcur_scene_num_[m[K‚Äô was not declared in this scope
[6.626s]   231 |         [01;31m[Kcur_scene_num_[m[K = 0;
[6.626s]       |         [01;31m[K^~~~~~~~~~~~~~[m[K
[6.643s] [01m[K/home/pyh/Documents/ros2_ws/RobotAD_Issac_ws/src/nuscenes_data_collector/include/nuscenes_data_collector/nuscenes_data_collector_issac.hpp:234:9:[m[K [01;31m[Kerror: [m[K‚Äò[01m[Klog_token_[m[K‚Äô was not declared in this scope
[6.643s]   234 |         [01;31m[Klog_token_[m[K = map_name_ + start_system_time_token_;
[6.643s]       |         [01;31m[K^~~~~~~~~~[m[K
[6.666s] [01m[K/home/pyh/Documents/ros2_ws/RobotAD_Issac_ws/src/nuscenes_data_collector/include/nuscenes_data_collector/nuscenes_data_collector_issac.hpp:241:9:[m[K [01;31m[Kerror: [m[K‚Äò[01m[Kjson_writer_[m[K‚Äô was not declared in this scope
[6.666s]   241 |         [01;31m[Kjson_writer_[m[K.addKeyValuePairToJson("log", log_json, true);
[6.666s]       |         [01;31m[K^~~~~~~~~~~~[m[K
[6.677s] [01m[K/home/pyh/Documents/ros2_ws/RobotAD_Issac_ws/src/nuscenes_data_collector/include/nuscenes_data_collector/nuscenes_data_collector_issac.hpp:243:9:[m[K [01;31m[Kerror: [m[K‚Äò[01m[Kmap_write[m[K‚Äô was not declared in this scope; did you mean ‚Äò[01m[Kpwrite[m[K‚Äô?
[6.677s]   243 |         [01;31m[Kmap_write[m[K(log_json, root_path_+"/map.json", map_name_);
[6.678s]       |         [01;31m[K^~~~~~~~~[m[K
[6.678s]       |         [32m[Kpwrite[m[K
[6.703s] [01m[K/home/pyh/Documents/ros2_ws/RobotAD_Issac_ws/src/nuscenes_data_collector/include/nuscenes_data_collector/nuscenes_data_collector_issac.hpp:[m[K In member function ‚Äò[01m[Kvoid NuScenesDataCollectorIssac::add_sample_sensors(std::string)[m[K‚Äô:
[6.703s] [01m[K/home/pyh/Documents/ros2_ws/RobotAD_Issac_ws/src/nuscenes_data_collector/include/nuscenes_data_collector/nuscenes_data_collector_issac.hpp:250:9:[m[K [01;31m[Kerror: [m[K‚Äò[01m[Ksample_sensors_[m[K‚Äô was not declared in this scope; did you mean ‚Äò[01m[Kadd_sample_sensors[m[K‚Äô?
[6.703s]   250 |         [01;31m[Ksample_sensors_[m[K.emplace_back(device_name);
[6.703s]       |         [01;31m[K^~~~~~~~~~~~~~~[m[K
[6.703s]       |         [32m[Kadd_sample_sensors[m[K
[6.726s] [01m[K/home/pyh/Documents/ros2_ws/RobotAD_Issac_ws/src/nuscenes_data_collector/include/nuscenes_data_collector/nuscenes_data_collector_issac.hpp:[m[K In member function ‚Äò[01m[Kvoid NuScenesDataCollectorIssac::declare_parameters()[m[K‚Äô:
[6.726s] [01m[K/home/pyh/Documents/ros2_ws/RobotAD_Issac_ws/src/nuscenes_data_collector/include/nuscenes_data_collector/nuscenes_data_collector_issac.hpp:259:9:[m[K [01;31m[Kerror: [m[K‚Äò[01m[Kcamera_names_[m[K‚Äô was not declared in this scope
[6.726s]   259 |         [01;31m[Kcamera_names_[m[K = {"CAM_FRONT", "CAM_FRONT_RIGHT", "CAM_FRONT_LEFT", "CAM_BACK", "CAM_BACK_LEFT", "CAM_BACK_RIGHT"};
[6.726s]       |         [01;31m[K^~~~~~~~~~~~~[m[K
[6.747s] [01m[K/home/pyh/Documents/ros2_ws/RobotAD_Issac_ws/src/nuscenes_data_collector/include/nuscenes_data_collector/nuscenes_data_collector_issac.hpp:261:13:[m[K [01;31m[Kerror: [m[K‚Äò[01m[Kcamera_topics_[m[K‚Äô was not declared in this scope; did you mean ‚Äò[01m[Knode_topics_[m[K‚Äô?
[6.747s]   261 |             [01;31m[Kcamera_topics_[m[K[camera] = "/issac/" + camera;
[6.747s]       |             [01;31m[K^~~~~~~~~~~~~~[m[K
[6.747s]       |             [32m[Knode_topics_[m[K
[6.769s] [01m[K/home/pyh/Documents/ros2_ws/RobotAD_Issac_ws/src/nuscenes_data_collector/include/nuscenes_data_collector/nuscenes_data_collector_issac.hpp:264:13:[m[K [01;31m[Kerror: [m[K‚Äò[01m[Kbbox3d_topics_[m[K‚Äô was not declared in this scope; did you mean ‚Äò[01m[Knode_topics_[m[K‚Äô?
[6.769s]   264 |             [01;31m[Kbbox3d_topics_[m[K[camera] = "/issac/" + camera + "/bbox3d";
[6.769s]       |             [01;31m[K^~~~~~~~~~~~~~[m[K
[6.769s]       |             [32m[Knode_topics_[m[K
[6.784s] [01m[K/home/pyh/Documents/ros2_ws/RobotAD_Issac_ws/src/nuscenes_data_collector/include/nuscenes_data_collector/nuscenes_data_collector_issac.hpp:268:9:[m[K [01;31m[Kerror: [m[K‚Äò[01m[Kodom_topic_[m[K‚Äô was not declared in this scope; did you mean ‚Äò[01m[Knode_topics_[m[K‚Äô?
[6.784s]   268 |         [01;31m[Kodom_topic_[m[K = "/issac/nuscenes/odom";
[6.785s]       |         [01;31m[K^~~~~~~~~~~[m[K
[6.785s]       |         [32m[Knode_topics_[m[K
[6.806s] [01m[K/home/pyh/Documents/ros2_ws/RobotAD_Issac_ws/src/nuscenes_data_collector/include/nuscenes_data_collector/nuscenes_data_collector_issac.hpp:270:9:[m[K [01;31m[Kerror: [m[K‚Äò[01m[Klidar_topic_[m[K‚Äô was not declared in this scope
[6.806s]   270 |         [01;31m[Klidar_topic_[m[K = "/issac/nuscenes/point_cloud";
[6.806s]       |         [01;31m[K^~~~~~~~~~~~[m[K
[6.823s] [01m[K/home/pyh/Documents/ros2_ws/RobotAD_Issac_ws/src/nuscenes_data_collector/include/nuscenes_data_collector/nuscenes_data_collector_issac.hpp:272:9:[m[K [01;31m[Kerror: [m[K‚Äò[01m[Kimu_topic_[m[K‚Äô was not declared in this scope
[6.823s]   272 |         [01;31m[Kimu_topic_[m[K = "/issac/nuscenes/imu";
[6.823s]       |         [01;31m[K^~~~~~~~~~[m[K
[6.845s] [01m[K/home/pyh/Documents/ros2_ws/RobotAD_Issac_ws/src/nuscenes_data_collector/include/nuscenes_data_collector/nuscenes_data_collector_issac.hpp:[m[K In member function ‚Äò[01m[Kvoid NuScenesDataCollectorIssac::initialize_sync_camera_bbox3d_subscriptions()[m[K‚Äô:
[6.845s] [01m[K/home/pyh/Documents/ros2_ws/RobotAD_Issac_ws/src/nuscenes_data_collector/include/nuscenes_data_collector/nuscenes_data_collector_issac.hpp:302:35:[m[K [01;31m[Kerror: [m[K‚Äò[01m[Kcamera_names_[m[K‚Äô was not declared in this scope
[6.845s]   302 |         for (const auto &camera : [01;31m[Kcamera_names_[m[K) {
[6.845s]       |                                   [01;31m[K^~~~~~~~~~~~~[m[K
[6.867s] [01m[K/home/pyh/Documents/ros2_ws/RobotAD_Issac_ws/src/nuscenes_data_collector/include/nuscenes_data_collector/nuscenes_data_collector_issac.hpp:305:23:[m[K [01;31m[Kerror: [m[K‚Äò[01m[Kcamera_topics_[m[K‚Äô was not declared in this scope; did you mean ‚Äò[01m[Knode_topics_[m[K‚Äô?
[6.867s]   305 |                 this, [01;31m[Kcamera_topics_[m[K[camera], rmw_qos_profile_sensor_data);
[6.867s]       |                       [01;31m[K^~~~~~~~~~~~~~[m[K
[6.867s]       |                       [32m[Knode_topics_[m[K
[6.888s] [01m[K/home/pyh/Documents/ros2_ws/RobotAD_Issac_ws/src/nuscenes_data_collector/include/nuscenes_data_collector/nuscenes_data_collector_issac.hpp:307:23:[m[K [01;31m[Kerror: [m[K‚Äò[01m[Kbbox3d_topics_[m[K‚Äô was not declared in this scope; did you mean ‚Äò[01m[Knode_topics_[m[K‚Äô?
[6.888s]   307 |                 this, [01;31m[Kbbox3d_topics_[m[K[camera], rmw_qos_profile_sensor_data);
[6.888s]       |                       [01;31m[K^~~~~~~~~~~~~~[m[K
[6.888s]       |                       [32m[Knode_topics_[m[K
[6.907s] [01m[K/home/pyh/Documents/ros2_ws/RobotAD_Issac_ws/src/nuscenes_data_collector/include/nuscenes_data_collector/nuscenes_data_collector_issac.hpp:309:13:[m[K [01;31m[Kerror: [m[K‚Äò[01m[Kimage_subs_[m[K‚Äô was not declared in this scope
[6.907s]   309 |             [01;31m[Kimage_subs_[m[K.push_back(image_sub);
[6.907s]       |             [01;31m[K^~~~~~~~~~~[m[K
[6.927s] [01m[K/home/pyh/Documents/ros2_ws/RobotAD_Issac_ws/src/nuscenes_data_collector/include/nuscenes_data_collector/nuscenes_data_collector_issac.hpp:310:13:[m[K [01;31m[Kerror: [m[K‚Äò[01m[Kbbox3d_subs_[m[K‚Äô was not declared in this scope
[6.927s]   310 |             [01;31m[Kbbox3d_subs_[m[K.push_back(bbox3d_sub);
[6.927s]       |             [01;31m[K^~~~~~~~~~~~[m[K
[6.962s] [01m[K/home/pyh/Documents/ros2_ws/RobotAD_Issac_ws/src/nuscenes_data_collector/include/nuscenes_data_collector/nuscenes_data_collector_issac.hpp:327:13:[m[K [01;31m[Kerror: [m[K‚Äò[01m[Ksynchronizers_[m[K‚Äô was not declared in this scope
[6.962s]   327 |             [01;31m[Ksynchronizers_[m[K.push_back(sync);
[6.962s]       |             [01;31m[K^~~~~~~~~~~~~~[m[K
[6.992s] [01m[K/home/pyh/Documents/ros2_ws/RobotAD_Issac_ws/src/nuscenes_data_collector/include/nuscenes_data_collector/nuscenes_data_collector_issac.hpp:[m[K In member function ‚Äò[01m[Kvoid NuScenesDataCollectorIssac::synced_camera_bbox3d_callback(const ConstSharedPtr&, const ConstSharedPtr&, const string&)[m[K‚Äô:
[6.992s] [01m[K/home/pyh/Documents/ros2_ws/RobotAD_Issac_ws/src/nuscenes_data_collector/include/nuscenes_data_collector/nuscenes_data_collector_issac.hpp:340:13:[m[K [01;31m[Kerror: [m[K‚Äò[01m[Ksample_triggers_[m[K‚Äô was not declared in this scope
[6.992s]   340 |             [01;31m[Ksample_triggers_[m[K[camera_name] = false;
[6.992s]       |             [01;31m[K^~~~~~~~~~~~~~~~[m[K
[7.022s] [01m[K/home/pyh/Documents/ros2_ws/RobotAD_Issac_ws/src/nuscenes_data_collector/include/nuscenes_data_collector/nuscenes_data_collector_issac.hpp:341:13:[m[K [01;31m[Kerror: [m[K‚Äò[01m[Ksample_done_sign_[m[K‚Äô was not declared in this scope
[7.022s]   341 |             [01;31m[Ksample_done_sign_[m[K[camera_name] = true;
[7.022s]       |             [01;31m[K^~~~~~~~~~~~~~~~~[m[K
[7.053s] [01m[K/home/pyh/Documents/ros2_ws/RobotAD_Issac_ws/src/nuscenes_data_collector/include/nuscenes_data_collector/nuscenes_data_collector_issac.hpp:[m[K In member function ‚Äò[01m[Kvoid NuScenesDataCollectorIssac::lidar_callback(sensor_msgs::msg::PointCloud2_<std::allocator<void> >::SharedPtr, const string&)[m[K‚Äô:
[7.053s] [01m[K/home/pyh/Documents/ros2_ws/RobotAD_Issac_ws/src/nuscenes_data_collector/include/nuscenes_data_collector/nuscenes_data_collector_issac.hpp:352:13:[m[K [01;31m[Kerror: [m[K‚Äò[01m[Ksample_triggers_[m[K‚Äô was not declared in this scope
[7.053s]   352 |             [01;31m[Ksample_triggers_[m[K[device_name] = false;
[7.053s]       |             [01;31m[K^~~~~~~~~~~~~~~~[m[K
[7.083s] [01m[K/home/pyh/Documents/ros2_ws/RobotAD_Issac_ws/src/nuscenes_data_collector/include/nuscenes_data_collector/nuscenes_data_collector_issac.hpp:353:13:[m[K [01;31m[Kerror: [m[K‚Äò[01m[Ksample_done_sign_[m[K‚Äô was not declared in this scope
[7.083s]   353 |             [01;31m[Ksample_done_sign_[m[K[device_name] = true;
[7.083s]       |             [01;31m[K^~~~~~~~~~~~~~~~~[m[K
[7.115s] [01m[K/home/pyh/Documents/ros2_ws/RobotAD_Issac_ws/src/nuscenes_data_collector/include/nuscenes_data_collector/nuscenes_data_collector_issac.hpp:[m[K In member function ‚Äò[01m[Kvoid NuScenesDataCollectorIssac::clock_callback(rosgraph_msgs::msg::Clock_<std::allocator<void> >::SharedPtr)[m[K‚Äô:
[7.115s] [01m[K/home/pyh/Documents/ros2_ws/RobotAD_Issac_ws/src/nuscenes_data_collector/include/nuscenes_data_collector/nuscenes_data_collector_issac.hpp:365:49:[m[K [01;31m[Kerror: [m[K‚Äò[01m[Klast_sample_time_[m[K‚Äô was not declared in this scope
[7.115s]   365 |         rclcpp::Duration time_diff = cur_time - [01;31m[Klast_sample_time_[m[K;
[7.115s]       |                                                 [01;31m[K^~~~~~~~~~~~~~~~~[m[K
[7.139s] [01m[K/home/pyh/Documents/ros2_ws/RobotAD_Issac_ws/src/nuscenes_data_collector/include/nuscenes_data_collector/nuscenes_data_collector_issac.hpp:367:13:[m[K [01;31m[Kerror: [m[K‚Äò[01m[Ksample_frame_[m[K‚Äô was not declared in this scope
[7.139s]   367 |         if ([01;31m[Ksample_frame_[m[K >= target_sample_frame_) {
[7.139s]       |             [01;31m[K^~~~~~~~~~~~~[m[K
[7.176s] [01m[K/home/pyh/Documents/ros2_ws/RobotAD_Issac_ws/src/nuscenes_data_collector/include/nuscenes_data_collector/nuscenes_data_collector_issac.hpp:367:30:[m[K [01;31m[Kerror: [m[K‚Äò[01m[Ktarget_sample_frame_[m[K‚Äô was not declared in this scope
[7.176s]   367 |         if (sample_frame_ >= [01;31m[Ktarget_sample_frame_[m[K) {
[7.176s]       |                              [01;31m[K^~~~~~~~~~~~~~~~~~~~[m[K
[7.216s] [01m[K/home/pyh/Documents/ros2_ws/RobotAD_Issac_ws/src/nuscenes_data_collector/include/nuscenes_data_collector/nuscenes_data_collector_issac.hpp:368:13:[m[K [01;31m[Kerror: [m[K‚Äò[01m[Knode_shutdown_callback[m[K‚Äô was not declared in this scope
[7.216s]   368 |             [01;31m[Knode_shutdown_callback[m[K();
[7.216s]       |             [01;31m[K^~~~~~~~~~~~~~~~~~~~~~[m[K
[7.254s] [01m[K/home/pyh/Documents/ros2_ws/RobotAD_Issac_ws/src/nuscenes_data_collector/include/nuscenes_data_collector/nuscenes_data_collector_issac.hpp:374:35:[m[K [01;31m[Kerror: [m[K‚Äò[01m[Kcheck_sample_done[m[K‚Äô was not declared in this scope; did you mean ‚Äò[01m[Kis_sample_done[m[K‚Äô?
[7.254s]   374 |             bool is_sample_done = [01;31m[Kcheck_sample_done[m[K();
[7.254s]       |                                   [01;31m[K^~~~~~~~~~~~~~~~~[m[K
[7.254s]       |                                   [32m[Kis_sample_done[m[K
[7.279s] [01m[K/home/pyh/Documents/ros2_ws/RobotAD_Issac_ws/src/nuscenes_data_collector/include/nuscenes_data_collector/nuscenes_data_collector_issac.hpp:376:17:[m[K [01;31m[Kerror: [m[K‚Äò[01m[Ksample_frame_[m[K‚Äô was not declared in this scope
[7.279s]   376 |                 [01;31m[Ksample_frame_[m[K++;
[7.279s]       |                 [01;31m[K^~~~~~~~~~~~~[m[K
[7.317s] [01m[K/home/pyh/Documents/ros2_ws/RobotAD_Issac_ws/src/nuscenes_data_collector/include/nuscenes_data_collector/nuscenes_data_collector_issac.hpp:377:37:[m[K [01;31m[Kerror: [m[K‚Äò[01m[Ktarget_sample_frame_[m[K‚Äô was not declared in this scope
[7.317s]   377 |                 if (sample_frame_ > [01;31m[Ktarget_sample_frame_[m[K) {
[7.317s]       |                                     [01;31m[K^~~~~~~~~~~~~~~~~~~~[m[K
[7.357s] [01m[K/home/pyh/Documents/ros2_ws/RobotAD_Issac_ws/src/nuscenes_data_collector/include/nuscenes_data_collector/nuscenes_data_collector_issac.hpp:378:21:[m[K [01;31m[Kerror: [m[K‚Äò[01m[Knode_shutdown_callback[m[K‚Äô was not declared in this scope
[7.357s]   378 |                     [01;31m[Knode_shutdown_callback[m[K();
[7.358s]       |                     [01;31m[K^~~~~~~~~~~~~~~~~~~~~~[m[K
[7.387s] [01m[K/home/pyh/Documents/ros2_ws/RobotAD_Issac_ws/src/nuscenes_data_collector/include/nuscenes_data_collector/nuscenes_data_collector_issac.hpp:383:42:[m[K [01;31m[Kerror: [m[K‚Äò[01m[Ksample_triggers_[m[K‚Äô was not declared in this scope
[7.387s]   383 |                     for (auto& trigger : [01;31m[Ksample_triggers_[m[K) {
[7.387s]       |                                          [01;31m[K^~~~~~~~~~~~~~~~[m[K
[7.408s] [01m[K/home/pyh/Documents/ros2_ws/RobotAD_Issac_ws/src/nuscenes_data_collector/include/nuscenes_data_collector/nuscenes_data_collector_issac.hpp:393:62:[m[K [01;31m[Kerror: [m[K‚Äò[01m[Ksample_frame_[m[K‚Äô was not declared in this scope
[7.408s]   393 |             std::string sample_token = generate_sample_token([01;31m[Ksample_frame_[m[K, start_system_time_token_);
[7.408s]       |                                                              [01;31m[K^~~~~~~~~~~~~[m[K
[7.452s] [01m[K/home/pyh/Documents/ros2_ws/RobotAD_Issac_ws/src/nuscenes_data_collector/include/nuscenes_data_collector/nuscenes_data_collector_issac.hpp:393:77:[m[K [01;31m[Kerror: [m[K‚Äò[01m[Kstart_system_time_token_[m[K‚Äô was not declared in this scope
[7.452s]   393 |             std::string sample_token = generate_sample_token(sample_frame_, [01;31m[Kstart_system_time_token_[m[K);
[7.452s]       |                                                                             [01;31m[K^~~~~~~~~~~~~~~~~~~~~~~~[m[K
[7.492s] [01m[K/home/pyh/Documents/ros2_ws/RobotAD_Issac_ws/src/nuscenes_data_collector/include/nuscenes_data_collector/nuscenes_data_collector_issac.hpp:394:13:[m[K [01;31m[Kerror: [m[K‚Äò[01m[Ksample_recorder_cache[m[K‚Äô was not declared in this scope
[7.492s]   394 |             [01;31m[Ksample_recorder_cache[m[K.first = timestamp;
[7.492s]       |             [01;31m[K^~~~~~~~~~~~~~~~~~~~~[m[K
[7.525s] [01m[K/home/pyh/Documents/ros2_ws/RobotAD_Issac_ws/src/nuscenes_data_collector/include/nuscenes_data_collector/nuscenes_data_collector_issac.hpp:[m[K In member function ‚Äò[01m[Kvoid NuScenesDataCollectorIssac::save_data(const T&, const string&)[m[K‚Äô:
[7.525s] [01m[K/home/pyh/Documents/ros2_ws/RobotAD_Issac_ws/src/nuscenes_data_collector/include/nuscenes_data_collector/nuscenes_data_collector_issac.hpp:420:22:[m[K [01;31m[Kerror: [m[K‚Äò[01m[Klatest_ego_pose_[m[K‚Äô was not declared in this scope
[7.525s]   420 |                 if (![01;31m[Klatest_ego_pose_[m[K.empty()) {
[7.525s]       |                      [01;31m[K^~~~~~~~~~~~~~~~[m[K
[7.555s] [01m[K/home/pyh/Documents/ros2_ws/RobotAD_Issac_ws/src/nuscenes_data_collector/include/nuscenes_data_collector/nuscenes_data_collector_issac.hpp:425:19:[m[K [01;31m[Kerror: [m[K‚Äò[01m[Klatest_ego_pose_[m[K‚Äô was not declared in this scope
[7.555s]   425 |             if ((![01;31m[Klatest_ego_pose_[m[K.empty()) && (!latest_imu_.empty())) {
[7.555s]       |                   [01;31m[K^~~~~~~~~~~~~~~~[m[K
[7.575s] [01m[K/home/pyh/Documents/ros2_ws/RobotAD_Issac_ws/src/nuscenes_data_collector/include/nuscenes_data_collector/nuscenes_data_collector_issac.hpp:425:50:[m[K [01;31m[Kerror: [m[K‚Äò[01m[Klatest_imu_[m[K‚Äô was not declared in this scope
[7.576s]   425 |             if ((!latest_ego_pose_.empty()) && (![01;31m[Klatest_imu_[m[K.empty())) {
[7.576s]       |                                                  [01;31m[K^~~~~~~~~~~[m[K
[7.611s] [01m[K/home/pyh/Documents/ros2_ws/RobotAD_Issac_ws/src/nuscenes_data_collector/include/nuscenes_data_collector/nuscenes_data_collector_issac.hpp:[m[K In member function ‚Äò[01m[Kvoid NuScenesDataCollectorIssac::save_odom_data(std::shared_ptr<nav_msgs::msg::Odometry_<std::allocator<void> > >)[m[K‚Äô:
[7.611s] [01m[K/home/pyh/Documents/ros2_ws/RobotAD_Issac_ws/src/nuscenes_data_collector/include/nuscenes_data_collector/nuscenes_data_collector_issac.hpp:462:9:[m[K [01;31m[Kerror: [m[K‚Äò[01m[Klatest_ego_pose_[m[K‚Äô was not declared in this scope
[7.611s]   462 |         [01;31m[Klatest_ego_pose_[m[K = ego_pose_data;
[7.611s]       |         [01;31m[K^~~~~~~~~~~~~~~~[m[K
[7.634s] [01m[K/home/pyh/Documents/ros2_ws/RobotAD_Issac_ws/src/nuscenes_data_collector/include/nuscenes_data_collector/nuscenes_data_collector_issac.hpp:[m[K In member function ‚Äò[01m[Kvoid NuScenesDataCollectorIssac::save_imu_data(std::shared_ptr<sensor_msgs::msg::Imu_<std::allocator<void> > >)[m[K‚Äô:
[7.634s] [01m[K/home/pyh/Documents/ros2_ws/RobotAD_Issac_ws/src/nuscenes_data_collector/include/nuscenes_data_collector/nuscenes_data_collector_issac.hpp:484:9:[m[K [01;31m[Kerror: [m[K‚Äò[01m[Klatest_imu_[m[K‚Äô was not declared in this scope
[7.634s]   484 |         [01;31m[Klatest_imu_[m[K["linear_accel"] = linear_accel_json;  // Á∫øÊÄßÂä†ÈÄüÂ∫¶
[7.634s]       |         [01;31m[K^~~~~~~~~~~[m[K
[7.666s] [01m[K/home/pyh/Documents/ros2_ws/RobotAD_Issac_ws/src/nuscenes_data_collector/include/nuscenes_data_collector/nuscenes_data_collector_issac.hpp:487:30:[m[K [01;31m[Kerror: [m[K‚Äò[01m[Klatest_ego_pose_[m[K‚Äô was not declared in this scope
[7.666s]   487 |         latest_imu_["pos"] = [01;31m[Klatest_ego_pose_[m[K["translation"];  // ‰ΩçÁΩÆ
[7.666s]       |                              [01;31m[K^~~~~~~~~~~~~~~~[m[K
[7.697s] [01m[K/home/pyh/Documents/ros2_ws/RobotAD_Issac_ws/src/nuscenes_data_collector/include/nuscenes_data_collector/nuscenes_data_collector_issac.hpp:[m[K In member function ‚Äò[01m[Kvoid NuScenesDataCollectorIssac::save_image_data(const std::shared_ptr<const sensor_msgs::msg::Image_<std::allocator<void> > >&, const string&)[m[K‚Äô:
[7.697s] [01m[K/home/pyh/Documents/ros2_ws/RobotAD_Issac_ws/src/nuscenes_data_collector/include/nuscenes_data_collector/nuscenes_data_collector_issac.hpp:496:34:[m[K [01;31m[Kerror: [m[K‚Äò[01m[Ksample_triggers_[m[K‚Äô was not declared in this scope
[7.697s]   496 |         std::string data_type = ([01;31m[Ksample_triggers_[m[K[device_name] == true) ? "samples" : "sweeps";
[7.697s]       |                                  [01;31m[K^~~~~~~~~~~~~~~~[m[K
[7.715s] [01m[K/home/pyh/Documents/ros2_ws/RobotAD_Issac_ws/src/nuscenes_data_collector/include/nuscenes_data_collector/nuscenes_data_collector_issac.hpp:499:35:[m[K [01;31m[Kerror: [m[K‚Äò[01m[Kroot_path_[m[K‚Äô was not declared in this scope
[7.715s]   499 |         std::string folder_path = [01;31m[Kroot_path_[m[K + "/" + data_type + "/" + device_name;
[7.716s]       |                                   [01;31m[K^~~~~~~~~~[m[K
[7.760s] [01m[K/home/pyh/Documents/ros2_ws/RobotAD_Issac_ws/src/nuscenes_data_collector/include/nuscenes_data_collector/nuscenes_data_collector_issac.hpp:500:9:[m[K [01;31m[Kerror: [m[K‚Äò[01m[Kensure_directory_exists[m[K‚Äô was not declared in this scope
[7.760s]   500 |         [01;31m[Kensure_directory_exists[m[K(folder_path);
[7.760s]       |         [01;31m[K^~~~~~~~~~~~~~~~~~~~~~~[m[K
[7.805s] [01m[K/home/pyh/Documents/ros2_ws/RobotAD_Issac_ws/src/nuscenes_data_collector/include/nuscenes_data_collector/nuscenes_data_collector_issac.hpp:503:37:[m[K [01;31m[Kerror: [m[K‚Äò[01m[Kstart_system_time_token_[m[K‚Äô was not declared in this scope
[7.805s]   503 |         ss << folder_path << '/' << [01;31m[Kstart_system_time_token_[m[K << "__" << device_name << "__" << msg->header.stamp.sec << "_" << msg->header.stamp.nanosec << ".jpg";
[7.805s]       |                                     [01;31m[K^~~~~~~~~~~~~~~~~~~~~~~~[m[K
[7.846s] [01m[K/home/pyh/Documents/ros2_ws/RobotAD_Issac_ws/src/nuscenes_data_collector/include/nuscenes_data_collector/nuscenes_data_collector_issac.hpp:549:13:[m[K [01;31m[Kerror: [m[K‚Äò[01m[Ksample_imgs_cache_[m[K‚Äô was not declared in this scope
[7.846s]   549 |             [01;31m[Ksample_imgs_cache_[m[K[device_name] = {image_save_file, encoded_img};
[7.846s]       |             [01;31m[K^~~~~~~~~~~~~~~~~~[m[K
[7.886s] [01m[K/home/pyh/Documents/ros2_ws/RobotAD_Issac_ws/src/nuscenes_data_collector/include/nuscenes_data_collector/nuscenes_data_collector_issac.hpp:557:63:[m[K [01;31m[Kerror: [m[K‚Äò[01m[Kdevices_frame_count_[m[K‚Äô was not declared in this scope
[7.886s]   557 |         std::string sample_data_token = generate_unique_token([01;31m[Kdevices_frame_count_[m[K[device_name], device_name, start_system_time_token_);
[7.886s]       |                                                               [01;31m[K^~~~~~~~~~~~~~~~~~~~[m[K
[7.917s] [01m[K/home/pyh/Documents/ros2_ws/RobotAD_Issac_ws/src/nuscenes_data_collector/include/nuscenes_data_collector/nuscenes_data_collector_issac.hpp:559:9:[m[K [01;31m[Kerror: [m[K‚Äò[01m[Klatest_ego_pose_[m[K‚Äô was not declared in this scope
[7.917s]   559 |         [01;31m[Klatest_ego_pose_[m[K["token"] = sample_data_token;  // set as sample_data_token
[7.917s]       |         [01;31m[K^~~~~~~~~~~~~~~~[m[K
[7.938s] [01m[K/home/pyh/Documents/ros2_ws/RobotAD_Issac_ws/src/nuscenes_data_collector/include/nuscenes_data_collector/nuscenes_data_collector_issac.hpp:560:9:[m[K [01;31m[Kerror: [m[K‚Äò[01m[Kjson_writer_[m[K‚Äô was not declared in this scope
[7.938s]   560 |         [01;31m[Kjson_writer_[m[K.addKeyValuePairToJson("ego_pose", latest_ego_pose_, true);
[7.938s]       |         [01;31m[K^~~~~~~~~~~~[m[K
[7.959s] [01m[K/home/pyh/Documents/ros2_ws/RobotAD_Issac_ws/src/nuscenes_data_collector/include/nuscenes_data_collector/nuscenes_data_collector_issac.hpp:565:58:[m[K [01;31m[Kerror: [m[K‚Äò[01m[Ksample_frame_[m[K‚Äô was not declared in this scope
[7.959s]   565 |         std::string sample_token = generate_sample_token([01;31m[Ksample_frame_[m[K, start_system_time_token_);
[7.959s]       |                                                          [01;31m[K^~~~~~~~~~~~~[m[K
[7.981s] [01m[K/home/pyh/Documents/ros2_ws/RobotAD_Issac_ws/src/nuscenes_data_collector/include/nuscenes_data_collector/nuscenes_data_collector_issac.hpp:567:13:[m[K [01;31m[Kerror: [m[K‚Äò[01m[Klatest_scene_[m[K‚Äô was not declared in this scope
[7.982s]   567 |         if ([01;31m[Klatest_scene_[m[K.contains("name") && !latest_scene_["name"].get<std::string>().empty()) {
[7.982s]       |             [01;31m[K^~~~~~~~~~~~~[m[K
[7.982s] [01m[K/home/pyh/Documents/ros2_ws/RobotAD_Issac_ws/src/nuscenes_data_collector/include/nuscenes_data_collector/nuscenes_data_collector_issac.hpp:567:85:[m[K [01;31m[Kerror: [m[Kexpected primary-expression before ‚Äò[01m[K>[m[K‚Äô token
[7.982s]   567 |         if (latest_scene_.contains("name") && !latest_scene_["name"].get<std::string[01;31m[K>[m[K().empty()) {
[7.982s]       |                                                                                     [01;31m[K^[m[K
[7.982s] [01m[K/home/pyh/Documents/ros2_ws/RobotAD_Issac_ws/src/nuscenes_data_collector/include/nuscenes_data_collector/nuscenes_data_collector_issac.hpp:567:73:[m[K [01;35m[Kwarning: [m[Klogical not is only applied to the left hand side of comparison [[01;35m[K]8;;https://gcc.gnu.org/onlinedocs/gcc/Warning-Options.html#index-Wlogical-not-parentheses-Wlogical-not-parentheses]8;;[m[K]
[7.982s]   567 |         if (latest_scene_.contains("name") && !latest_scene_["name"].get[01;35m[K<[m[Kstd::string>().empty()) {
[7.982s]       |                                                                         [01;35m[K^[m[K
[7.982s] [01m[K/home/pyh/Documents/ros2_ws/RobotAD_Issac_ws/src/nuscenes_data_collector/include/nuscenes_data_collector/nuscenes_data_collector_issac.hpp:567:87:[m[K [01;31m[Kerror: [m[Kexpected primary-expression before ‚Äò[01m[K)[m[K‚Äô token
[7.982s]   567 |         if (latest_scene_.contains("name") && !latest_scene_["name"].get<std::string>([01;31m[K)[m[K.empty()) {
[7.982s]       |                                                                                       [01;31m[K^[m[K
[8.001s] [01m[K/home/pyh/Documents/ros2_ws/RobotAD_Issac_ws/src/nuscenes_data_collector/include/nuscenes_data_collector/nuscenes_data_collector_issac.hpp:569:65:[m[K [01;31m[Kerror: [m[K‚Äò[01m[Klatest_imu_[m[K‚Äô was not declared in this scope
[8.001s]   569 |             json_writer_.addDataUnderKey("can_bus", scene_name, [01;31m[Klatest_imu_[m[K, true);
[8.001s]       |                                                                 [01;31m[K^~~~~~~~~~~[m[K
[8.033s] [01m[K/home/pyh/Documents/ros2_ws/RobotAD_Issac_ws/src/nuscenes_data_collector/include/nuscenes_data_collector/nuscenes_data_collector_issac.hpp:572:37:[m[K [01;31m[Kerror: [m[K‚Äò[01m[KextractRelativePath[m[K‚Äô was not declared in this scope
[8.033s]   572 |         std::string relative_path = [01;31m[KextractRelativePath[m[K(image_save_file);
[8.033s]       |                                     [01;31m[K^~~~~~~~~~~~~~~~~~~[m[K
[8.067s] [01m[K/home/pyh/Documents/ros2_ws/RobotAD_Issac_ws/src/nuscenes_data_collector/include/nuscenes_data_collector/nuscenes_data_collector_issac.hpp:574:69:[m[K [01;31m[Kerror: [m[K‚Äò[01m[Kcalibrated_sensor_token_map_[m[K‚Äô was not declared in this scope; did you mean ‚Äò[01m[Kcalibrated_sensor_token[m[K‚Äô?
[8.067s]   574 |         std::string calibrated_sensor_token = get_calibration_token([01;31m[Kcalibrated_sensor_token_map_[m[K ,device_name);
[8.067s]       |                                                                     [01;31m[K^~~~~~~~~~~~~~~~~~~~~~~~~~~~[m[K
[8.067s]       |                                                                     [32m[Kcalibrated_sensor_token[m[K
[8.111s] [01m[K/home/pyh/Documents/ros2_ws/RobotAD_Issac_ws/src/nuscenes_data_collector/include/nuscenes_data_collector/nuscenes_data_collector_issac.hpp:591:55:[m[K [01;31m[Kerror: [m[K‚Äò[01m[Kprev_next_sliders_[m[K‚Äô was not declared in this scope
[8.111s]   591 |         generate_prev_next_and_write_json_dynamically([01;31m[Kprev_next_sliders_[m[K,
[8.111s]       |                                                       [01;31m[K^~~~~~~~~~~~~~~~~~[m[K
[8.142s] [01m[K/home/pyh/Documents/ros2_ws/RobotAD_Issac_ws/src/nuscenes_data_collector/include/nuscenes_data_collector/nuscenes_data_collector_issac.hpp:[m[K In member function ‚Äò[01m[Kvoid NuScenesDataCollectorIssac::save_bbox3d_data(const std::shared_ptr<const vision_msgs::msg::Detection3DArray_<std::allocator<void> > >&, const string&)[m[K‚Äô:
[8.143s] [01m[K/home/pyh/Documents/ros2_ws/RobotAD_Issac_ws/src/nuscenes_data_collector/include/nuscenes_data_collector/nuscenes_data_collector_issac.hpp:603:34:[m[K [01;31m[Kerror: [m[K‚Äò[01m[Ksample_triggers_[m[K‚Äô was not declared in this scope
[8.143s]   603 |         std::string data_type = ([01;31m[Ksample_triggers_[m[K[device_name] == true) ? "samples" : "sweeps";
[8.143s]       |                                  [01;31m[K^~~~~~~~~~~~~~~~[m[K
[8.164s] [01m[K/home/pyh/Documents/ros2_ws/RobotAD_Issac_ws/src/nuscenes_data_collector/include/nuscenes_data_collector/nuscenes_data_collector_issac.hpp:608:62:[m[K [01;31m[Kerror: [m[K‚Äò[01m[Ksample_frame_[m[K‚Äô was not declared in this scope
[8.164s]   608 |             std::string sample_token = generate_sample_token([01;31m[Ksample_frame_[m[K, start_system_time_token_);
[8.164s]       |                                                              [01;31m[K^~~~~~~~~~~~~[m[K
[8.207s] [01m[K/home/pyh/Documents/ros2_ws/RobotAD_Issac_ws/src/nuscenes_data_collector/include/nuscenes_data_collector/nuscenes_data_collector_issac.hpp:608:77:[m[K [01;31m[Kerror: [m[K‚Äò[01m[Kstart_system_time_token_[m[K‚Äô was not declared in this scope
[8.207s]   608 |             std::string sample_token = generate_sample_token(sample_frame_, [01;31m[Kstart_system_time_token_[m[K);
[8.207s]       |                                                                             [01;31m[K^~~~~~~~~~~~~~~~~~~~~~~~[m[K
[8.226s] [01m[K/home/pyh/Documents/ros2_ws/RobotAD_Issac_ws/src/nuscenes_data_collector/include/nuscenes_data_collector/nuscenes_data_collector_issac.hpp:611:17:[m[K [01;31m[Kerror: [m[K‚Äò[01m[KRCLCPP_INFO[m[K‚Äô was not declared in this scope
[8.226s]   611 |                 [01;31m[KRCLCPP_INFO[m[K(this->get_logger(), "detection!!!";
[8.226s]       |                 [01;31m[K^~~~~~~~~~~[m[K
[8.226s] [01m[K/home/pyh/Documents/ros2_ws/RobotAD_Issac_ws/src/nuscenes_data_collector/src/nuscenes_data_collector_issac.cpp:17:2:[m[K [01;31m[Kerror: [m[Kexpected ‚Äò[01m[K}[m[K‚Äô at end of input
[8.226s]    17 | }
[8.226s]       |  [01;31m[K^[m[K
[8.226s] In file included from [01m[K/home/pyh/Documents/ros2_ws/RobotAD_Issac_ws/src/nuscenes_data_collector/src/nuscenes_data_collector_issac.cpp:1[m[K:
[8.226s] [01m[K/home/pyh/Documents/ros2_ws/RobotAD_Issac_ws/src/nuscenes_data_collector/include/nuscenes_data_collector/nuscenes_data_collector_issac.hpp:610:59:[m[K [01;36m[Knote: [m[Kto match this ‚Äò[01m[K{[m[K‚Äô
[8.226s]   610 |             for (const auto &detection : msg->detections) [01;36m[K{[m[K
[8.226s]       |                                                           [01;36m[K^[m[K
[8.226s] [01m[K/home/pyh/Documents/ros2_ws/RobotAD_Issac_ws/src/nuscenes_data_collector/include/nuscenes_data_collector/nuscenes_data_collector_issac.hpp:610:30:[m[K [01;35m[Kwarning: [m[Kunused variable ‚Äò[01m[Kdetection[m[K‚Äô [[01;35m[K]8;;https://gcc.gnu.org/onlinedocs/gcc/Warning-Options.html#index-Wunused-variable-Wunused-variable]8;;[m[K]
[8.226s]   610 |             for (const auto &[01;35m[Kdetection[m[K : msg->detections) {
[8.226s]       |                              [01;35m[K^~~~~~~~~[m[K
[8.226s] [01m[K/home/pyh/Documents/ros2_ws/RobotAD_Issac_ws/src/nuscenes_data_collector/src/nuscenes_data_collector_issac.cpp:17:2:[m[K [01;31m[Kerror: [m[Kexpected ‚Äò[01m[K}[m[K‚Äô at end of input
[8.226s]    17 | }
[8.226s]       |  [01;31m[K^[m[K
[8.226s] In file included from [01m[K/home/pyh/Documents/ros2_ws/RobotAD_Issac_ws/src/nuscenes_data_collector/src/nuscenes_data_collector_issac.cpp:1[m[K:
[8.226s] [01m[K/home/pyh/Documents/ros2_ws/RobotAD_Issac_ws/src/nuscenes_data_collector/include/nuscenes_data_collector/nuscenes_data_collector_issac.hpp:604:35:[m[K [01;36m[Knote: [m[Kto match this ‚Äò[01m[K{[m[K‚Äô
[8.226s]   604 |         if(data_type == "samples")[01;36m[K{[m[K
[8.227s]       |                                   [01;36m[K^[m[K
[8.227s] [01m[K/home/pyh/Documents/ros2_ws/RobotAD_Issac_ws/src/nuscenes_data_collector/src/nuscenes_data_collector_issac.cpp:17:2:[m[K [01;31m[Kerror: [m[Kexpected ‚Äò[01m[K}[m[K‚Äô at end of input
[8.227s]    17 | }
[8.227s]       |  [01;31m[K^[m[K
[8.227s] In file included from [01m[K/home/pyh/Documents/ros2_ws/RobotAD_Issac_ws/src/nuscenes_data_collector/src/nuscenes_data_collector_issac.cpp:1[m[K:
[8.227s] [01m[K/home/pyh/Documents/ros2_ws/RobotAD_Issac_ws/src/nuscenes_data_collector/include/nuscenes_data_collector/nuscenes_data_collector_issac.hpp:602:61:[m[K [01;36m[Knote: [m[Kto match this ‚Äò[01m[K{[m[K‚Äô
[8.227s]   602 |                             const std::string &device_name) [01;36m[K{[m[K
[8.227s]       |                                                             [01;36m[K^[m[K
[8.227s] [01m[K/home/pyh/Documents/ros2_ws/RobotAD_Issac_ws/src/nuscenes_data_collector/src/nuscenes_data_collector_issac.cpp:[m[K At global scope:
[8.227s] [01m[K/home/pyh/Documents/ros2_ws/RobotAD_Issac_ws/src/nuscenes_data_collector/src/nuscenes_data_collector_issac.cpp:17:2:[m[K [01;31m[Kerror: [m[Kexpected unqualified-id at end of input
[8.227s]    17 | }
[8.227s]       |  [01;31m[K^[m[K
[8.414s] In file included from [01m[K/home/pyh/Documents/ros2_ws/RobotAD_Issac_ws/src/nuscenes_data_collector/src/nuscenes_data_collector_issac.cpp:1[m[K:
[8.414s] /home/pyh/Documents/ros2_ws/RobotAD_Issac_ws/src/nuscenes_data_collector/include/nuscenes_data_collector/nuscenes_data_collector_issac.hpp: In instantiation of ‚Äò[01m[Kvoid NuScenesDataCollectorIssac::save_data(const T&, const string&) [with T = std::shared_ptr<sensor_msgs::msg::PointCloud2_<std::allocator<void> > >; std::string = std::__cxx11::basic_string<char>][m[K‚Äô:
[8.414s] [01m[K/home/pyh/Documents/ros2_ws/RobotAD_Issac_ws/src/nuscenes_data_collector/include/nuscenes_data_collector/nuscenes_data_collector_issac.hpp:351:22:[m[K   required from here
[8.414s] [01m[K/home/pyh/Documents/ros2_ws/RobotAD_Issac_ws/src/nuscenes_data_collector/include/nuscenes_data_collector/nuscenes_data_collector_issac.hpp:436:36:[m[K [01;31m[Kerror: [m[K‚Äò[01m[Ksave_lidar_data[m[K‚Äô was not declared in this scope; did you mean ‚Äò[01m[Ksave_odom_data[m[K‚Äô?
[8.414s]   436 |                     [01;31m[Ksave_lidar_data(msg, device_name)[m[K;
[8.414s]       |                     [01;31m[K~~~~~~~~~~~~~~~^~~~~~~~~~~~~~~~~~[m[K
[8.414s]       |                     [32m[Ksave_odom_data[m[K
[10.932s] gmake[2]: *** [CMakeFiles/nuscenes_data_collector_issac_node.dir/build.make:76: CMakeFiles/nuscenes_data_collector_issac_node.dir/src/nuscenes_data_collector_issac.cpp.o] Error 1
[10.932s] gmake[1]: *** [CMakeFiles/Makefile2:165: CMakeFiles/nuscenes_data_collector_issac_node.dir/all] Error 2
[10.932s] gmake: *** [Makefile:146: all] Error 2
[10.934s] Invoked command in '/home/pyh/Documents/ros2_ws/RobotAD_Issac_ws/build/nuscenes_data_collector' returned '2': CMAKE_PREFIX_PATH=/home/pyh/Documents/ros2_ws/RobotAD_Issac_ws/install/usb_camera:/home/pyh/Documents/ros2_ws/RobotAD_Issac_ws/install/serial_comm:/home/pyh/Documents/ros2_ws/RobotAD_Issac_ws/install/robot_locate:/home/pyh/Documents/ros2_ws/RobotAD_Issac_ws/install/diff_control:/home/pyh/Documents/ros2_ws/RobotAD_Issac_ws/install/robot_hardware:/home/pyh/Documents/ros2_ws/RobotAD_Issac_ws/install/pointcloud_to_laserscan:/home/pyh/Documents/ros2_ws/RobotAD_Issac_ws/install/nuscenes_data_collector:/opt/ros/humble:/home/pyh/Documents/ros2_ws/RobotAD_Issac_ws/install/message_filter_example:/home/pyh/Documents/ros2_ws/RobotAD_Issac_ws/install/keyboard_control /usr/bin/cmake --build /home/pyh/Documents/ros2_ws/RobotAD_Issac_ws/build/nuscenes_data_collector -- -j16 -l16
