[0.021s] Invoking command in '/home/pyh/Documents/ros2_ws/RobotAD_Issac_ws/build/nuscenes_data_collector': CMAKE_PREFIX_PATH=/home/pyh/Documents/ros2_ws/RobotAD_Issac_ws/install/usb_camera:/home/pyh/Documents/ros2_ws/RobotAD_Issac_ws/install/serial_comm:/home/pyh/Documents/ros2_ws/RobotAD_Issac_ws/install/robot_locate:/home/pyh/Documents/ros2_ws/RobotAD_Issac_ws/install/diff_control:/home/pyh/Documents/ros2_ws/RobotAD_Issac_ws/install/robot_hardware:/home/pyh/Documents/ros2_ws/RobotAD_Issac_ws/install/pointcloud_to_laserscan:/home/pyh/Documents/ros2_ws/RobotAD_Issac_ws/install/nuscenes_data_collector:/opt/ros/humble:/home/pyh/Documents/ros2_ws/RobotAD_Issac_ws/install/message_filter_example:/home/pyh/Documents/ros2_ws/RobotAD_Issac_ws/install/keyboard_control /usr/bin/cmake --build /home/pyh/Documents/ros2_ws/RobotAD_Issac_ws/build/nuscenes_data_collector -- -j16 -l16
[0.074s] [35m[1mConsolidate compiler generated dependencies of target nuscenes_data_collector_issac_node[0m
[0.093s] [ 50%] Built target nuscenes_data_collector_node
[0.094s] [ 75%] [32mBuilding CXX object CMakeFiles/nuscenes_data_collector_issac_node.dir/src/nuscenes_data_collector_issac.cpp.o[0m
[5.424s] In file included from [01m[K/opt/ros/humble/include/rclcpp/rclcpp/client.hpp:40[m[K,
[5.425s]                  from [01m[K/opt/ros/humble/include/rclcpp/rclcpp/callback_group.hpp:24[m[K,
[5.425s]                  from [01m[K/opt/ros/humble/include/rclcpp/rclcpp/any_executable.hpp:20[m[K,
[5.425s]                  from [01m[K/opt/ros/humble/include/rclcpp/rclcpp/memory_strategy.hpp:25[m[K,
[5.425s]                  from [01m[K/opt/ros/humble/include/rclcpp/rclcpp/memory_strategies.hpp:18[m[K,
[5.425s]                  from [01m[K/opt/ros/humble/include/rclcpp/rclcpp/executor_options.hpp:20[m[K,
[5.425s]                  from [01m[K/opt/ros/humble/include/rclcpp/rclcpp/executor.hpp:37[m[K,
[5.425s]                  from [01m[K/opt/ros/humble/include/rclcpp/rclcpp/executors/multi_threaded_executor.hpp:25[m[K,
[5.425s]                  from [01m[K/opt/ros/humble/include/rclcpp/rclcpp/executors.hpp:21[m[K,
[5.425s]                  from [01m[K/opt/ros/humble/include/rclcpp/rclcpp/rclcpp.hpp:155[m[K,
[5.425s]                  from [01m[K/home/pyh/Documents/ros2_ws/RobotAD_Issac_ws/src/nuscenes_data_collector/include/nuscenes_data_collector/nuscenes_data_collector_issac.hpp:4[m[K,
[5.425s]                  from [01m[K/home/pyh/Documents/ros2_ws/RobotAD_Issac_ws/src/nuscenes_data_collector/src/nuscenes_data_collector_issac.cpp:1[m[K:
[5.425s] [01m[K/home/pyh/Documents/ros2_ws/RobotAD_Issac_ws/src/nuscenes_data_collector/include/nuscenes_data_collector/nuscenes_data_collector_issac.hpp:[m[K In member function â€˜[01m[Kbool NuScenesDataCollectorIssac::check_sample_done()[m[Kâ€™:
[5.425s] [01m[K/home/pyh/Documents/ros2_ws/RobotAD_Issac_ws/src/nuscenes_data_collector/include/nuscenes_data_collector/nuscenes_data_collector_issac.hpp:957:27:[m[K [01;31m[Kerror: [m[Kâ€˜[01m[Kclass NuScenesDataCollectorIssac[m[Kâ€™ has no member named â€˜[01m[Kboxlogger[m[Kâ€™
[5.425s]   957 |         RCLCPP_INFO(this->[01;31m[Kboxlogger[m[K(), "All samples are done, caching data...");
[5.425s]       |                           [01;31m[K^~~~~~~~~[m[K
[5.425s] [01m[K/home/pyh/Documents/ros2_ws/RobotAD_Issac_ws/src/nuscenes_data_collector/include/nuscenes_data_collector/nuscenes_data_collector_issac.hpp:957:27:[m[K [01;31m[Kerror: [m[Kâ€˜[01m[Kclass NuScenesDataCollectorIssac[m[Kâ€™ has no member named â€˜[01m[Kboxlogger[m[Kâ€™
[5.425s] [01m[K/home/pyh/Documents/ros2_ws/RobotAD_Issac_ws/src/nuscenes_data_collector/include/nuscenes_data_collector/nuscenes_data_collector_issac.hpp:957:9:[m[K [01;31m[Kerror: [m[Ktemplate argument 1 is invalid
[5.425s]   957 |         [01;31m[KRCLCPP_INFO[m[K(this->boxlogger(), "All samples are done, caching data...");
[5.425s]       |         [01;31m[K^~~~~~~~~~~[m[K
[5.425s] [01m[K/home/pyh/Documents/ros2_ws/RobotAD_Issac_ws/src/nuscenes_data_collector/include/nuscenes_data_collector/nuscenes_data_collector_issac.hpp:957:9:[m[K [01;31m[Kerror: [m[Ktemplate argument 1 is invalid
[5.425s]   957 |         [01;31m[KRCLCPP_INFO[m[K(this->boxlogger(), "All samples are done, caching data...");
[5.425s]       |         [01;31m[K^~~~~~~~~~~[m[K
[5.425s] [01m[K/home/pyh/Documents/ros2_ws/RobotAD_Issac_ws/src/nuscenes_data_collector/include/nuscenes_data_collector/nuscenes_data_collector_issac.hpp:957:9:[m[K [01;31m[Kerror: [m[Ktemplate argument 1 is invalid
[5.425s]   957 |         [01;31m[KRCLCPP_INFO[m[K(this->boxlogger(), "All samples are done, caching data...");
[5.425s]       |         [01;31m[K^~~~~~~~~~~[m[K
[5.426s] In file included from [01m[K/opt/ros/humble/include/rclcpp/rclcpp/logging.hpp:24[m[K,
[5.426s]                  from [01m[K/opt/ros/humble/include/rclcpp/rclcpp/client.hpp:40[m[K,
[5.426s]                  from [01m[K/opt/ros/humble/include/rclcpp/rclcpp/callback_group.hpp:24[m[K,
[5.426s]                  from [01m[K/opt/ros/humble/include/rclcpp/rclcpp/any_executable.hpp:20[m[K,
[5.426s]                  from [01m[K/opt/ros/humble/include/rclcpp/rclcpp/memory_strategy.hpp:25[m[K,
[5.426s]                  from [01m[K/opt/ros/humble/include/rclcpp/rclcpp/memory_strategies.hpp:18[m[K,
[5.426s]                  from [01m[K/opt/ros/humble/include/rclcpp/rclcpp/executor_options.hpp:20[m[K,
[5.426s]                  from [01m[K/opt/ros/humble/include/rclcpp/rclcpp/executor.hpp:37[m[K,
[5.426s]                  from [01m[K/opt/ros/humble/include/rclcpp/rclcpp/executors/multi_threaded_executor.hpp:25[m[K,
[5.426s]                  from [01m[K/opt/ros/humble/include/rclcpp/rclcpp/executors.hpp:21[m[K,
[5.426s]                  from [01m[K/opt/ros/humble/include/rclcpp/rclcpp/rclcpp.hpp:155[m[K,
[5.426s]                  from [01m[K/home/pyh/Documents/ros2_ws/RobotAD_Issac_ws/src/nuscenes_data_collector/include/nuscenes_data_collector/nuscenes_data_collector_issac.hpp:4[m[K,
[5.426s]                  from [01m[K/home/pyh/Documents/ros2_ws/RobotAD_Issac_ws/src/nuscenes_data_collector/src/nuscenes_data_collector_issac.cpp:1[m[K:
[5.426s] [01m[K/home/pyh/Documents/ros2_ws/RobotAD_Issac_ws/src/nuscenes_data_collector/include/nuscenes_data_collector/nuscenes_data_collector_issac.hpp:957:27:[m[K [01;31m[Kerror: [m[Kâ€˜[01m[Kclass NuScenesDataCollectorIssac[m[Kâ€™ has no member named â€˜[01m[Kboxlogger[m[Kâ€™
[5.426s]   957 |         RCLCPP_INFO(this->[01;31m[Kboxlogger[m[K(), "All samples are done, caching data...");
[5.426s]       |                           [01;31m[K^~~~~~~~~[m[K
[5.426s] [01m[K/home/pyh/Documents/ros2_ws/RobotAD_Issac_ws/src/nuscenes_data_collector/include/nuscenes_data_collector/nuscenes_data_collector_issac.hpp:957:27:[m[K [01;31m[Kerror: [m[Kâ€˜[01m[Kclass NuScenesDataCollectorIssac[m[Kâ€™ has no member named â€˜[01m[Kboxlogger[m[Kâ€™
[5.426s]   957 |         RCLCPP_INFO(this->[01;31m[Kboxlogger[m[K(), "All samples are done, caching data...");
[5.426s]       |                           [01;31m[K^~~~~~~~~[m[K
[5.426s] In file included from [01m[K/home/pyh/Documents/ros2_ws/RobotAD_Issac_ws/src/nuscenes_data_collector/src/nuscenes_data_collector_issac.cpp:1[m[K:
[5.426s] [01m[K/home/pyh/Documents/ros2_ws/RobotAD_Issac_ws/src/nuscenes_data_collector/include/nuscenes_data_collector/nuscenes_data_collector_issac.hpp:958:31:[m[K [01;31m[Kerror: [m[Kâ€˜[01m[Kstruct std::pair<std::__cxx11::basic_string<char>, std::vector<unsigned char, std::allocator<unsigned char> > >[m[Kâ€™ has no member named â€˜[01m[Kempty[m[Kâ€™
[5.426s]   958 |         if (!sample_img_cache.[01;31m[Kempty[m[K()) {
[5.426s]       |                               [01;31m[K^~~~~[m[K
[5.426s] [01m[K/home/pyh/Documents/ros2_ws/RobotAD_Issac_ws/src/nuscenes_data_collector/include/nuscenes_data_collector/nuscenes_data_collector_issac.hpp:959:53:[m[K [01;31m[Kerror: [m[Kbase operand of â€˜[01m[K->[m[Kâ€™ has non-pointer type â€˜[01m[Kstd::pair<std::__cxx11::basic_string<char>, std::vector<unsigned char, std::allocator<unsigned char> > >[m[Kâ€™
[5.426s]   959 |             std::string save_path = sample_img_cache[01;31m[K->[m[Kfirst;    // Get the file path for the image
[5.426s]       |                                                     [01;31m[K^~[m[K
[5.426s] [01m[K/home/pyh/Documents/ros2_ws/RobotAD_Issac_ws/src/nuscenes_data_collector/include/nuscenes_data_collector/nuscenes_data_collector_issac.hpp:960:57:[m[K [01;31m[Kerror: [m[Kbase operand of â€˜[01m[K->[m[Kâ€™ has non-pointer type â€˜[01m[Kstd::pair<std::__cxx11::basic_string<char>, std::vector<unsigned char, std::allocator<unsigned char> > >[m[Kâ€™
[5.426s]   960 |             std::vector<uint8_t> data = sample_img_cache[01;31m[K->[m[Ksecond; // Get the cached image data
[5.426s]       |                                                         [01;31m[K^~[m[K
[5.427s] [01m[K/home/pyh/Documents/ros2_ws/RobotAD_Issac_ws/src/nuscenes_data_collector/include/nuscenes_data_collector/nuscenes_data_collector_issac.hpp:971:30:[m[K [01;31m[Kerror: [m[Kâ€˜[01m[Kstruct std::pair<std::__cxx11::basic_string<char>, std::vector<unsigned char, std::allocator<unsigned char> > >[m[Kâ€™ has no member named â€˜[01m[Kreset[m[Kâ€™
[5.427s]   971 |             sample_img_cache.[01;31m[Kreset[m[K();  // Clear the cache
[5.427s]       |                              [01;31m[K^~~~~[m[K
[5.427s] [01m[K/home/pyh/Documents/ros2_ws/RobotAD_Issac_ws/src/nuscenes_data_collector/include/nuscenes_data_collector/nuscenes_data_collector_issac.hpp:974:33:[m[K [01;31m[Kerror: [m[Kâ€˜[01m[Kstruct std::pair<std::__cxx11::basic_string<char>, std::vector<unsigned char, std::allocator<unsigned char> > >[m[Kâ€™ has no member named â€˜[01m[Kempty[m[Kâ€™
[5.427s]   974 |         if (!sample_lidar_cache.[01;31m[Kempty[m[K()) {
[5.427s]       |                                 [01;31m[K^~~~~[m[K
[5.427s] [01m[K/home/pyh/Documents/ros2_ws/RobotAD_Issac_ws/src/nuscenes_data_collector/include/nuscenes_data_collector/nuscenes_data_collector_issac.hpp:976:55:[m[K [01;31m[Kerror: [m[Kbase operand of â€˜[01m[K->[m[Kâ€™ has non-pointer type â€˜[01m[Kstd::pair<std::__cxx11::basic_string<char>, std::vector<unsigned char, std::allocator<unsigned char> > >[m[Kâ€™
[5.427s]   976 |             std::string save_path = sample_lidar_cache[01;31m[K->[m[Kfirst;    // File path to save the point cloud
[5.427s]       |                                                       [01;31m[K^~[m[K
[5.427s] [01m[K/home/pyh/Documents/ros2_ws/RobotAD_Issac_ws/src/nuscenes_data_collector/include/nuscenes_data_collector/nuscenes_data_collector_issac.hpp:977:59:[m[K [01;31m[Kerror: [m[Kbase operand of â€˜[01m[K->[m[Kâ€™ has non-pointer type â€˜[01m[Kstd::pair<std::__cxx11::basic_string<char>, std::vector<unsigned char, std::allocator<unsigned char> > >[m[Kâ€™
[5.427s]   977 |             std::vector<uint8_t> data = sample_lidar_cache[01;31m[K->[m[Ksecond; // Cached lidar data
[5.427s]       |                                                           [01;31m[K^~[m[K
[5.427s] [01m[K/home/pyh/Documents/ros2_ws/RobotAD_Issac_ws/src/nuscenes_data_collector/include/nuscenes_data_collector/nuscenes_data_collector_issac.hpp:988:32:[m[K [01;31m[Kerror: [m[Kâ€˜[01m[Kstruct std::pair<std::__cxx11::basic_string<char>, std::vector<unsigned char, std::allocator<unsigned char> > >[m[Kâ€™ has no member named â€˜[01m[Kreset[m[Kâ€™
[5.427s]   988 |             sample_lidar_cache.[01;31m[Kreset[m[K();
[5.427s]       |                                [01;31m[K^~~~~[m[K
[12.246s] gmake[2]: *** [CMakeFiles/nuscenes_data_collector_issac_node.dir/build.make:76: CMakeFiles/nuscenes_data_collector_issac_node.dir/src/nuscenes_data_collector_issac.cpp.o] Error 1
[12.246s] gmake[1]: *** [CMakeFiles/Makefile2:165: CMakeFiles/nuscenes_data_collector_issac_node.dir/all] Error 2
[12.246s] gmake: *** [Makefile:146: all] Error 2
[12.248s] Invoked command in '/home/pyh/Documents/ros2_ws/RobotAD_Issac_ws/build/nuscenes_data_collector' returned '2': CMAKE_PREFIX_PATH=/home/pyh/Documents/ros2_ws/RobotAD_Issac_ws/install/usb_camera:/home/pyh/Documents/ros2_ws/RobotAD_Issac_ws/install/serial_comm:/home/pyh/Documents/ros2_ws/RobotAD_Issac_ws/install/robot_locate:/home/pyh/Documents/ros2_ws/RobotAD_Issac_ws/install/diff_control:/home/pyh/Documents/ros2_ws/RobotAD_Issac_ws/install/robot_hardware:/home/pyh/Documents/ros2_ws/RobotAD_Issac_ws/install/pointcloud_to_laserscan:/home/pyh/Documents/ros2_ws/RobotAD_Issac_ws/install/nuscenes_data_collector:/opt/ros/humble:/home/pyh/Documents/ros2_ws/RobotAD_Issac_ws/install/message_filter_example:/home/pyh/Documents/ros2_ws/RobotAD_Issac_ws/install/keyboard_control /usr/bin/cmake --build /home/pyh/Documents/ros2_ws/RobotAD_Issac_ws/build/nuscenes_data_collector -- -j16 -l16
