[0.020s] Invoking command in '/home/pyh/Documents/ros2_ws/RobotAD_Issac_ws/build/nuscenes_data_collector': CMAKE_PREFIX_PATH=/home/pyh/Documents/ros2_ws/RobotAD_Issac_ws/install/usb_camera:/home/pyh/Documents/ros2_ws/RobotAD_Issac_ws/install/serial_comm:/home/pyh/Documents/ros2_ws/RobotAD_Issac_ws/install/robot_locate:/home/pyh/Documents/ros2_ws/RobotAD_Issac_ws/install/diff_control:/home/pyh/Documents/ros2_ws/RobotAD_Issac_ws/install/robot_hardware:/home/pyh/Documents/ros2_ws/RobotAD_Issac_ws/install/pointcloud_to_laserscan:/home/pyh/Documents/ros2_ws/RobotAD_Issac_ws/install/nuscenes_data_collector:/opt/ros/humble:/home/pyh/Documents/ros2_ws/RobotAD_Issac_ws/install/message_filter_example:/home/pyh/Documents/ros2_ws/RobotAD_Issac_ws/install/keyboard_control /usr/bin/cmake --build /home/pyh/Documents/ros2_ws/RobotAD_Issac_ws/build/nuscenes_data_collector -- -j16 -l16
[0.063s] [35m[1mConsolidate compiler generated dependencies of target nuscenes_data_collector_issac_node[0m
[0.090s] [ 50%] Built target nuscenes_data_collector_node
[0.096s] [ 75%] [32mBuilding CXX object CMakeFiles/nuscenes_data_collector_issac_node.dir/src/nuscenes_data_collector_issac.cpp.o[0m
[5.336s] In file included from [01m[K/home/pyh/Documents/ros2_ws/RobotAD_Issac_ws/src/nuscenes_data_collector/src/nuscenes_data_collector_issac.cpp:1[m[K:
[5.337s] [01m[K/home/pyh/Documents/ros2_ws/RobotAD_Issac_ws/src/nuscenes_data_collector/include/nuscenes_data_collector/nuscenes_data_collector_issac.hpp:[m[K In member function ‘[01m[Kbool NuScenesDataCollectorIssac::check_sample_done()[m[K’:
[5.337s] [01m[K/home/pyh/Documents/ros2_ws/RobotAD_Issac_ws/src/nuscenes_data_collector/include/nuscenes_data_collector/nuscenes_data_collector_issac.hpp:958:31:[m[K [01;31m[Kerror: [m[K‘[01m[Kstruct std::pair<std::__cxx11::basic_string<char>, std::vector<unsigned char, std::allocator<unsigned char> > >[m[K’ has no member named ‘[01m[Kempty[m[K’
[5.337s]   958 |         if (!sample_img_cache.[01;31m[Kempty[m[K()) {
[5.337s]       |                               [01;31m[K^~~~~[m[K
[5.337s] [01m[K/home/pyh/Documents/ros2_ws/RobotAD_Issac_ws/src/nuscenes_data_collector/include/nuscenes_data_collector/nuscenes_data_collector_issac.hpp:960:41:[m[K [01;31m[Kerror: [m[Kno matching function for call to ‘[01m[Kbegin(std::pair<std::__cxx11::basic_string<char>, std::vector<unsigned char, std::allocator<unsigned char> > >&)[m[K’
[5.337s]   960 |             for (const auto& img_data : [01;31m[Ksample_img_cache[m[K) {
[5.337s]       |                                         [01;31m[K^~~~~~~~~~~~~~~~[m[K
[5.337s] In file included from [01m[K/usr/include/c++/11/utility:76[m[K,
[5.337s]                  from [01m[K/usr/include/c++/11/bits/unique_ptr.h:36[m[K,
[5.337s]                  from [01m[K/usr/include/c++/11/memory:76[m[K,
[5.337s]                  from [01m[K/opt/ros/humble/include/rclcpp/rclcpp/rclcpp.hpp:153[m[K,
[5.337s]                  from [01m[K/home/pyh/Documents/ros2_ws/RobotAD_Issac_ws/src/nuscenes_data_collector/include/nuscenes_data_collector/nuscenes_data_collector_issac.hpp:4[m[K,
[5.337s]                  from [01m[K/home/pyh/Documents/ros2_ws/RobotAD_Issac_ws/src/nuscenes_data_collector/src/nuscenes_data_collector_issac.cpp:1[m[K:
[5.338s] [01m[K/usr/include/c++/11/initializer_list:90:5:[m[K [01;36m[Knote: [m[Kcandidate: ‘[01m[Ktemplate<class _Tp> constexpr const _Tp* std::begin(std::initializer_list<_Tp>)[m[K’
[5.338s]    90 |     [01;36m[Kbegin[m[K(initializer_list<_Tp> __ils) noexcept
[5.338s]       |     [01;36m[K^~~~~[m[K
[5.338s] [01m[K/usr/include/c++/11/initializer_list:90:5:[m[K [01;36m[Knote: [m[K  template argument deduction/substitution failed:
[5.338s] In file included from [01m[K/home/pyh/Documents/ros2_ws/RobotAD_Issac_ws/src/nuscenes_data_collector/src/nuscenes_data_collector_issac.cpp:1[m[K:
[5.338s] [01m[K/home/pyh/Documents/ros2_ws/RobotAD_Issac_ws/src/nuscenes_data_collector/include/nuscenes_data_collector/nuscenes_data_collector_issac.hpp:960:41:[m[K [01;36m[Knote: [m[K  ‘[01m[Kstd::pair<std::__cxx11::basic_string<char>, std::vector<unsigned char, std::allocator<unsigned char> > >[m[K’ is not derived from ‘[01m[Kstd::initializer_list<_Tp>[m[K’
[5.338s]   960 |             for (const auto& img_data : [01;36m[Ksample_img_cache[m[K) {
[5.338s]       |                                         [01;36m[K^~~~~~~~~~~~~~~~[m[K
[5.338s] In file included from [01m[K/usr/include/c++/11/array:41[m[K,
[5.338s]                  from [01m[K/usr/include/c++/11/tuple:39[m[K,
[5.338s]                  from [01m[K/usr/include/c++/11/bits/unique_ptr.h:37[m[K,
[5.338s]                  from [01m[K/usr/include/c++/11/memory:76[m[K,
[5.338s]                  from [01m[K/opt/ros/humble/include/rclcpp/rclcpp/rclcpp.hpp:153[m[K,
[5.338s]                  from [01m[K/home/pyh/Documents/ros2_ws/RobotAD_Issac_ws/src/nuscenes_data_collector/include/nuscenes_data_collector/nuscenes_data_collector_issac.hpp:4[m[K,
[5.338s]                  from [01m[K/home/pyh/Documents/ros2_ws/RobotAD_Issac_ws/src/nuscenes_data_collector/src/nuscenes_data_collector_issac.cpp:1[m[K:
[5.338s] [01m[K/usr/include/c++/11/bits/range_access.h:51:5:[m[K [01;36m[Knote: [m[Kcandidate: ‘[01m[Ktemplate<class _Container> constexpr decltype (__cont.begin()) std::begin(_Container&)[m[K’
[5.338s]    51 |     [01;36m[Kbegin[m[K(_Container& __cont) -> decltype(__cont.begin())
[5.338s]       |     [01;36m[K^~~~~[m[K
[5.339s] [01m[K/usr/include/c++/11/bits/range_access.h:51:5:[m[K [01;36m[Knote: [m[K  template argument deduction/substitution failed:
[5.339s] /usr/include/c++/11/bits/range_access.h: In substitution of ‘[01m[Ktemplate<class _Container> constexpr decltype (__cont.begin()) std::begin(_Container&) [with _Container = std::pair<std::__cxx11::basic_string<char>, std::vector<unsigned char, std::allocator<unsigned char> > >][m[K’:
[5.339s] [01m[K/home/pyh/Documents/ros2_ws/RobotAD_Issac_ws/src/nuscenes_data_collector/include/nuscenes_data_collector/nuscenes_data_collector_issac.hpp:960:41:[m[K   required from here
[5.339s] [01m[K/usr/include/c++/11/bits/range_access.h:51:50:[m[K [01;31m[Kerror: [m[K‘[01m[Kstruct std::pair<std::__cxx11::basic_string<char>, std::vector<unsigned char, std::allocator<unsigned char> > >[m[K’ has no member named ‘[01m[Kbegin[m[K’
[5.339s]    51 |     begin(_Container& __cont) -> decltype([01;31m[K__cont.begin[m[K())
[5.339s]       |                                           [01;31m[K~~~~~~~^~~~~[m[K
[5.339s] [01m[K/usr/include/c++/11/bits/range_access.h:61:5:[m[K [01;36m[Knote: [m[Kcandidate: ‘[01m[Ktemplate<class _Container> constexpr decltype (__cont.begin()) std::begin(const _Container&)[m[K’
[5.339s]    61 |     [01;36m[Kbegin[m[K(const _Container& __cont) -> decltype(__cont.begin())
[5.339s]       |     [01;36m[K^~~~~[m[K
[5.339s] [01m[K/usr/include/c++/11/bits/range_access.h:61:5:[m[K [01;36m[Knote: [m[K  template argument deduction/substitution failed:
[5.339s] /usr/include/c++/11/bits/range_access.h: In substitution of ‘[01m[Ktemplate<class _Container> constexpr decltype (__cont.begin()) std::begin(const _Container&) [with _Container = std::pair<std::__cxx11::basic_string<char>, std::vector<unsigned char, std::allocator<unsigned char> > >][m[K’:
[5.339s] [01m[K/home/pyh/Documents/ros2_ws/RobotAD_Issac_ws/src/nuscenes_data_collector/include/nuscenes_data_collector/nuscenes_data_collector_issac.hpp:960:41:[m[K   required from here
[5.339s] [01m[K/usr/include/c++/11/bits/range_access.h:61:56:[m[K [01;31m[Kerror: [m[K‘[01m[Kconst struct std::pair<std::__cxx11::basic_string<char>, std::vector<unsigned char, std::allocator<unsigned char> > >[m[K’ has no member named ‘[01m[Kbegin[m[K’
[5.339s]    61 |     begin(const _Container& __cont) -> decltype([01;31m[K__cont.begin[m[K())
[5.339s]       |                                                 [01;31m[K~~~~~~~^~~~~[m[K
[5.339s] [01m[K/usr/include/c++/11/bits/range_access.h:90:5:[m[K [01;36m[Knote: [m[Kcandidate: ‘[01m[Ktemplate<class _Tp, long unsigned int _Nm> constexpr _Tp* std::begin(_Tp (&)[_Nm])[m[K’
[5.339s]    90 |     [01;36m[Kbegin[m[K(_Tp (&__arr)[_Nm]) noexcept
[5.340s]       |     [01;36m[K^~~~~[m[K
[5.340s] [01m[K/usr/include/c++/11/bits/range_access.h:90:5:[m[K [01;36m[Knote: [m[K  template argument deduction/substitution failed:
[5.340s] In file included from [01m[K/home/pyh/Documents/ros2_ws/RobotAD_Issac_ws/src/nuscenes_data_collector/src/nuscenes_data_collector_issac.cpp:1[m[K:
[5.340s] [01m[K/home/pyh/Documents/ros2_ws/RobotAD_Issac_ws/src/nuscenes_data_collector/include/nuscenes_data_collector/nuscenes_data_collector_issac.hpp:960:41:[m[K [01;36m[Knote: [m[K  mismatched types ‘[01m[K_Tp [_Nm][m[K’ and ‘[01m[Kstd::pair<std::__cxx11::basic_string<char>, std::vector<unsigned char, std::allocator<unsigned char> > >[m[K’
[5.340s]   960 |             for (const auto& img_data : [01;36m[Ksample_img_cache[m[K) {
[5.340s]       |                                         [01;36m[K^~~~~~~~~~~~~~~~[m[K
[5.340s] In file included from [01m[K/usr/include/nlohmann/detail/conversions/from_json.hpp:13[m[K,
[5.340s]                  from [01m[K/usr/include/nlohmann/adl_serializer.hpp:6[m[K,
[5.340s]                  from [01m[K/usr/include/nlohmann/json.hpp:60[m[K,
[5.340s]                  from [01m[K/home/pyh/Documents/ros2_ws/RobotAD_Issac_ws/src/nuscenes_data_collector/include/nuscenes_data_collector/nuscenes_data_collector_issac.hpp:5[m[K,
[5.340s]                  from [01m[K/home/pyh/Documents/ros2_ws/RobotAD_Issac_ws/src/nuscenes_data_collector/src/nuscenes_data_collector_issac.cpp:1[m[K:
[5.340s] [01m[K/usr/include/c++/11/valarray:1217:5:[m[K [01;36m[Knote: [m[Kcandidate: ‘[01m[Ktemplate<class _Tp> _Tp* std::begin(std::valarray<_Tp>&)[m[K’
[5.340s]  1217 |     [01;36m[Kbegin[m[K(valarray<_Tp>& __va) noexcept
[5.340s]       |     [01;36m[K^~~~~[m[K
[5.340s] [01m[K/usr/include/c++/11/valarray:1217:5:[m[K [01;36m[Knote: [m[K  template argument deduction/substitution failed:
[5.340s] In file included from [01m[K/home/pyh/Documents/ros2_ws/RobotAD_Issac_ws/src/nuscenes_data_collector/src/nuscenes_data_collector_issac.cpp:1[m[K:
[5.340s] [01m[K/home/pyh/Documents/ros2_ws/RobotAD_Issac_ws/src/nuscenes_data_collector/include/nuscenes_data_collector/nuscenes_data_collector_issac.hpp:960:41:[m[K [01;36m[Knote: [m[K  ‘[01m[Kstd::pair<std::__cxx11::basic_string<char>, std::vector<unsigned char, std::allocator<unsigned char> > >[m[K’ is not derived from ‘[01m[Kstd::valarray<_Tp>[m[K’
[5.340s]   960 |             for (const auto& img_data : [01;36m[Ksample_img_cache[m[K) {
[5.341s]       |                                         [01;36m[K^~~~~~~~~~~~~~~~[m[K
[5.341s] In file included from [01m[K/usr/include/nlohmann/detail/conversions/from_json.hpp:13[m[K,
[5.341s]                  from [01m[K/usr/include/nlohmann/adl_serializer.hpp:6[m[K,
[5.341s]                  from [01m[K/usr/include/nlohmann/json.hpp:60[m[K,
[5.341s]                  from [01m[K/home/pyh/Documents/ros2_ws/RobotAD_Issac_ws/src/nuscenes_data_collector/include/nuscenes_data_collector/nuscenes_data_collector_issac.hpp:5[m[K,
[5.341s]                  from [01m[K/home/pyh/Documents/ros2_ws/RobotAD_Issac_ws/src/nuscenes_data_collector/src/nuscenes_data_collector_issac.cpp:1[m[K:
[5.341s] [01m[K/usr/include/c++/11/valarray:1228:5:[m[K [01;36m[Knote: [m[Kcandidate: ‘[01m[Ktemplate<class _Tp> const _Tp* std::begin(const std::valarray<_Tp>&)[m[K’
[5.341s]  1228 |     [01;36m[Kbegin[m[K(const valarray<_Tp>& __va) noexcept
[5.341s]       |     [01;36m[K^~~~~[m[K
[5.341s] [01m[K/usr/include/c++/11/valarray:1228:5:[m[K [01;36m[Knote: [m[K  template argument deduction/substitution failed:
[5.341s] In file included from [01m[K/home/pyh/Documents/ros2_ws/RobotAD_Issac_ws/src/nuscenes_data_collector/src/nuscenes_data_collector_issac.cpp:1[m[K:
[5.341s] [01m[K/home/pyh/Documents/ros2_ws/RobotAD_Issac_ws/src/nuscenes_data_collector/include/nuscenes_data_collector/nuscenes_data_collector_issac.hpp:960:41:[m[K [01;36m[Knote: [m[K  ‘[01m[Kstd::pair<std::__cxx11::basic_string<char>, std::vector<unsigned char, std::allocator<unsigned char> > >[m[K’ is not derived from ‘[01m[Kconst std::valarray<_Tp>[m[K’
[5.341s]   960 |             for (const auto& img_data : [01;36m[Ksample_img_cache[m[K) {
[5.341s]       |                                         [01;36m[K^~~~~~~~~~~~~~~~[m[K
[5.341s] [01m[K/home/pyh/Documents/ros2_ws/RobotAD_Issac_ws/src/nuscenes_data_collector/include/nuscenes_data_collector/nuscenes_data_collector_issac.hpp:960:41:[m[K [01;31m[Kerror: [m[Kno matching function for call to ‘[01m[Kend(std::pair<std::__cxx11::basic_string<char>, std::vector<unsigned char, std::allocator<unsigned char> > >&)[m[K’
[5.341s] In file included from [01m[K/usr/include/c++/11/utility:76[m[K,
[5.341s]                  from [01m[K/usr/include/c++/11/bits/unique_ptr.h:36[m[K,
[5.341s]                  from [01m[K/usr/include/c++/11/memory:76[m[K,
[5.342s]                  from [01m[K/opt/ros/humble/include/rclcpp/rclcpp/rclcpp.hpp:153[m[K,
[5.342s]                  from [01m[K/home/pyh/Documents/ros2_ws/RobotAD_Issac_ws/src/nuscenes_data_collector/include/nuscenes_data_collector/nuscenes_data_collector_issac.hpp:4[m[K,
[5.342s]                  from [01m[K/home/pyh/Documents/ros2_ws/RobotAD_Issac_ws/src/nuscenes_data_collector/src/nuscenes_data_collector_issac.cpp:1[m[K:
[5.342s] [01m[K/usr/include/c++/11/initializer_list:101:5:[m[K [01;36m[Knote: [m[Kcandidate: ‘[01m[Ktemplate<class _Tp> constexpr const _Tp* std::end(std::initializer_list<_Tp>)[m[K’
[5.342s]   101 |     [01;36m[Kend[m[K(initializer_list<_Tp> __ils) noexcept
[5.342s]       |     [01;36m[K^~~[m[K
[5.342s] [01m[K/usr/include/c++/11/initializer_list:101:5:[m[K [01;36m[Knote: [m[K  template argument deduction/substitution failed:
[5.342s] In file included from [01m[K/home/pyh/Documents/ros2_ws/RobotAD_Issac_ws/src/nuscenes_data_collector/src/nuscenes_data_collector_issac.cpp:1[m[K:
[5.342s] [01m[K/home/pyh/Documents/ros2_ws/RobotAD_Issac_ws/src/nuscenes_data_collector/include/nuscenes_data_collector/nuscenes_data_collector_issac.hpp:960:41:[m[K [01;36m[Knote: [m[K  ‘[01m[Kstd::pair<std::__cxx11::basic_string<char>, std::vector<unsigned char, std::allocator<unsigned char> > >[m[K’ is not derived from ‘[01m[Kstd::initializer_list<_Tp>[m[K’
[5.342s]   960 |             for (const auto& img_data : [01;36m[Ksample_img_cache[m[K) {
[5.342s]       |                                         [01;36m[K^~~~~~~~~~~~~~~~[m[K
[5.342s] In file included from [01m[K/usr/include/c++/11/array:41[m[K,
[5.342s]                  from [01m[K/usr/include/c++/11/tuple:39[m[K,
[5.342s]                  from [01m[K/usr/include/c++/11/bits/unique_ptr.h:37[m[K,
[5.342s]                  from [01m[K/usr/include/c++/11/memory:76[m[K,
[5.342s]                  from [01m[K/opt/ros/humble/include/rclcpp/rclcpp/rclcpp.hpp:153[m[K,
[5.342s]                  from [01m[K/home/pyh/Documents/ros2_ws/RobotAD_Issac_ws/src/nuscenes_data_collector/include/nuscenes_data_collector/nuscenes_data_collector_issac.hpp:4[m[K,
[5.343s]                  from [01m[K/home/pyh/Documents/ros2_ws/RobotAD_Issac_ws/src/nuscenes_data_collector/src/nuscenes_data_collector_issac.cpp:1[m[K:
[5.343s] [01m[K/usr/include/c++/11/bits/range_access.h:71:5:[m[K [01;36m[Knote: [m[Kcandidate: ‘[01m[Ktemplate<class _Container> constexpr decltype (__cont.end()) std::end(_Container&)[m[K’
[5.343s]    71 |     [01;36m[Kend[m[K(_Container& __cont) -> decltype(__cont.end())
[5.343s]       |     [01;36m[K^~~[m[K
[5.343s] [01m[K/usr/include/c++/11/bits/range_access.h:71:5:[m[K [01;36m[Knote: [m[K  template argument deduction/substitution failed:
[5.343s] /usr/include/c++/11/bits/range_access.h: In substitution of ‘[01m[Ktemplate<class _Container> constexpr decltype (__cont.end()) std::end(_Container&) [with _Container = std::pair<std::__cxx11::basic_string<char>, std::vector<unsigned char, std::allocator<unsigned char> > >][m[K’:
[5.343s] [01m[K/home/pyh/Documents/ros2_ws/RobotAD_Issac_ws/src/nuscenes_data_collector/include/nuscenes_data_collector/nuscenes_data_collector_issac.hpp:960:41:[m[K   required from here
[5.343s] [01m[K/usr/include/c++/11/bits/range_access.h:71:48:[m[K [01;31m[Kerror: [m[K‘[01m[Kstruct std::pair<std::__cxx11::basic_string<char>, std::vector<unsigned char, std::allocator<unsigned char> > >[m[K’ has no member named ‘[01m[Kend[m[K’
[5.343s]    71 |     end(_Container& __cont) -> decltype([01;31m[K__cont.end[m[K())
[5.343s]       |                                         [01;31m[K~~~~~~~^~~[m[K
[5.343s] [01m[K/usr/include/c++/11/bits/range_access.h:81:5:[m[K [01;36m[Knote: [m[Kcandidate: ‘[01m[Ktemplate<class _Container> constexpr decltype (__cont.end()) std::end(const _Container&)[m[K’
[5.343s]    81 |     [01;36m[Kend[m[K(const _Container& __cont) -> decltype(__cont.end())
[5.343s]       |     [01;36m[K^~~[m[K
[5.343s] [01m[K/usr/include/c++/11/bits/range_access.h:81:5:[m[K [01;36m[Knote: [m[K  template argument deduction/substitution failed:
[5.343s] /usr/include/c++/11/bits/range_access.h: In substitution of ‘[01m[Ktemplate<class _Container> constexpr decltype (__cont.end()) std::end(const _Container&) [with _Container = std::pair<std::__cxx11::basic_string<char>, std::vector<unsigned char, std::allocator<unsigned char> > >][m[K’:
[5.343s] [01m[K/home/pyh/Documents/ros2_ws/RobotAD_Issac_ws/src/nuscenes_data_collector/include/nuscenes_data_collector/nuscenes_data_collector_issac.hpp:960:41:[m[K   required from here
[5.343s] [01m[K/usr/include/c++/11/bits/range_access.h:81:54:[m[K [01;31m[Kerror: [m[K‘[01m[Kconst struct std::pair<std::__cxx11::basic_string<char>, std::vector<unsigned char, std::allocator<unsigned char> > >[m[K’ has no member named ‘[01m[Kend[m[K’
[5.343s]    81 |     end(const _Container& __cont) -> decltype([01;31m[K__cont.end[m[K())
[5.344s]       |                                               [01;31m[K~~~~~~~^~~[m[K
[5.344s] [01m[K/usr/include/c++/11/bits/range_access.h:100:5:[m[K [01;36m[Knote: [m[Kcandidate: ‘[01m[Ktemplate<class _Tp, long unsigned int _Nm> constexpr _Tp* std::end(_Tp (&)[_Nm])[m[K’
[5.344s]   100 |     [01;36m[Kend[m[K(_Tp (&__arr)[_Nm]) noexcept
[5.344s]       |     [01;36m[K^~~[m[K
[5.344s] [01m[K/usr/include/c++/11/bits/range_access.h:100:5:[m[K [01;36m[Knote: [m[K  template argument deduction/substitution failed:
[5.344s] In file included from [01m[K/home/pyh/Documents/ros2_ws/RobotAD_Issac_ws/src/nuscenes_data_collector/src/nuscenes_data_collector_issac.cpp:1[m[K:
[5.344s] [01m[K/home/pyh/Documents/ros2_ws/RobotAD_Issac_ws/src/nuscenes_data_collector/include/nuscenes_data_collector/nuscenes_data_collector_issac.hpp:960:41:[m[K [01;36m[Knote: [m[K  mismatched types ‘[01m[K_Tp [_Nm][m[K’ and ‘[01m[Kstd::pair<std::__cxx11::basic_string<char>, std::vector<unsigned char, std::allocator<unsigned char> > >[m[K’
[5.344s]   960 |             for (const auto& img_data : [01;36m[Ksample_img_cache[m[K) {
[5.344s]       |                                         [01;36m[K^~~~~~~~~~~~~~~~[m[K
[5.344s] In file included from [01m[K/usr/include/nlohmann/detail/conversions/from_json.hpp:13[m[K,
[5.344s]                  from [01m[K/usr/include/nlohmann/adl_serializer.hpp:6[m[K,
[5.344s]                  from [01m[K/usr/include/nlohmann/json.hpp:60[m[K,
[5.344s]                  from [01m[K/home/pyh/Documents/ros2_ws/RobotAD_Issac_ws/src/nuscenes_data_collector/include/nuscenes_data_collector/nuscenes_data_collector_issac.hpp:5[m[K,
[5.344s]                  from [01m[K/home/pyh/Documents/ros2_ws/RobotAD_Issac_ws/src/nuscenes_data_collector/src/nuscenes_data_collector_issac.cpp:1[m[K:
[5.344s] [01m[K/usr/include/c++/11/valarray:1239:5:[m[K [01;36m[Knote: [m[Kcandidate: ‘[01m[Ktemplate<class _Tp> _Tp* std::end(std::valarray<_Tp>&)[m[K’
[5.344s]  1239 |     [01;36m[Kend[m[K(valarray<_Tp>& __va) noexcept
[5.344s]       |     [01;36m[K^~~[m[K
[5.344s] [01m[K/usr/include/c++/11/valarray:1239:5:[m[K [01;36m[Knote: [m[K  template argument deduction/substitution failed:
[5.345s] In file included from [01m[K/home/pyh/Documents/ros2_ws/RobotAD_Issac_ws/src/nuscenes_data_collector/src/nuscenes_data_collector_issac.cpp:1[m[K:
[5.345s] [01m[K/home/pyh/Documents/ros2_ws/RobotAD_Issac_ws/src/nuscenes_data_collector/include/nuscenes_data_collector/nuscenes_data_collector_issac.hpp:960:41:[m[K [01;36m[Knote: [m[K  ‘[01m[Kstd::pair<std::__cxx11::basic_string<char>, std::vector<unsigned char, std::allocator<unsigned char> > >[m[K’ is not derived from ‘[01m[Kstd::valarray<_Tp>[m[K’
[5.345s]   960 |             for (const auto& img_data : [01;36m[Ksample_img_cache[m[K) {
[5.345s]       |                                         [01;36m[K^~~~~~~~~~~~~~~~[m[K
[5.345s] In file included from [01m[K/usr/include/nlohmann/detail/conversions/from_json.hpp:13[m[K,
[5.345s]                  from [01m[K/usr/include/nlohmann/adl_serializer.hpp:6[m[K,
[5.345s]                  from [01m[K/usr/include/nlohmann/json.hpp:60[m[K,
[5.345s]                  from [01m[K/home/pyh/Documents/ros2_ws/RobotAD_Issac_ws/src/nuscenes_data_collector/include/nuscenes_data_collector/nuscenes_data_collector_issac.hpp:5[m[K,
[5.345s]                  from [01m[K/home/pyh/Documents/ros2_ws/RobotAD_Issac_ws/src/nuscenes_data_collector/src/nuscenes_data_collector_issac.cpp:1[m[K:
[5.345s] [01m[K/usr/include/c++/11/valarray:1255:5:[m[K [01;36m[Knote: [m[Kcandidate: ‘[01m[Ktemplate<class _Tp> const _Tp* std::end(const std::valarray<_Tp>&)[m[K’
[5.345s]  1255 |     [01;36m[Kend[m[K(const valarray<_Tp>& __va) noexcept
[5.345s]       |     [01;36m[K^~~[m[K
[5.345s] [01m[K/usr/include/c++/11/valarray:1255:5:[m[K [01;36m[Knote: [m[K  template argument deduction/substitution failed:
[5.345s] In file included from [01m[K/home/pyh/Documents/ros2_ws/RobotAD_Issac_ws/src/nuscenes_data_collector/src/nuscenes_data_collector_issac.cpp:1[m[K:
[5.345s] [01m[K/home/pyh/Documents/ros2_ws/RobotAD_Issac_ws/src/nuscenes_data_collector/include/nuscenes_data_collector/nuscenes_data_collector_issac.hpp:960:41:[m[K [01;36m[Knote: [m[K  ‘[01m[Kstd::pair<std::__cxx11::basic_string<char>, std::vector<unsigned char, std::allocator<unsigned char> > >[m[K’ is not derived from ‘[01m[Kconst std::valarray<_Tp>[m[K’
[5.345s]   960 |             for (const auto& img_data : [01;36m[Ksample_img_cache[m[K) {
[5.345s]       |                                         [01;36m[K^~~~~~~~~~~~~~~~[m[K
[5.370s] [01m[K/home/pyh/Documents/ros2_ws/RobotAD_Issac_ws/src/nuscenes_data_collector/include/nuscenes_data_collector/nuscenes_data_collector_issac.hpp:962:17:[m[K [01;31m[Kerror: [m[K‘[01m[Ksave_image_data_to_file[m[K’ was not declared in this scope; did you mean ‘[01m[Ksave_image_data[m[K’?
[5.370s]   962 |                 [01;31m[Ksave_image_data_to_file[m[K(img_data);
[5.370s]       |                 [01;31m[K^~~~~~~~~~~~~~~~~~~~~~~[m[K
[5.370s]       |                 [32m[Ksave_image_data[m[K
[5.370s] [01m[K/home/pyh/Documents/ros2_ws/RobotAD_Issac_ws/src/nuscenes_data_collector/include/nuscenes_data_collector/nuscenes_data_collector_issac.hpp:965:30:[m[K [01;31m[Kerror: [m[K‘[01m[Kstruct std::pair<std::__cxx11::basic_string<char>, std::vector<unsigned char, std::allocator<unsigned char> > >[m[K’ has no member named ‘[01m[Kclear[m[K’
[5.370s]   965 |             sample_img_cache.[01;31m[Kclear[m[K();
[5.370s]       |                              [01;31m[K^~~~~[m[K
[5.370s] [01m[K/home/pyh/Documents/ros2_ws/RobotAD_Issac_ws/src/nuscenes_data_collector/include/nuscenes_data_collector/nuscenes_data_collector_issac.hpp:967:13:[m[K [01;31m[Kerror: [m[Kcould not convert ‘[01m[K((NuScenesDataCollectorIssac*)this)->NuScenesDataCollectorIssac::sample_lidar_cache[m[K’ from ‘[01m[Kstd::pair<std::__cxx11::basic_string<char>, std::vector<unsigned char, std::allocator<unsigned char> > >[m[K’ to ‘[01m[Kbool[m[K’
[5.370s]   967 |         if ([01;31m[Ksample_lidar_cache[m[K) {
[5.370s]       |             [01;31m[K^~~~~~~~~~~~~~~~~~[m[K
[5.370s]       |             [01;31m[K|[m[K
[5.370s]       |             [01;31m[Kstd::pair<std::__cxx11::basic_string<char>, std::vector<unsigned char, std::allocator<unsigned char> > >[m[K
[5.404s] [01m[K/home/pyh/Documents/ros2_ws/RobotAD_Issac_ws/src/nuscenes_data_collector/include/nuscenes_data_collector/nuscenes_data_collector_issac.hpp:969:13:[m[K [01;31m[Kerror: [m[K‘[01m[Ksave_lidar_data_to_file[m[K’ was not declared in this scope; did you mean ‘[01m[Ksave_lidar_data[m[K’?
[5.404s]   969 |             [01;31m[Ksave_lidar_data_to_file[m[K(sample_lidar_cache);
[5.404s]       |             [01;31m[K^~~~~~~~~~~~~~~~~~~~~~~[m[K
[5.404s]       |             [32m[Ksave_lidar_data[m[K
[5.405s] [01m[K/home/pyh/Documents/ros2_ws/RobotAD_Issac_ws/src/nuscenes_data_collector/include/nuscenes_data_collector/nuscenes_data_collector_issac.hpp:971:32:[m[K [01;31m[Kerror: [m[K‘[01m[Kstruct std::pair<std::__cxx11::basic_string<char>, std::vector<unsigned char, std::allocator<unsigned char> > >[m[K’ has no member named ‘[01m[Kreset[m[K’
[5.405s]   971 |             sample_lidar_cache.[01;31m[Kreset[m[K();
[5.405s]       |                                [01;31m[K^~~~~[m[K
[5.431s] [01m[K/home/pyh/Documents/ros2_ws/RobotAD_Issac_ws/src/nuscenes_data_collector/include/nuscenes_data_collector/nuscenes_data_collector_issac.hpp:977:17:[m[K [01;31m[Kerror: [m[K‘[01m[Kinstance_token[m[K’ was not declared in this scope
[5.431s]   977 |                 [01;31m[Kinstance_token[m[K = sample_bbox3d_json_cache["instance_token"];
[5.431s]       |                 [01;31m[K^~~~~~~~~~~~~~[m[K
[5.431s] [01m[K/home/pyh/Documents/ros2_ws/RobotAD_Issac_ws/src/nuscenes_data_collector/include/nuscenes_data_collector/nuscenes_data_collector_issac.hpp:977:59:[m[K [01;31m[Kerror: [m[Kinvalid conversion from ‘[01m[Kconst char*[m[K’ to ‘[01m[Kstd::vector<nlohmann::basic_json<>, std::allocator<nlohmann::basic_json<> > >::size_type[m[K’ {aka ‘[01m[Klong unsigned int[m[K’} [[01;31m[K]8;;https://gcc.gnu.org/onlinedocs/gcc/Warning-Options.html#index-fpermissive-fpermissive]8;;[m[K]
[5.431s]   977 |                 instance_token = sample_bbox3d_json_cache[[01;31m[K"instance_token"[m[K];
[5.431s]       |                                                           [01;31m[K^~~~~~~~~~~~~~~~[m[K
[5.431s]       |                                                           [01;31m[K|[m[K
[5.431s]       |                                                           [01;31m[Kconst char*[m[K
[5.431s] In file included from [01m[K/usr/include/c++/11/vector:67[m[K,
[5.431s]                  from [01m[K/usr/include/c++/11/functional:62[m[K,
[5.431s]                  from [01m[K/usr/include/c++/11/pstl/glue_algorithm_defs.h:13[m[K,
[5.431s]                  from [01m[K/usr/include/c++/11/algorithm:74[m[K,
[5.431s]                  from [01m[K/opt/ros/humble/include/rclcpp/rclcpp/executor.hpp:18[m[K,
[5.431s]                  from [01m[K/opt/ros/humble/include/rclcpp/rclcpp/executors/multi_threaded_executor.hpp:25[m[K,
[5.431s]                  from [01m[K/opt/ros/humble/include/rclcpp/rclcpp/executors.hpp:21[m[K,
[5.431s]                  from [01m[K/opt/ros/humble/include/rclcpp/rclcpp/rclcpp.hpp:155[m[K,
[5.431s]                  from [01m[K/home/pyh/Documents/ros2_ws/RobotAD_Issac_ws/src/nuscenes_data_collector/include/nuscenes_data_collector/nuscenes_data_collector_issac.hpp:4[m[K,
[5.431s]                  from [01m[K/home/pyh/Documents/ros2_ws/RobotAD_Issac_ws/src/nuscenes_data_collector/src/nuscenes_data_collector_issac.cpp:1[m[K:
[5.432s] [01m[K/usr/include/c++/11/bits/stl_vector.h:1043:28:[m[K [01;36m[Knote: [m[K  initializing argument 1 of ‘[01m[Kstd::vector<_Tp, _Alloc>::reference std::vector<_Tp, _Alloc>::operator[](std::vector<_Tp, _Alloc>::size_type) [with _Tp = nlohmann::basic_json<>; _Alloc = std::allocator<nlohmann::basic_json<> >; std::vector<_Tp, _Alloc>::reference = nlohmann::basic_json<>&; std::vector<_Tp, _Alloc>::size_type = long unsigned int][m[K’
[5.432s]  1043 |       operator[]([01;36m[Ksize_type __n[m[K) _GLIBCXX_NOEXCEPT
[5.432s]       |                  [01;36m[K~~~~~~~~~~^~~[m[K
[5.432s] In file included from [01m[K/home/pyh/Documents/ros2_ws/RobotAD_Issac_ws/src/nuscenes_data_collector/src/nuscenes_data_collector_issac.cpp:1[m[K:
[5.432s] [01m[K/home/pyh/Documents/ros2_ws/RobotAD_Issac_ws/src/nuscenes_data_collector/include/nuscenes_data_collector/nuscenes_data_collector_issac.hpp:979:22:[m[K [01;31m[Kerror: [m[Kexpected ‘[01m[K;[m[K’ before ‘[01m[Kinstance_json[m[K’
[5.432s]   979 |                 json [01;31m[Kinstance_json[m[K;
[5.432s]       |                      [01;31m[K^~~~~~~~~~~~~[m[K
[5.432s] [01m[K/home/pyh/Documents/ros2_ws/RobotAD_Issac_ws/src/nuscenes_data_collector/include/nuscenes_data_collector/nuscenes_data_collector_issac.hpp:979:17:[m[K [01;35m[Kwarning: [m[Kstatement has no effect [[01;35m[K]8;;https://gcc.gnu.org/onlinedocs/gcc/Warning-Options.html#index-Wunused-value-Wunused-value]8;;[m[K]
[5.432s]   979 |                 [01;35m[Kjson[m[K instance_json;
[5.432s]       |                 [01;35m[K^~~~[m[K
[5.451s] [01m[K/home/pyh/Documents/ros2_ws/RobotAD_Issac_ws/src/nuscenes_data_collector/include/nuscenes_data_collector/nuscenes_data_collector_issac.hpp:982:21:[m[K [01;31m[Kerror: [m[K‘[01m[Kinstance_json[m[K’ was not declared in this scope
[5.451s]   982 |                     [01;31m[Kinstance_json[m[K["token"] = instance_token;
[5.451s]       |                     [01;31m[K^~~~~~~~~~~~~[m[K
[5.487s] [01m[K/home/pyh/Documents/ros2_ws/RobotAD_Issac_ws/src/nuscenes_data_collector/include/nuscenes_data_collector/nuscenes_data_collector_issac.hpp:985:63:[m[K [01;31m[Kerror: [m[K‘[01m[Ksample_annotation_token[m[K’ was not declared in this scope
[5.487s]   985 |                     instance_json["first_annotation_token"] = [01;31m[Ksample_annotation_token[m[K;
[5.487s]       |                                                               [01;31m[K^~~~~~~~~~~~~~~~~~~~~~~[m[K
[5.506s] [01m[K/home/pyh/Documents/ros2_ws/RobotAD_Issac_ws/src/nuscenes_data_collector/include/nuscenes_data_collector/nuscenes_data_collector_issac.hpp:991:21:[m[K [01;31m[Kerror: [m[K‘[01m[Kinstance_json[m[K’ was not declared in this scope
[5.506s]   991 |                     [01;31m[Kinstance_json[m[K = val.back(); // 取出最后一个元素，假设每次更新是对最后一个 JSON 对象的更新
[5.506s]       |                     [01;31m[K^~~~~~~~~~~~~[m[K
[5.506s] [01m[K/home/pyh/Documents/ros2_ws/RobotAD_Issac_ws/src/nuscenes_data_collector/include/nuscenes_data_collector/nuscenes_data_collector_issac.hpp:992:93:[m[K [01;31m[Kerror: [m[Kexpected primary-expression before ‘[01m[Kint[m[K’
[5.506s]   992 |                     instance_json["nbr_annotations"] = instance_json["nbr_annotations"].get<[01;31m[Kint[m[K>() + 1;
[5.506s]       |                                                                                             [01;31m[K^~~[m[K
[5.541s] [01m[K/home/pyh/Documents/ros2_ws/RobotAD_Issac_ws/src/nuscenes_data_collector/include/nuscenes_data_collector/nuscenes_data_collector_issac.hpp:993:62:[m[K [01;31m[Kerror: [m[K‘[01m[Ksample_annotation_token[m[K’ was not declared in this scope
[5.541s]   993 |                     instance_json["last_annotation_token"] = [01;31m[Ksample_annotation_token[m[K; // update the last_annotation_token
[5.541s]       |                                                              [01;31m[K^~~~~~~~~~~~~~~~~~~~~~~[m[K
[12.200s] gmake[2]: *** [CMakeFiles/nuscenes_data_collector_issac_node.dir/build.make:76: CMakeFiles/nuscenes_data_collector_issac_node.dir/src/nuscenes_data_collector_issac.cpp.o] Error 1
[12.200s] gmake[1]: *** [CMakeFiles/Makefile2:165: CMakeFiles/nuscenes_data_collector_issac_node.dir/all] Error 2
[12.200s] gmake: *** [Makefile:146: all] Error 2
[12.202s] Invoked command in '/home/pyh/Documents/ros2_ws/RobotAD_Issac_ws/build/nuscenes_data_collector' returned '2': CMAKE_PREFIX_PATH=/home/pyh/Documents/ros2_ws/RobotAD_Issac_ws/install/usb_camera:/home/pyh/Documents/ros2_ws/RobotAD_Issac_ws/install/serial_comm:/home/pyh/Documents/ros2_ws/RobotAD_Issac_ws/install/robot_locate:/home/pyh/Documents/ros2_ws/RobotAD_Issac_ws/install/diff_control:/home/pyh/Documents/ros2_ws/RobotAD_Issac_ws/install/robot_hardware:/home/pyh/Documents/ros2_ws/RobotAD_Issac_ws/install/pointcloud_to_laserscan:/home/pyh/Documents/ros2_ws/RobotAD_Issac_ws/install/nuscenes_data_collector:/opt/ros/humble:/home/pyh/Documents/ros2_ws/RobotAD_Issac_ws/install/message_filter_example:/home/pyh/Documents/ros2_ws/RobotAD_Issac_ws/install/keyboard_control /usr/bin/cmake --build /home/pyh/Documents/ros2_ws/RobotAD_Issac_ws/build/nuscenes_data_collector -- -j16 -l16
