In file included from [01m[K/home/pyh/Documents/ros2_ws/RobotAD_Issac_ws/src/nuscenes_data_collector/src/nuscenes_data_collector_issac.cpp:1[m[K:
[01m[K/home/pyh/Documents/ros2_ws/RobotAD_Issac_ws/src/nuscenes_data_collector/include/nuscenes_data_collector/nuscenes_data_collector_issac.hpp:[m[K In member function ‘[01m[Kbool NuScenesDataCollectorIssac::check_sample_done()[m[K’:
[01m[K/home/pyh/Documents/ros2_ws/RobotAD_Issac_ws/src/nuscenes_data_collector/include/nuscenes_data_collector/nuscenes_data_collector_issac.hpp:999:22:[m[K [01;31m[Kerror: [m[Kexpected ‘[01m[K;[m[K’ before ‘[01m[Kinstance_json[m[K’
  999 |                 json [01;31m[Kinstance_json[m[K;
      |                      [01;31m[K^~~~~~~~~~~~~[m[K
[01m[K/home/pyh/Documents/ros2_ws/RobotAD_Issac_ws/src/nuscenes_data_collector/include/nuscenes_data_collector/nuscenes_data_collector_issac.hpp:999:17:[m[K [01;35m[Kwarning: [m[Kstatement has no effect [[01;35m[K]8;;https://gcc.gnu.org/onlinedocs/gcc/Warning-Options.html#index-Wunused-value-Wunused-value]8;;[m[K]
  999 |                 [01;35m[Kjson[m[K instance_json;
      |                 [01;35m[K^~~~[m[K
[01m[K/home/pyh/Documents/ros2_ws/RobotAD_Issac_ws/src/nuscenes_data_collector/include/nuscenes_data_collector/nuscenes_data_collector_issac.hpp:1002:21:[m[K [01;31m[Kerror: [m[K‘[01m[Kinstance_json[m[K’ was not declared in this scope; did you mean ‘[01m[Kinstance_token[m[K’?
 1002 |                     [01;31m[Kinstance_json[m[K["token"] = instance_token;
      |                     [01;31m[K^~~~~~~~~~~~~[m[K
      |                     [32m[Kinstance_token[m[K
[01m[K/home/pyh/Documents/ros2_ws/RobotAD_Issac_ws/src/nuscenes_data_collector/include/nuscenes_data_collector/nuscenes_data_collector_issac.hpp:1011:21:[m[K [01;31m[Kerror: [m[K‘[01m[Kinstance_json[m[K’ was not declared in this scope; did you mean ‘[01m[Kinstance_token[m[K’?
 1011 |                     [01;31m[Kinstance_json[m[K = val.back(); // 取出最后一个元素，假设每次更新是对最后一个 JSON 对象的更新
      |                     [01;31m[K^~~~~~~~~~~~~[m[K
      |                     [32m[Kinstance_token[m[K
[01m[K/home/pyh/Documents/ros2_ws/RobotAD_Issac_ws/src/nuscenes_data_collector/include/nuscenes_data_collector/nuscenes_data_collector_issac.hpp:1012:93:[m[K [01;31m[Kerror: [m[Kexpected primary-expression before ‘[01m[Kint[m[K’
 1012 |                     instance_json["nbr_annotations"] = instance_json["nbr_annotations"].get<[01;31m[Kint[m[K>() + 1;
      |                                                                                             [01;31m[K^~~[m[K
gmake[2]: *** [CMakeFiles/nuscenes_data_collector_issac_node.dir/build.make:76: CMakeFiles/nuscenes_data_collector_issac_node.dir/src/nuscenes_data_collector_issac.cpp.o] Error 1
gmake[1]: *** [CMakeFiles/Makefile2:165: CMakeFiles/nuscenes_data_collector_issac_node.dir/all] Error 2
gmake: *** [Makefile:146: all] Error 2
