In file included from [01m[K/home/pyh/Documents/ros2_ws/RobotAD_Issac_ws/src/nuscenes_data_collector/src/nuscenes_data_collector_issac.cpp:1[m[K:
[01m[K/home/pyh/Documents/ros2_ws/RobotAD_Issac_ws/src/nuscenes_data_collector/include/nuscenes_data_collector/nuscenes_data_collector_issac.hpp:[m[K In member function â€˜[01m[Kbool NuScenesDataCollectorIssac::check_sample_done()[m[Kâ€™:
[01m[K/home/pyh/Documents/ros2_ws/RobotAD_Issac_ws/src/nuscenes_data_collector/include/nuscenes_data_collector/nuscenes_data_collector_issac.hpp:999:22:[m[K [01;31m[Kerror: [m[Kexpected â€˜[01m[K;[m[Kâ€™ before â€˜[01m[Kinstance_json[m[Kâ€™
  999 |                 json [01;31m[Kinstance_json[m[K;
      |                      [01;31m[K^~~~~~~~~~~~~[m[K
[01m[K/home/pyh/Documents/ros2_ws/RobotAD_Issac_ws/src/nuscenes_data_collector/include/nuscenes_data_collector/nuscenes_data_collector_issac.hpp:999:17:[m[K [01;35m[Kwarning: [m[Kstatement has no effect [[01;35m[K]8;;https://gcc.gnu.org/onlinedocs/gcc/Warning-Options.html#index-Wunused-value-Wunused-value]8;;[m[K]
  999 |                 [01;35m[Kjson[m[K instance_json;
      |                 [01;35m[K^~~~[m[K
[01m[K/home/pyh/Documents/ros2_ws/RobotAD_Issac_ws/src/nuscenes_data_collector/include/nuscenes_data_collector/nuscenes_data_collector_issac.hpp:1002:21:[m[K [01;31m[Kerror: [m[Kâ€˜[01m[Kinstance_json[m[Kâ€™ was not declared in this scope; did you mean â€˜[01m[Kinstance_token[m[Kâ€™?
 1002 |                     [01;31m[Kinstance_json[m[K["token"] = instance_token;
      |                     [01;31m[K^~~~~~~~~~~~~[m[K
      |                     [32m[Kinstance_token[m[K
[01m[K/home/pyh/Documents/ros2_ws/RobotAD_Issac_ws/src/nuscenes_data_collector/include/nuscenes_data_collector/nuscenes_data_collector_issac.hpp:1011:21:[m[K [01;31m[Kerror: [m[Kâ€˜[01m[Kinstance_json[m[Kâ€™ was not declared in this scope; did you mean â€˜[01m[Kinstance_token[m[Kâ€™?
 1011 |                     [01;31m[Kinstance_json[m[K = val.back(); // å–å‡ºæœ€åä¸€ä¸ªå…ƒç´ ï¼Œå‡è®¾æ¯æ¬¡æ›´æ–°æ˜¯å¯¹æœ€åä¸€ä¸ª JSON å¯¹è±¡çš„æ›´æ–°
      |                     [01;31m[K^~~~~~~~~~~~~[m[K
      |                     [32m[Kinstance_token[m[K
[01m[K/home/pyh/Documents/ros2_ws/RobotAD_Issac_ws/src/nuscenes_data_collector/include/nuscenes_data_collector/nuscenes_data_collector_issac.hpp:1012:93:[m[K [01;31m[Kerror: [m[Kexpected primary-expression before â€˜[01m[Kint[m[Kâ€™
 1012 |                     instance_json["nbr_annotations"] = instance_json["nbr_annotations"].get<[01;31m[Kint[m[K>() + 1;
      |                                                                                             [01;31m[K^~~[m[K
gmake[2]: *** [CMakeFiles/nuscenes_data_collector_issac_node.dir/build.make:76: CMakeFiles/nuscenes_data_collector_issac_node.dir/src/nuscenes_data_collector_issac.cpp.o] Error 1
gmake[1]: *** [CMakeFiles/Makefile2:165: CMakeFiles/nuscenes_data_collector_issac_node.dir/all] Error 2
gmake: *** [Makefile:146: all] Error 2
