[0.020s] Invoking command in '/home/pyh/Documents/ros2_ws/RobotAD_Issac_ws/build/nuscenes_data_collector': CMAKE_PREFIX_PATH=/home/pyh/Documents/ros2_ws/RobotAD_Issac_ws/install/usb_camera:/home/pyh/Documents/ros2_ws/RobotAD_Issac_ws/install/serial_comm:/home/pyh/Documents/ros2_ws/RobotAD_Issac_ws/install/robot_locate:/home/pyh/Documents/ros2_ws/RobotAD_Issac_ws/install/diff_control:/home/pyh/Documents/ros2_ws/RobotAD_Issac_ws/install/robot_hardware:/home/pyh/Documents/ros2_ws/RobotAD_Issac_ws/install/pointcloud_to_laserscan:/home/pyh/Documents/ros2_ws/RobotAD_Issac_ws/install/nuscenes_data_collector:/opt/ros/humble:/home/pyh/Documents/ros2_ws/RobotAD_Issac_ws/install/message_filter_example:/home/pyh/Documents/ros2_ws/RobotAD_Issac_ws/install/keyboard_control /usr/bin/cmake --build /home/pyh/Documents/ros2_ws/RobotAD_Issac_ws/build/nuscenes_data_collector -- -j16 -l16
[0.075s] [35m[1mConsolidate compiler generated dependencies of target nuscenes_data_collector_issac_node[0m
[0.091s] [ 50%] Built target nuscenes_data_collector_node
[0.101s] [ 75%] [32mBuilding CXX object CMakeFiles/nuscenes_data_collector_issac_node.dir/src/nuscenes_data_collector_issac.cpp.o[0m
[5.288s] In file included from [01m[K/opt/ros/humble/include/rclcpp/rclcpp/client.hpp:40[m[K,
[5.288s]                  from [01m[K/opt/ros/humble/include/rclcpp/rclcpp/callback_group.hpp:24[m[K,
[5.289s]                  from [01m[K/opt/ros/humble/include/rclcpp/rclcpp/any_executable.hpp:20[m[K,
[5.289s]                  from [01m[K/opt/ros/humble/include/rclcpp/rclcpp/memory_strategy.hpp:25[m[K,
[5.289s]                  from [01m[K/opt/ros/humble/include/rclcpp/rclcpp/memory_strategies.hpp:18[m[K,
[5.289s]                  from [01m[K/opt/ros/humble/include/rclcpp/rclcpp/executor_options.hpp:20[m[K,
[5.289s]                  from [01m[K/opt/ros/humble/include/rclcpp/rclcpp/executor.hpp:37[m[K,
[5.289s]                  from [01m[K/opt/ros/humble/include/rclcpp/rclcpp/executors/multi_threaded_executor.hpp:25[m[K,
[5.289s]                  from [01m[K/opt/ros/humble/include/rclcpp/rclcpp/executors.hpp:21[m[K,
[5.289s]                  from [01m[K/opt/ros/humble/include/rclcpp/rclcpp/rclcpp.hpp:155[m[K,
[5.289s]                  from [01m[K/home/pyh/Documents/ros2_ws/RobotAD_Issac_ws/src/nuscenes_data_collector/include/nuscenes_data_collector/nuscenes_data_collector_issac.hpp:4[m[K,
[5.289s]                  from [01m[K/home/pyh/Documents/ros2_ws/RobotAD_Issac_ws/src/nuscenes_data_collector/src/nuscenes_data_collector_issac.cpp:1[m[K:
[5.289s] [01m[K/home/pyh/Documents/ros2_ws/RobotAD_Issac_ws/src/nuscenes_data_collector/include/nuscenes_data_collector/nuscenes_data_collector_issac.hpp:[m[K In member function ‚Äò[01m[Kbool NuScenesDataCollectorIssac::check_sample_done()[m[K‚Äô:
[5.289s] [01m[K/home/pyh/Documents/ros2_ws/RobotAD_Issac_ws/src/nuscenes_data_collector/include/nuscenes_data_collector/nuscenes_data_collector_issac.hpp:957:27:[m[K [01;31m[Kerror: [m[K‚Äò[01m[Kclass NuScenesDataCollectorIssac[m[K‚Äô has no member named ‚Äò[01m[Kboxlogger[m[K‚Äô
[5.289s]   957 |         RCLCPP_INFO(this->[01;31m[Kboxlogger[m[K(), "All samples are done, caching data...");
[5.289s]       |                           [01;31m[K^~~~~~~~~[m[K
[5.289s] [01m[K/home/pyh/Documents/ros2_ws/RobotAD_Issac_ws/src/nuscenes_data_collector/include/nuscenes_data_collector/nuscenes_data_collector_issac.hpp:957:27:[m[K [01;31m[Kerror: [m[K‚Äò[01m[Kclass NuScenesDataCollectorIssac[m[K‚Äô has no member named ‚Äò[01m[Kboxlogger[m[K‚Äô
[5.289s] [01m[K/home/pyh/Documents/ros2_ws/RobotAD_Issac_ws/src/nuscenes_data_collector/include/nuscenes_data_collector/nuscenes_data_collector_issac.hpp:957:9:[m[K [01;31m[Kerror: [m[Ktemplate argument 1 is invalid
[5.289s]   957 |         [01;31m[KRCLCPP_INFO[m[K(this->boxlogger(), "All samples are done, caching data...");
[5.289s]       |         [01;31m[K^~~~~~~~~~~[m[K
[5.289s] [01m[K/home/pyh/Documents/ros2_ws/RobotAD_Issac_ws/src/nuscenes_data_collector/include/nuscenes_data_collector/nuscenes_data_collector_issac.hpp:957:9:[m[K [01;31m[Kerror: [m[Ktemplate argument 1 is invalid
[5.289s]   957 |         [01;31m[KRCLCPP_INFO[m[K(this->boxlogger(), "All samples are done, caching data...");
[5.289s]       |         [01;31m[K^~~~~~~~~~~[m[K
[5.289s] [01m[K/home/pyh/Documents/ros2_ws/RobotAD_Issac_ws/src/nuscenes_data_collector/include/nuscenes_data_collector/nuscenes_data_collector_issac.hpp:957:9:[m[K [01;31m[Kerror: [m[Ktemplate argument 1 is invalid
[5.289s]   957 |         [01;31m[KRCLCPP_INFO[m[K(this->boxlogger(), "All samples are done, caching data...");
[5.289s]       |         [01;31m[K^~~~~~~~~~~[m[K
[5.289s] In file included from [01m[K/opt/ros/humble/include/rclcpp/rclcpp/logging.hpp:24[m[K,
[5.290s]                  from [01m[K/opt/ros/humble/include/rclcpp/rclcpp/client.hpp:40[m[K,
[5.290s]                  from [01m[K/opt/ros/humble/include/rclcpp/rclcpp/callback_group.hpp:24[m[K,
[5.290s]                  from [01m[K/opt/ros/humble/include/rclcpp/rclcpp/any_executable.hpp:20[m[K,
[5.290s]                  from [01m[K/opt/ros/humble/include/rclcpp/rclcpp/memory_strategy.hpp:25[m[K,
[5.290s]                  from [01m[K/opt/ros/humble/include/rclcpp/rclcpp/memory_strategies.hpp:18[m[K,
[5.290s]                  from [01m[K/opt/ros/humble/include/rclcpp/rclcpp/executor_options.hpp:20[m[K,
[5.290s]                  from [01m[K/opt/ros/humble/include/rclcpp/rclcpp/executor.hpp:37[m[K,
[5.290s]                  from [01m[K/opt/ros/humble/include/rclcpp/rclcpp/executors/multi_threaded_executor.hpp:25[m[K,
[5.290s]                  from [01m[K/opt/ros/humble/include/rclcpp/rclcpp/executors.hpp:21[m[K,
[5.290s]                  from [01m[K/opt/ros/humble/include/rclcpp/rclcpp/rclcpp.hpp:155[m[K,
[5.290s]                  from [01m[K/home/pyh/Documents/ros2_ws/RobotAD_Issac_ws/src/nuscenes_data_collector/include/nuscenes_data_collector/nuscenes_data_collector_issac.hpp:4[m[K,
[5.290s]                  from [01m[K/home/pyh/Documents/ros2_ws/RobotAD_Issac_ws/src/nuscenes_data_collector/src/nuscenes_data_collector_issac.cpp:1[m[K:
[5.290s] [01m[K/home/pyh/Documents/ros2_ws/RobotAD_Issac_ws/src/nuscenes_data_collector/include/nuscenes_data_collector/nuscenes_data_collector_issac.hpp:957:27:[m[K [01;31m[Kerror: [m[K‚Äò[01m[Kclass NuScenesDataCollectorIssac[m[K‚Äô has no member named ‚Äò[01m[Kboxlogger[m[K‚Äô
[5.290s]   957 |         RCLCPP_INFO(this->[01;31m[Kboxlogger[m[K(), "All samples are done, caching data...");
[5.290s]       |                           [01;31m[K^~~~~~~~~[m[K
[5.290s] [01m[K/home/pyh/Documents/ros2_ws/RobotAD_Issac_ws/src/nuscenes_data_collector/include/nuscenes_data_collector/nuscenes_data_collector_issac.hpp:957:27:[m[K [01;31m[Kerror: [m[K‚Äò[01m[Kclass NuScenesDataCollectorIssac[m[K‚Äô has no member named ‚Äò[01m[Kboxlogger[m[K‚Äô
[5.290s]   957 |         RCLCPP_INFO(this->[01;31m[Kboxlogger[m[K(), "All samples are done, caching data...");
[5.290s]       |                           [01;31m[K^~~~~~~~~[m[K
[5.290s] In file included from [01m[K/home/pyh/Documents/ros2_ws/RobotAD_Issac_ws/src/nuscenes_data_collector/src/nuscenes_data_collector_issac.cpp:1[m[K:
[5.290s] [01m[K/home/pyh/Documents/ros2_ws/RobotAD_Issac_ws/src/nuscenes_data_collector/include/nuscenes_data_collector/nuscenes_data_collector_issac.hpp:958:31:[m[K [01;31m[Kerror: [m[K‚Äò[01m[Kstruct std::pair<std::__cxx11::basic_string<char>, std::vector<unsigned char, std::allocator<unsigned char> > >[m[K‚Äô has no member named ‚Äò[01m[Kempty[m[K‚Äô
[5.290s]   958 |         if (!sample_img_cache.[01;31m[Kempty[m[K()) {
[5.290s]       |                               [01;31m[K^~~~~[m[K
[5.290s] [01m[K/home/pyh/Documents/ros2_ws/RobotAD_Issac_ws/src/nuscenes_data_collector/include/nuscenes_data_collector/nuscenes_data_collector_issac.hpp:959:53:[m[K [01;31m[Kerror: [m[Kbase operand of ‚Äò[01m[K->[m[K‚Äô has non-pointer type ‚Äò[01m[Kstd::pair<std::__cxx11::basic_string<char>, std::vector<unsigned char, std::allocator<unsigned char> > >[m[K‚Äô
[5.290s]   959 |             std::string save_path = sample_img_cache[01;31m[K->[m[Kfirst;    // Get the file path for the image
[5.290s]       |                                                     [01;31m[K^~[m[K
[5.290s] [01m[K/home/pyh/Documents/ros2_ws/RobotAD_Issac_ws/src/nuscenes_data_collector/include/nuscenes_data_collector/nuscenes_data_collector_issac.hpp:960:57:[m[K [01;31m[Kerror: [m[Kbase operand of ‚Äò[01m[K->[m[K‚Äô has non-pointer type ‚Äò[01m[Kstd::pair<std::__cxx11::basic_string<char>, std::vector<unsigned char, std::allocator<unsigned char> > >[m[K‚Äô
[5.290s]   960 |             std::vector<uint8_t> data = sample_img_cache[01;31m[K->[m[Ksecond; // Get the cached image data
[5.291s]       |                                                         [01;31m[K^~[m[K
[5.291s] [01m[K/home/pyh/Documents/ros2_ws/RobotAD_Issac_ws/src/nuscenes_data_collector/include/nuscenes_data_collector/nuscenes_data_collector_issac.hpp:971:30:[m[K [01;31m[Kerror: [m[K‚Äò[01m[Kstruct std::pair<std::__cxx11::basic_string<char>, std::vector<unsigned char, std::allocator<unsigned char> > >[m[K‚Äô has no member named ‚Äò[01m[Kreset[m[K‚Äô
[5.291s]   971 |             sample_img_cache.[01;31m[Kreset[m[K();  // Clear the cache
[5.291s]       |                              [01;31m[K^~~~~[m[K
[5.291s] [01m[K/home/pyh/Documents/ros2_ws/RobotAD_Issac_ws/src/nuscenes_data_collector/include/nuscenes_data_collector/nuscenes_data_collector_issac.hpp:974:13:[m[K [01;31m[Kerror: [m[Kcould not convert ‚Äò[01m[K((NuScenesDataCollectorIssac*)this)->NuScenesDataCollectorIssac::sample_lidar_cache[m[K‚Äô from ‚Äò[01m[Kstd::pair<std::__cxx11::basic_string<char>, std::vector<unsigned char, std::allocator<unsigned char> > >[m[K‚Äô to ‚Äò[01m[Kbool[m[K‚Äô
[5.291s]   974 |         if ([01;31m[Ksample_lidar_cache[m[K) {
[5.291s]       |             [01;31m[K^~~~~~~~~~~~~~~~~~[m[K
[5.291s]       |             [01;31m[K|[m[K
[5.291s]       |             [01;31m[Kstd::pair<std::__cxx11::basic_string<char>, std::vector<unsigned char, std::allocator<unsigned char> > >[m[K
[5.291s] [01m[K/home/pyh/Documents/ros2_ws/RobotAD_Issac_ws/src/nuscenes_data_collector/include/nuscenes_data_collector/nuscenes_data_collector_issac.hpp:976:55:[m[K [01;31m[Kerror: [m[Kbase operand of ‚Äò[01m[K->[m[K‚Äô has non-pointer type ‚Äò[01m[Kstd::pair<std::__cxx11::basic_string<char>, std::vector<unsigned char, std::allocator<unsigned char> > >[m[K‚Äô
[5.291s]   976 |             std::string save_path = sample_lidar_cache[01;31m[K->[m[Kfirst;    // File path to save the point cloud
[5.291s]       |                                                       [01;31m[K^~[m[K
[5.291s] [01m[K/home/pyh/Documents/ros2_ws/RobotAD_Issac_ws/src/nuscenes_data_collector/include/nuscenes_data_collector/nuscenes_data_collector_issac.hpp:977:59:[m[K [01;31m[Kerror: [m[Kbase operand of ‚Äò[01m[K->[m[K‚Äô has non-pointer type ‚Äò[01m[Kstd::pair<std::__cxx11::basic_string<char>, std::vector<unsigned char, std::allocator<unsigned char> > >[m[K‚Äô
[5.291s]   977 |             std::vector<uint8_t> data = sample_lidar_cache[01;31m[K->[m[Ksecond; // Cached lidar data
[5.291s]       |                                                           [01;31m[K^~[m[K
[5.291s] [01m[K/home/pyh/Documents/ros2_ws/RobotAD_Issac_ws/src/nuscenes_data_collector/include/nuscenes_data_collector/nuscenes_data_collector_issac.hpp:988:32:[m[K [01;31m[Kerror: [m[K‚Äò[01m[Kstruct std::pair<std::__cxx11::basic_string<char>, std::vector<unsigned char, std::allocator<unsigned char> > >[m[K‚Äô has no member named ‚Äò[01m[Kreset[m[K‚Äô
[5.291s]   988 |             sample_lidar_cache.[01;31m[Kreset[m[K();
[5.291s]       |                                [01;31m[K^~~~~[m[K
[5.293s] [01m[K/home/pyh/Documents/ros2_ws/RobotAD_Issac_ws/src/nuscenes_data_collector/include/nuscenes_data_collector/nuscenes_data_collector_issac.hpp:999:22:[m[K [01;31m[Kerror: [m[Kexpected ‚Äò[01m[K;[m[K‚Äô before ‚Äò[01m[Kinstance_json[m[K‚Äô
[5.294s]   999 |                 json [01;31m[Kinstance_json[m[K;
[5.294s]       |                      [01;31m[K^~~~~~~~~~~~~[m[K
[5.294s] [01m[K/home/pyh/Documents/ros2_ws/RobotAD_Issac_ws/src/nuscenes_data_collector/include/nuscenes_data_collector/nuscenes_data_collector_issac.hpp:999:17:[m[K [01;35m[Kwarning: [m[Kstatement has no effect [[01;35m[K]8;;https://gcc.gnu.org/onlinedocs/gcc/Warning-Options.html#index-Wunused-value-Wunused-value]8;;[m[K]
[5.294s]   999 |                 [01;35m[Kjson[m[K instance_json;
[5.294s]       |                 [01;35m[K^~~~[m[K
[5.310s] [01m[K/home/pyh/Documents/ros2_ws/RobotAD_Issac_ws/src/nuscenes_data_collector/include/nuscenes_data_collector/nuscenes_data_collector_issac.hpp:1002:21:[m[K [01;31m[Kerror: [m[K‚Äò[01m[Kinstance_json[m[K‚Äô was not declared in this scope; did you mean ‚Äò[01m[Kinstance_token[m[K‚Äô?
[5.310s]  1002 |                     [01;31m[Kinstance_json[m[K["token"] = instance_token;
[5.310s]       |                     [01;31m[K^~~~~~~~~~~~~[m[K
[5.310s]       |                     [32m[Kinstance_token[m[K
[5.328s] [01m[K/home/pyh/Documents/ros2_ws/RobotAD_Issac_ws/src/nuscenes_data_collector/include/nuscenes_data_collector/nuscenes_data_collector_issac.hpp:1011:21:[m[K [01;31m[Kerror: [m[K‚Äò[01m[Kinstance_json[m[K‚Äô was not declared in this scope; did you mean ‚Äò[01m[Kinstance_token[m[K‚Äô?
[5.328s]  1011 |                     [01;31m[Kinstance_json[m[K = val.back(); // ÂèñÂá∫ÊúÄÂêé‰∏Ä‰∏™ÂÖÉÁ¥†ÔºåÂÅáËÆæÊØèÊ¨°Êõ¥Êñ∞ÊòØÂØπÊúÄÂêé‰∏Ä‰∏™ JSON ÂØπË±°ÁöÑÊõ¥Êñ∞
[5.328s]       |                     [01;31m[K^~~~~~~~~~~~~[m[K
[5.328s]       |                     [32m[Kinstance_token[m[K
[5.328s] [01m[K/home/pyh/Documents/ros2_ws/RobotAD_Issac_ws/src/nuscenes_data_collector/include/nuscenes_data_collector/nuscenes_data_collector_issac.hpp:1012:93:[m[K [01;31m[Kerror: [m[Kexpected primary-expression before ‚Äò[01m[Kint[m[K‚Äô
[5.328s]  1012 |                     instance_json["nbr_annotations"] = instance_json["nbr_annotations"].get<[01;31m[Kint[m[K>() + 1;
[5.328s]       |                                                                                             [01;31m[K^~~[m[K
[11.942s] gmake[2]: *** [CMakeFiles/nuscenes_data_collector_issac_node.dir/build.make:76: CMakeFiles/nuscenes_data_collector_issac_node.dir/src/nuscenes_data_collector_issac.cpp.o] Error 1
[11.943s] gmake[1]: *** [CMakeFiles/Makefile2:165: CMakeFiles/nuscenes_data_collector_issac_node.dir/all] Error 2
[11.943s] gmake: *** [Makefile:146: all] Error 2
[11.945s] Invoked command in '/home/pyh/Documents/ros2_ws/RobotAD_Issac_ws/build/nuscenes_data_collector' returned '2': CMAKE_PREFIX_PATH=/home/pyh/Documents/ros2_ws/RobotAD_Issac_ws/install/usb_camera:/home/pyh/Documents/ros2_ws/RobotAD_Issac_ws/install/serial_comm:/home/pyh/Documents/ros2_ws/RobotAD_Issac_ws/install/robot_locate:/home/pyh/Documents/ros2_ws/RobotAD_Issac_ws/install/diff_control:/home/pyh/Documents/ros2_ws/RobotAD_Issac_ws/install/robot_hardware:/home/pyh/Documents/ros2_ws/RobotAD_Issac_ws/install/pointcloud_to_laserscan:/home/pyh/Documents/ros2_ws/RobotAD_Issac_ws/install/nuscenes_data_collector:/opt/ros/humble:/home/pyh/Documents/ros2_ws/RobotAD_Issac_ws/install/message_filter_example:/home/pyh/Documents/ros2_ws/RobotAD_Issac_ws/install/keyboard_control /usr/bin/cmake --build /home/pyh/Documents/ros2_ws/RobotAD_Issac_ws/build/nuscenes_data_collector -- -j16 -l16
