[0.019s] Invoking command in '/home/pyh/Documents/ros2_ws/RobotAD_Issac_ws/build/nuscenes_data_collector': CMAKE_PREFIX_PATH=/home/pyh/Documents/ros2_ws/RobotAD_Issac_ws/install/usb_camera:/home/pyh/Documents/ros2_ws/RobotAD_Issac_ws/install/serial_comm:/home/pyh/Documents/ros2_ws/RobotAD_Issac_ws/install/robot_locate:/home/pyh/Documents/ros2_ws/RobotAD_Issac_ws/install/diff_control:/home/pyh/Documents/ros2_ws/RobotAD_Issac_ws/install/robot_hardware:/home/pyh/Documents/ros2_ws/RobotAD_Issac_ws/install/pointcloud_to_laserscan:/home/pyh/Documents/ros2_ws/RobotAD_Issac_ws/install/nuscenes_data_collector:/opt/ros/humble:/home/pyh/Documents/ros2_ws/RobotAD_Issac_ws/install/message_filter_example:/home/pyh/Documents/ros2_ws/RobotAD_Issac_ws/install/keyboard_control /usr/bin/cmake --build /home/pyh/Documents/ros2_ws/RobotAD_Issac_ws/build/nuscenes_data_collector -- -j16 -l16
[0.099s] [ 50%] Built target nuscenes_data_collector_node
[0.103s] [ 75%] [32mBuilding CXX object CMakeFiles/nuscenes_data_collector_issac_node.dir/src/nuscenes_data_collector_issac.cpp.o[0m
[5.147s] In file included from [01m[K/home/pyh/Documents/ros2_ws/RobotAD_Issac_ws/src/nuscenes_data_collector/src/nuscenes_data_collector_issac.cpp:1[m[K:
[5.147s] [01m[K/home/pyh/Documents/ros2_ws/RobotAD_Issac_ws/src/nuscenes_data_collector/include/nuscenes_data_collector/nuscenes_data_collector_issac.hpp:[m[K In member function â€˜[01m[Kbool NuScenesDataCollector::check_sample_done()[m[Kâ€™:
[5.147s] [01m[K/home/pyh/Documents/ros2_ws/RobotAD_Issac_ws/src/nuscenes_data_collector/include/nuscenes_data_collector/nuscenes_data_collector_issac.hpp:955:29:[m[K [01;31m[Kerror: [m[Kâ€˜[01m[Kcur_time[m[Kâ€™ was not declared in this scope
[5.147s]   955 |         last_sample_time_ = [01;31m[Kcur_time[m[K;
[5.147s]       |                             [01;31m[K^~~~~~~~[m[K
[5.176s] [01m[K/home/pyh/Documents/ros2_ws/RobotAD_Issac_ws/src/nuscenes_data_collector/src/nuscenes_data_collector_issac.cpp:[m[K In function â€˜[01m[Kint main(int, char**)[m[Kâ€™:
[5.176s] [01m[K/home/pyh/Documents/ros2_ws/RobotAD_Issac_ws/src/nuscenes_data_collector/src/nuscenes_data_collector_issac.cpp:9:34:[m[K [01;31m[Kerror: [m[Kâ€˜[01m[KNuScenesDataCollectorIssac[m[Kâ€™ was not declared in this scope; did you mean â€˜[01m[KNuScenesDataCollector[m[Kâ€™?
[5.176s]     9 |     auto node = std::make_shared<[01;31m[KNuScenesDataCollectorIssac[m[K>();
[5.176s]       |                                  [01;31m[K^~~~~~~~~~~~~~~~~~~~~~~~~~[m[K
[5.176s]       |                                  [32m[KNuScenesDataCollector[m[K
[5.176s] [01m[K/home/pyh/Documents/ros2_ws/RobotAD_Issac_ws/src/nuscenes_data_collector/src/nuscenes_data_collector_issac.cpp:9:61:[m[K [01;31m[Kerror: [m[Kno matching function for call to â€˜[01m[Kmake_shared<<expression error> >()[m[Kâ€™
[5.176s]     9 |     auto node = [01;31m[Kstd::make_shared<NuScenesDataCollectorIssac>()[m[K;
[5.176s]       |                 [01;31m[K~~~~~~~~~~~~~~~~~~~~~~~~~~~~~~~~~~~~~~~~~~~~^~[m[K
[5.176s] In file included from [01m[K/usr/include/c++/11/memory:77[m[K,
[5.176s]                  from [01m[K/opt/ros/humble/include/rclcpp/rclcpp/rclcpp.hpp:153[m[K,
[5.176s]                  from [01m[K/home/pyh/Documents/ros2_ws/RobotAD_Issac_ws/src/nuscenes_data_collector/include/nuscenes_data_collector/nuscenes_data_collector_issac.hpp:4[m[K,
[5.177s]                  from [01m[K/home/pyh/Documents/ros2_ws/RobotAD_Issac_ws/src/nuscenes_data_collector/src/nuscenes_data_collector_issac.cpp:1[m[K:
[5.177s] [01m[K/usr/include/c++/11/bits/shared_ptr.h:875:5:[m[K [01;36m[Knote: [m[Kcandidate: â€˜[01m[Ktemplate<class _Tp, class ... _Args> std::shared_ptr<_Tp> std::make_shared(_Args&& ...)[m[Kâ€™
[5.177s]   875 |     [01;36m[Kmake_shared[m[K(_Args&&... __args)
[5.177s]       |     [01;36m[K^~~~~~~~~~~[m[K
[5.177s] [01m[K/usr/include/c++/11/bits/shared_ptr.h:875:5:[m[K [01;36m[Knote: [m[K  template argument deduction/substitution failed:
[5.177s] [01m[K/home/pyh/Documents/ros2_ws/RobotAD_Issac_ws/src/nuscenes_data_collector/src/nuscenes_data_collector_issac.cpp:9:61:[m[K [01;31m[Kerror: [m[Ktemplate argument 1 is invalid
[5.177s]     9 |     auto node = [01;31m[Kstd::make_shared<NuScenesDataCollectorIssac>()[m[K;
[5.177s]       |                 [01;31m[K~~~~~~~~~~~~~~~~~~~~~~~~~~~~~~~~~~~~~~~~~~~~^~[m[K
[8.527s] gmake[2]: *** [CMakeFiles/nuscenes_data_collector_issac_node.dir/build.make:76: CMakeFiles/nuscenes_data_collector_issac_node.dir/src/nuscenes_data_collector_issac.cpp.o] Error 1
[8.527s] gmake[1]: *** [CMakeFiles/Makefile2:165: CMakeFiles/nuscenes_data_collector_issac_node.dir/all] Error 2
[8.527s] gmake: *** [Makefile:146: all] Error 2
[8.529s] Invoked command in '/home/pyh/Documents/ros2_ws/RobotAD_Issac_ws/build/nuscenes_data_collector' returned '2': CMAKE_PREFIX_PATH=/home/pyh/Documents/ros2_ws/RobotAD_Issac_ws/install/usb_camera:/home/pyh/Documents/ros2_ws/RobotAD_Issac_ws/install/serial_comm:/home/pyh/Documents/ros2_ws/RobotAD_Issac_ws/install/robot_locate:/home/pyh/Documents/ros2_ws/RobotAD_Issac_ws/install/diff_control:/home/pyh/Documents/ros2_ws/RobotAD_Issac_ws/install/robot_hardware:/home/pyh/Documents/ros2_ws/RobotAD_Issac_ws/install/pointcloud_to_laserscan:/home/pyh/Documents/ros2_ws/RobotAD_Issac_ws/install/nuscenes_data_collector:/opt/ros/humble:/home/pyh/Documents/ros2_ws/RobotAD_Issac_ws/install/message_filter_example:/home/pyh/Documents/ros2_ws/RobotAD_Issac_ws/install/keyboard_control /usr/bin/cmake --build /home/pyh/Documents/ros2_ws/RobotAD_Issac_ws/build/nuscenes_data_collector -- -j16 -l16
