[0.030s] Invoking command in '/home/pyh/Documents/ros2_ws/RobotAD_Issac_ws/build/nuscenes_data_collector': CMAKE_PREFIX_PATH=/home/pyh/Documents/ros2_ws/RobotAD_Issac_ws/install/usb_camera:/home/pyh/Documents/ros2_ws/RobotAD_Issac_ws/install/serial_comm:/home/pyh/Documents/ros2_ws/RobotAD_Issac_ws/install/robot_locate:/home/pyh/Documents/ros2_ws/RobotAD_Issac_ws/install/diff_control:/home/pyh/Documents/ros2_ws/RobotAD_Issac_ws/install/robot_hardware:/home/pyh/Documents/ros2_ws/RobotAD_Issac_ws/install/pointcloud_to_laserscan:/home/pyh/Documents/ros2_ws/RobotAD_Issac_ws/install/nuscenes_data_collector:/opt/ros/humble:/home/pyh/Documents/ros2_ws/RobotAD_Issac_ws/install/message_filter_example:/home/pyh/Documents/ros2_ws/RobotAD_Issac_ws/install/keyboard_control /usr/bin/cmake /home/pyh/Documents/ros2_ws/RobotAD_Issac_ws/src/nuscenes_data_collector -DCMAKE_INSTALL_PREFIX=/home/pyh/Documents/ros2_ws/RobotAD_Issac_ws/install/nuscenes_data_collector
[0.040s] -- Found ament_cmake: 1.3.11 (/opt/ros/humble/share/ament_cmake/cmake)
[0.164s] -- Override CMake install command with custom implementation using symlinks instead of copying resources
[0.171s] -- Found rclcpp: 16.0.11 (/opt/ros/humble/share/rclcpp/cmake)
[0.209s] -- Found rosidl_generator_c: 3.1.6 (/opt/ros/humble/share/rosidl_generator_c/cmake)
[0.213s] -- Found rosidl_adapter: 3.1.6 (/opt/ros/humble/share/rosidl_adapter/cmake)
[0.222s] -- Found rosidl_generator_cpp: 3.1.6 (/opt/ros/humble/share/rosidl_generator_cpp/cmake)
[0.236s] -- Using all available rosidl_typesupport_c: rosidl_typesupport_fastrtps_c;rosidl_typesupport_introspection_c
[0.255s] -- Using all available rosidl_typesupport_cpp: rosidl_typesupport_fastrtps_cpp;rosidl_typesupport_introspection_cpp
[0.304s] -- Found rmw_implementation_cmake: 6.1.2 (/opt/ros/humble/share/rmw_implementation_cmake/cmake)
[0.306s] -- Found rmw_fastrtps_cpp: 6.2.7 (/opt/ros/humble/share/rmw_fastrtps_cpp/cmake)
[0.425s] -- Using RMW implementation 'rmw_fastrtps_cpp' as default
[0.471s] -- Found sensor_msgs: 4.2.4 (/opt/ros/humble/share/sensor_msgs/cmake)
[0.497s] -- Found pcl_conversions: 2.4.5 (/opt/ros/humble/share/pcl_conversions/cmake)
[0.530s] -- Eigen found (include: /usr/include/eigen3, version: 3.4.0)
[0.565s] -- FLANN found (include: /usr/include, lib: /usr/lib/x86_64-linux-gnu/libflann_cpp.so)
[0.960s] -- OpenNI found (version: 1.5.4.0, include: /usr/include/ni, lib: /usr/lib/libOpenNI.so;libusb::libusb)
[0.966s] -- OpenNI2 found (version: 2.2.0.33, include: /usr/include/openni2, lib: /usr/lib/x86_64-linux-gnu/libOpenNI2.so;libusb::libusb)
[1.114s] -- Eigen found (include: /usr/include/eigen3, version: 3.4.0)
[1.119s] -- OpenNI found (version: 1.5.4.0, include: /usr/include/ni, lib: /usr/lib/libOpenNI.so;libusb::libusb)
[1.125s] -- OpenNI2 found (version: 2.2.0.33, include: /usr/include/openni2, lib: /usr/lib/x86_64-linux-gnu/libOpenNI2.so;libusb::libusb)
[1.259s] -- Found Qhull version 8.0.2
[1.409s] -- OpenNI found (version: 1.5.4.0, include: /usr/include/ni, lib: /usr/lib/libOpenNI.so;libusb::libusb)
[1.568s] -- Found nav_msgs: 4.2.4 (/opt/ros/humble/share/nav_msgs/cmake)
[1.584s] -- Found vision_msgs: 4.1.1 (/opt/ros/humble/share/vision_msgs/cmake)
[1.605s] -- Found cv_bridge: 3.2.1 (/opt/ros/humble/share/cv_bridge/cmake)
[1.719s] -- Configuring done
[1.795s] -- Generating done
[1.821s] -- Build files have been written to: /home/pyh/Documents/ros2_ws/RobotAD_Issac_ws/build/nuscenes_data_collector
[1.839s] Invoked command in '/home/pyh/Documents/ros2_ws/RobotAD_Issac_ws/build/nuscenes_data_collector' returned '0': CMAKE_PREFIX_PATH=/home/pyh/Documents/ros2_ws/RobotAD_Issac_ws/install/usb_camera:/home/pyh/Documents/ros2_ws/RobotAD_Issac_ws/install/serial_comm:/home/pyh/Documents/ros2_ws/RobotAD_Issac_ws/install/robot_locate:/home/pyh/Documents/ros2_ws/RobotAD_Issac_ws/install/diff_control:/home/pyh/Documents/ros2_ws/RobotAD_Issac_ws/install/robot_hardware:/home/pyh/Documents/ros2_ws/RobotAD_Issac_ws/install/pointcloud_to_laserscan:/home/pyh/Documents/ros2_ws/RobotAD_Issac_ws/install/nuscenes_data_collector:/opt/ros/humble:/home/pyh/Documents/ros2_ws/RobotAD_Issac_ws/install/message_filter_example:/home/pyh/Documents/ros2_ws/RobotAD_Issac_ws/install/keyboard_control /usr/bin/cmake /home/pyh/Documents/ros2_ws/RobotAD_Issac_ws/src/nuscenes_data_collector -DCMAKE_INSTALL_PREFIX=/home/pyh/Documents/ros2_ws/RobotAD_Issac_ws/install/nuscenes_data_collector
[1.841s] Invoking command in '/home/pyh/Documents/ros2_ws/RobotAD_Issac_ws/build/nuscenes_data_collector': CMAKE_PREFIX_PATH=/home/pyh/Documents/ros2_ws/RobotAD_Issac_ws/install/usb_camera:/home/pyh/Documents/ros2_ws/RobotAD_Issac_ws/install/serial_comm:/home/pyh/Documents/ros2_ws/RobotAD_Issac_ws/install/robot_locate:/home/pyh/Documents/ros2_ws/RobotAD_Issac_ws/install/diff_control:/home/pyh/Documents/ros2_ws/RobotAD_Issac_ws/install/robot_hardware:/home/pyh/Documents/ros2_ws/RobotAD_Issac_ws/install/pointcloud_to_laserscan:/home/pyh/Documents/ros2_ws/RobotAD_Issac_ws/install/nuscenes_data_collector:/opt/ros/humble:/home/pyh/Documents/ros2_ws/RobotAD_Issac_ws/install/message_filter_example:/home/pyh/Documents/ros2_ws/RobotAD_Issac_ws/install/keyboard_control /usr/bin/cmake --build /home/pyh/Documents/ros2_ws/RobotAD_Issac_ws/build/nuscenes_data_collector -- -j16 -l16
[1.881s] [35m[1mConsolidate compiler generated dependencies of target nuscenes_data_collector_node[0m
[1.882s] [35m[1mConsolidate compiler generated dependencies of target nuscenes_data_collector_issac_node[0m
[1.908s] [ 50%] Built target nuscenes_data_collector_node
[1.909s] [ 75%] [32mBuilding CXX object CMakeFiles/nuscenes_data_collector_issac_node.dir/src/nuscenes_data_collector_issac.cpp.o[0m
[7.589s] In file included from [01m[K/home/pyh/Documents/ros2_ws/RobotAD_Issac_ws/src/nuscenes_data_collector/src/nuscenes_data_collector_issac.cpp:1[m[K:
[7.590s] [01m[K/home/pyh/Documents/ros2_ws/RobotAD_Issac_ws/src/nuscenes_data_collector/include/nuscenes_data_collector/nuscenes_data_collector_issac.hpp:1155:50:[m[K [01;31m[Kerror: [m[Kwrong number of template arguments (1, should be at least 2)
[7.590s]  1155 |     std::unordered_map<std::vector<nlohmann::json[01;31m[K>>[m[K sample_bbox3d_json_cache_;
[7.590s]       |                                                  [01;31m[K^~[m[K
[7.590s] In file included from [01m[K/usr/include/c++/11/unordered_map:47[m[K,
[7.590s]                  from [01m[K/opt/ros/humble/include/rclcpp/rclcpp/executors/multi_threaded_executor.hpp:23[m[K,
[7.590s]                  from [01m[K/opt/ros/humble/include/rclcpp/rclcpp/executors.hpp:21[m[K,
[7.590s]                  from [01m[K/opt/ros/humble/include/rclcpp/rclcpp/rclcpp.hpp:155[m[K,
[7.590s]                  from [01m[K/home/pyh/Documents/ros2_ws/RobotAD_Issac_ws/src/nuscenes_data_collector/include/nuscenes_data_collector/nuscenes_data_collector_issac.hpp:4[m[K,
[7.590s]                  from [01m[K/home/pyh/Documents/ros2_ws/RobotAD_Issac_ws/src/nuscenes_data_collector/src/nuscenes_data_collector_issac.cpp:1[m[K:
[7.590s] [01m[K/usr/include/c++/11/bits/unordered_map.h:102:11:[m[K [01;36m[Knote: [m[Kprovided for â€˜[01m[Ktemplate<class _Key, class _Tp, class _Hash, class _Pred, class _Alloc> class std::unordered_map[m[Kâ€™
[7.590s]   102 |     class [01;36m[Kunordered_map[m[K
[7.590s]       |           [01;36m[K^~~~~~~~~~~~~[m[K
[8.367s] In file included from [01m[K/home/pyh/Documents/ros2_ws/RobotAD_Issac_ws/src/nuscenes_data_collector/src/nuscenes_data_collector_issac.cpp:1[m[K:
[8.368s] [01m[K/home/pyh/Documents/ros2_ws/RobotAD_Issac_ws/src/nuscenes_data_collector/include/nuscenes_data_collector/nuscenes_data_collector_issac.hpp:[m[K In member function â€˜[01m[Kvoid NuScenesDataCollectorIssac::save_bbox3d_data(const std::shared_ptr<const vision_msgs::msg::Detection3DArray_<std::allocator<void> > >&, const string&)[m[Kâ€™:
[8.368s] [01m[K/home/pyh/Documents/ros2_ws/RobotAD_Issac_ws/src/nuscenes_data_collector/include/nuscenes_data_collector/nuscenes_data_collector_issac.hpp:645:38:[m[K [01;31m[Kerror: [m[Kno match for â€˜[01m[Koperator[][m[Kâ€™ (operand types are â€˜[01m[Kint[m[Kâ€™ and â€˜[01m[Kconst string[m[Kâ€™ {aka â€˜[01m[Kconst std::__cxx11::basic_string<char>[m[Kâ€™})
[8.368s]   645 |             sample_bbox3d_json_cache_[01;31m[K[[m[Kdevice_name] = sample_annotation_jsons;
[8.368s]       |                                      [01;31m[K^[m[K
[8.413s] [01m[K/home/pyh/Documents/ros2_ws/RobotAD_Issac_ws/src/nuscenes_data_collector/include/nuscenes_data_collector/nuscenes_data_collector_issac.hpp:[m[K In member function â€˜[01m[Kbool NuScenesDataCollectorIssac::check_sample_done()[m[Kâ€™:
[8.413s] [01m[K/home/pyh/Documents/ros2_ws/RobotAD_Issac_ws/src/nuscenes_data_collector/include/nuscenes_data_collector/nuscenes_data_collector_issac.hpp:1000:34:[m[K [01;31m[Kerror: [m[Kâ€˜[01m[Kbegin[m[Kâ€™ was not declared in this scope
[8.413s]  1000 |         for(auto& bbox3d_jsons : [01;31m[Ksample_bbox3d_json_cache_[m[K){
[8.413s]       |                                  [01;31m[K^~~~~~~~~~~~~~~~~~~~~~~~~[m[K
[8.414s] [01m[K/home/pyh/Documents/ros2_ws/RobotAD_Issac_ws/src/nuscenes_data_collector/include/nuscenes_data_collector/nuscenes_data_collector_issac.hpp:1000:34:[m[K [01;36m[Knote: [m[Ksuggested alternatives:
[8.414s] In file included from [01m[K/usr/include/nlohmann/detail/conversions/from_json.hpp:13[m[K,
[8.414s]                  from [01m[K/usr/include/nlohmann/adl_serializer.hpp:6[m[K,
[8.414s]                  from [01m[K/usr/include/nlohmann/json.hpp:60[m[K,
[8.414s]                  from [01m[K/home/pyh/Documents/ros2_ws/RobotAD_Issac_ws/src/nuscenes_data_collector/include/nuscenes_data_collector/nuscenes_data_collector_issac.hpp:5[m[K,
[8.414s]                  from [01m[K/home/pyh/Documents/ros2_ws/RobotAD_Issac_ws/src/nuscenes_data_collector/src/nuscenes_data_collector_issac.cpp:1[m[K:
[8.414s] [01m[K/usr/include/c++/11/valarray:1228:5:[m[K [01;36m[Knote: [m[K  â€˜[01m[Kstd::begin[m[Kâ€™
[8.414s]  1228 |     [01;36m[Kbegin[m[K(const valarray<_Tp>& __va) noexcept
[8.414s]       |     [01;36m[K^~~~~[m[K
[8.414s] In file included from [01m[K/usr/include/c++/11/filesystem:46[m[K,
[8.414s]                  from [01m[K/usr/include/nlohmann/detail/conversions/from_json.hpp:29[m[K,
[8.414s]                  from [01m[K/usr/include/nlohmann/adl_serializer.hpp:6[m[K,
[8.414s]                  from [01m[K/usr/include/nlohmann/json.hpp:60[m[K,
[8.414s]                  from [01m[K/home/pyh/Documents/ros2_ws/RobotAD_Issac_ws/src/nuscenes_data_collector/include/nuscenes_data_collector/nuscenes_data_collector_issac.hpp:5[m[K,
[8.414s]                  from [01m[K/home/pyh/Documents/ros2_ws/RobotAD_Issac_ws/src/nuscenes_data_collector/src/nuscenes_data_collector_issac.cpp:1[m[K:
[8.414s] [01m[K/usr/include/c++/11/bits/fs_dir.h:549:3:[m[K [01;36m[Knote: [m[K  â€˜[01m[Kstd::filesystem::__cxx11::begin[m[Kâ€™
[8.414s]   549 |   [01;36m[Kbegin[m[K(recursive_directory_iterator __iter) noexcept
[8.414s]       |   [01;36m[K^~~~~[m[K
[8.414s] In file included from [01m[K/usr/include/c++/11/utility:76[m[K,
[8.414s]                  from [01m[K/usr/include/c++/11/bits/unique_ptr.h:36[m[K,
[8.414s]                  from [01m[K/usr/include/c++/11/memory:76[m[K,
[8.414s]                  from [01m[K/opt/ros/humble/include/rclcpp/rclcpp/rclcpp.hpp:153[m[K,
[8.414s]                  from [01m[K/home/pyh/Documents/ros2_ws/RobotAD_Issac_ws/src/nuscenes_data_collector/include/nuscenes_data_collector/nuscenes_data_collector_issac.hpp:4[m[K,
[8.414s]                  from [01m[K/home/pyh/Documents/ros2_ws/RobotAD_Issac_ws/src/nuscenes_data_collector/src/nuscenes_data_collector_issac.cpp:1[m[K:
[8.414s] [01m[K/usr/include/c++/11/initializer_list:90:5:[m[K [01;36m[Knote: [m[K  â€˜[01m[Kstd::begin[m[Kâ€™
[8.414s]    90 |     [01;36m[Kbegin[m[K(initializer_list<_Tp> __ils) noexcept
[8.414s]       |     [01;36m[K^~~~~[m[K
[8.414s] In file included from [01m[K/usr/include/nlohmann/detail/string_escape.hpp:4[m[K,
[8.415s]                  from [01m[K/usr/include/nlohmann/detail/exceptions.hpp:9[m[K,
[8.415s]                  from [01m[K/usr/include/nlohmann/detail/conversions/from_json.hpp:15[m[K,
[8.415s]                  from [01m[K/usr/include/nlohmann/adl_serializer.hpp:6[m[K,
[8.415s]                  from [01m[K/usr/include/nlohmann/json.hpp:60[m[K,
[8.415s]                  from [01m[K/home/pyh/Documents/ros2_ws/RobotAD_Issac_ws/src/nuscenes_data_collector/include/nuscenes_data_collector/nuscenes_data_collector_issac.hpp:5[m[K,
[8.415s]                  from [01m[K/home/pyh/Documents/ros2_ws/RobotAD_Issac_ws/src/nuscenes_data_collector/src/nuscenes_data_collector_issac.cpp:1[m[K:
[8.415s] [01m[K/usr/include/nlohmann/detail/meta/call_std/begin.hpp:7:1:[m[K [01;36m[Knote: [m[K  â€˜[01m[Knlohmann::detail2::begin[m[Kâ€™
[8.415s]     7 | [01;36m[KNLOHMANN_CAN_CALL_STD_FUNC_IMPL[m[K(begin);
[8.415s]       | [01;36m[K^~~~~~~~~~~~~~~~~~~~~~~~~~~~~~~[m[K
[8.415s] In file included from [01m[K/usr/include/boost/mpl/vector/aux_/begin_end.hpp:21[m[K,
[8.415s]                  from [01m[K/usr/include/boost/mpl/vector/vector0.hpp:31[m[K,
[8.415s]                  from [01m[K/usr/include/boost/mpl/vector/vector10.hpp:18[m[K,
[8.415s]                  from [01m[K/usr/include/boost/mpl/vector/vector20.hpp:18[m[K,
[8.415s]                  from [01m[K/usr/include/boost/mpl/vector.hpp:36[m[K,
[8.415s]                  from [01m[K/usr/include/pcl-1.12/pcl/point_struct_traits.h:43[m[K,
[8.415s]                  from [01m[K/usr/include/pcl-1.12/pcl/type_traits.h:40[m[K,
[8.415s]                  from [01m[K/usr/include/pcl-1.12/pcl/memory.h:46[m[K,
[8.415s]                  from [01m[K/usr/include/pcl-1.12/pcl/PCLHeader.h:3[m[K,
[8.415s]                  from [01m[K/usr/include/pcl-1.12/pcl/point_cloud.h:47[m[K,
[8.415s]                  from [01m[K/home/pyh/Documents/ros2_ws/RobotAD_Issac_ws/src/nuscenes_data_collector/include/nuscenes_data_collector/nuscenes_data_collector_issac.hpp:28[m[K,
[8.415s]                  from [01m[K/home/pyh/Documents/ros2_ws/RobotAD_Issac_ws/src/nuscenes_data_collector/src/nuscenes_data_collector_issac.cpp:1[m[K:
[8.415s] [01m[K/usr/include/boost/mpl/begin_end_fwd.hpp:22:38:[m[K [01;36m[Knote: [m[K  â€˜[01m[Kboost::mpl::begin[m[Kâ€™
[8.415s]    22 | template< typename Sequence > struct [01;36m[Kbegin[m[K;
[8.415s]       |                                      [01;36m[K^~~~~[m[K
[8.416s] In file included from [01m[K/usr/include/boost/foreach.hpp:81[m[K,
[8.416s]                  from [01m[K/usr/include/pcl-1.12/pcl/conversions.h:54[m[K,
[8.416s]                  from [01m[K/home/pyh/Documents/ros2_ws/RobotAD_Issac_ws/src/nuscenes_data_collector/include/nuscenes_data_collector/nuscenes_data_collector_issac.hpp:30[m[K,
[8.416s]                  from [01m[K/home/pyh/Documents/ros2_ws/RobotAD_Issac_ws/src/nuscenes_data_collector/src/nuscenes_data_collector_issac.cpp:1[m[K:
[8.416s] [01m[K/usr/include/boost/range/begin.hpp:110:61:[m[K [01;36m[Knote: [m[K  â€˜[01m[Kboost::range_adl_barrier::begin[m[Kâ€™
[8.416s]   110 | inline BOOST_DEDUCED_TYPENAME range_iterator<const T>::type [01;36m[Kbegin[m[K( const T& r )
[8.416s]       |                                                             [01;36m[K^~~~~[m[K
[8.416s] In file included from [01m[K/usr/include/pcl-1.12/pcl/conversions.h:54[m[K,
[8.416s]                  from [01m[K/home/pyh/Documents/ros2_ws/RobotAD_Issac_ws/src/nuscenes_data_collector/include/nuscenes_data_collector/nuscenes_data_collector_issac.hpp:30[m[K,
[8.416s]                  from [01m[K/home/pyh/Documents/ros2_ws/RobotAD_Issac_ws/src/nuscenes_data_collector/src/nuscenes_data_collector_issac.cpp:1[m[K:
[8.416s] [01m[K/usr/include/boost/foreach.hpp:696:1:[m[K [01;36m[Knote: [m[K  â€˜[01m[Kboost::foreach_detail_::begin[m[Kâ€™
[8.416s]   696 | [01;36m[Kbegin[m[K(auto_any_t col, type2type<T *, C> *, boost::mpl::true_ *) // null-terminated C-style strings
[8.416s]       | [01;36m[K^~~~~[m[K
[8.416s] In file included from [01m[K/usr/include/c++/11/utility:76[m[K,
[8.416s]                  from [01m[K/usr/include/c++/11/bits/unique_ptr.h:36[m[K,
[8.416s]                  from [01m[K/usr/include/c++/11/memory:76[m[K,
[8.416s]                  from [01m[K/opt/ros/humble/include/rclcpp/rclcpp/rclcpp.hpp:153[m[K,
[8.416s]                  from [01m[K/home/pyh/Documents/ros2_ws/RobotAD_Issac_ws/src/nuscenes_data_collector/include/nuscenes_data_collector/nuscenes_data_collector_issac.hpp:4[m[K,
[8.416s]                  from [01m[K/home/pyh/Documents/ros2_ws/RobotAD_Issac_ws/src/nuscenes_data_collector/src/nuscenes_data_collector_issac.cpp:1[m[K:
[8.416s] [01m[K/usr/include/c++/11/initializer_list:90:5:[m[K [01;36m[Knote: [m[K  â€˜[01m[Kstd::begin[m[Kâ€™
[8.416s]    90 |     [01;36m[Kbegin[m[K(initializer_list<_Tp> __ils) noexcept
[8.416s]       |     [01;36m[K^~~~~[m[K
[8.416s] In file included from [01m[K/home/pyh/Documents/ros2_ws/RobotAD_Issac_ws/src/nuscenes_data_collector/src/nuscenes_data_collector_issac.cpp:1[m[K:
[8.416s] [01m[K/home/pyh/Documents/ros2_ws/RobotAD_Issac_ws/src/nuscenes_data_collector/include/nuscenes_data_collector/nuscenes_data_collector_issac.hpp:1000:34:[m[K [01;31m[Kerror: [m[Kâ€˜[01m[Kend[m[Kâ€™ was not declared in this scope
[8.416s]  1000 |         for(auto& bbox3d_jsons : [01;31m[Ksample_bbox3d_json_cache_[m[K){
[8.416s]       |                                  [01;31m[K^~~~~~~~~~~~~~~~~~~~~~~~~[m[K
[8.416s] [01m[K/home/pyh/Documents/ros2_ws/RobotAD_Issac_ws/src/nuscenes_data_collector/include/nuscenes_data_collector/nuscenes_data_collector_issac.hpp:1000:34:[m[K [01;36m[Knote: [m[Ksuggested alternatives:
[8.417s] In file included from [01m[K/usr/include/nlohmann/detail/conversions/from_json.hpp:13[m[K,
[8.417s]                  from [01m[K/usr/include/nlohmann/adl_serializer.hpp:6[m[K,
[8.417s]                  from [01m[K/usr/include/nlohmann/json.hpp:60[m[K,
[8.417s]                  from [01m[K/home/pyh/Documents/ros2_ws/RobotAD_Issac_ws/src/nuscenes_data_collector/include/nuscenes_data_collector/nuscenes_data_collector_issac.hpp:5[m[K,
[8.417s]                  from [01m[K/home/pyh/Documents/ros2_ws/RobotAD_Issac_ws/src/nuscenes_data_collector/src/nuscenes_data_collector_issac.cpp:1[m[K:
[8.417s] [01m[K/usr/include/c++/11/valarray:1255:5:[m[K [01;36m[Knote: [m[K  â€˜[01m[Kstd::end[m[Kâ€™
[8.417s]  1255 |     [01;36m[Kend[m[K(const valarray<_Tp>& __va) noexcept
[8.417s]       |     [01;36m[K^~~[m[K
[8.417s] In file included from [01m[K/usr/include/c++/11/filesystem:46[m[K,
[8.417s]                  from [01m[K/usr/include/nlohmann/detail/conversions/from_json.hpp:29[m[K,
[8.417s]                  from [01m[K/usr/include/nlohmann/adl_serializer.hpp:6[m[K,
[8.417s]                  from [01m[K/usr/include/nlohmann/json.hpp:60[m[K,
[8.417s]                  from [01m[K/home/pyh/Documents/ros2_ws/RobotAD_Issac_ws/src/nuscenes_data_collector/include/nuscenes_data_collector/nuscenes_data_collector_issac.hpp:5[m[K,
[8.417s]                  from [01m[K/home/pyh/Documents/ros2_ws/RobotAD_Issac_ws/src/nuscenes_data_collector/src/nuscenes_data_collector_issac.cpp:1[m[K:
[8.417s] [01m[K/usr/include/c++/11/bits/fs_dir.h:554:3:[m[K [01;36m[Knote: [m[K  â€˜[01m[Kstd::filesystem::__cxx11::end[m[Kâ€™
[8.417s]   554 |   [01;36m[Kend[m[K(recursive_directory_iterator) noexcept
[8.417s]       |   [01;36m[K^~~[m[K
[8.417s] In file included from [01m[K/usr/include/c++/11/utility:76[m[K,
[8.417s]                  from [01m[K/usr/include/c++/11/bits/unique_ptr.h:36[m[K,
[8.417s]                  from [01m[K/usr/include/c++/11/memory:76[m[K,
[8.417s]                  from [01m[K/opt/ros/humble/include/rclcpp/rclcpp/rclcpp.hpp:153[m[K,
[8.417s]                  from [01m[K/home/pyh/Documents/ros2_ws/RobotAD_Issac_ws/src/nuscenes_data_collector/include/nuscenes_data_collector/nuscenes_data_collector_issac.hpp:4[m[K,
[8.417s]                  from [01m[K/home/pyh/Documents/ros2_ws/RobotAD_Issac_ws/src/nuscenes_data_collector/src/nuscenes_data_collector_issac.cpp:1[m[K:
[8.417s] [01m[K/usr/include/c++/11/initializer_list:101:5:[m[K [01;36m[Knote: [m[K  â€˜[01m[Kstd::end[m[Kâ€™
[8.417s]   101 |     [01;36m[Kend[m[K(initializer_list<_Tp> __ils) noexcept
[8.417s]       |     [01;36m[K^~~[m[K
[8.417s] In file included from [01m[K/usr/include/nlohmann/detail/string_escape.hpp:4[m[K,
[8.417s]                  from [01m[K/usr/include/nlohmann/detail/exceptions.hpp:9[m[K,
[8.417s]                  from [01m[K/usr/include/nlohmann/detail/conversions/from_json.hpp:15[m[K,
[8.417s]                  from [01m[K/usr/include/nlohmann/adl_serializer.hpp:6[m[K,
[8.417s]                  from [01m[K/usr/include/nlohmann/json.hpp:60[m[K,
[8.417s]                  from [01m[K/home/pyh/Documents/ros2_ws/RobotAD_Issac_ws/src/nuscenes_data_collector/include/nuscenes_data_collector/nuscenes_data_collector_issac.hpp:5[m[K,
[8.418s]                  from [01m[K/home/pyh/Documents/ros2_ws/RobotAD_Issac_ws/src/nuscenes_data_collector/src/nuscenes_data_collector_issac.cpp:1[m[K:
[8.418s] [01m[K/usr/include/nlohmann/detail/meta/call_std/end.hpp:7:1:[m[K [01;36m[Knote: [m[K  â€˜[01m[Knlohmann::detail2::end[m[Kâ€™
[8.418s]     7 | [01;36m[KNLOHMANN_CAN_CALL_STD_FUNC_IMPL[m[K(end);
[8.418s]       | [01;36m[K^~~~~~~~~~~~~~~~~~~~~~~~~~~~~~~[m[K
[8.418s] In file included from [01m[K/usr/include/eigen3/Eigen/Core:265[m[K,
[8.418s]                  from [01m[K/usr/include/eigen3/Eigen/StdVector:14[m[K,
[8.418s]                  from [01m[K/usr/include/pcl-1.12/pcl/point_cloud.h:45[m[K,
[8.418s]                  from [01m[K/home/pyh/Documents/ros2_ws/RobotAD_Issac_ws/src/nuscenes_data_collector/include/nuscenes_data_collector/nuscenes_data_collector_issac.hpp:28[m[K,
[8.418s]                  from [01m[K/home/pyh/Documents/ros2_ws/RobotAD_Issac_ws/src/nuscenes_data_collector/src/nuscenes_data_collector_issac.cpp:1[m[K:
[8.418s] [01m[K/usr/include/eigen3/Eigen/src/Core/util/IndexedViewHelper.h:181:40:[m[K [01;36m[Knote: [m[K  â€˜[01m[KEigen::placeholders::end[m[Kâ€™
[8.418s]   181 |   EIGEN_DEPRECATED static const end_t  [01;36m[Kend[m[K  = Eigen::lastp1; // PLEASE use Eigen::lastp1 instead of Eigen::placeholders::end
[8.418s]       |                                        [01;36m[K^~~[m[K
[8.418s] In file included from [01m[K/usr/include/boost/mpl/vector/aux_/begin_end.hpp:21[m[K,
[8.418s]                  from [01m[K/usr/include/boost/mpl/vector/vector0.hpp:31[m[K,
[8.418s]                  from [01m[K/usr/include/boost/mpl/vector/vector10.hpp:18[m[K,
[8.418s]                  from [01m[K/usr/include/boost/mpl/vector/vector20.hpp:18[m[K,
[8.418s]                  from [01m[K/usr/include/boost/mpl/vector.hpp:36[m[K,
[8.418s]                  from [01m[K/usr/include/pcl-1.12/pcl/point_struct_traits.h:43[m[K,
[8.418s]                  from [01m[K/usr/include/pcl-1.12/pcl/type_traits.h:40[m[K,
[8.418s]                  from [01m[K/usr/include/pcl-1.12/pcl/memory.h:46[m[K,
[8.418s]                  from [01m[K/usr/include/pcl-1.12/pcl/PCLHeader.h:3[m[K,
[8.418s]                  from [01m[K/usr/include/pcl-1.12/pcl/point_cloud.h:47[m[K,
[8.418s]                  from [01m[K/home/pyh/Documents/ros2_ws/RobotAD_Issac_ws/src/nuscenes_data_collector/include/nuscenes_data_collector/nuscenes_data_collector_issac.hpp:28[m[K,
[8.418s]                  from [01m[K/home/pyh/Documents/ros2_ws/RobotAD_Issac_ws/src/nuscenes_data_collector/src/nuscenes_data_collector_issac.cpp:1[m[K:
[8.418s] [01m[K/usr/include/boost/mpl/begin_end_fwd.hpp:23:38:[m[K [01;36m[Knote: [m[K  â€˜[01m[Kboost::mpl::end[m[Kâ€™
[8.418s]    23 | template< typename Sequence > struct [01;36m[Kend[m[K;
[8.418s]       |                                      [01;36m[K^~~[m[K
[8.418s] In file included from [01m[K/usr/include/boost/foreach.hpp:80[m[K,
[8.418s]                  from [01m[K/usr/include/pcl-1.12/pcl/conversions.h:54[m[K,
[8.418s]                  from [01m[K/home/pyh/Documents/ros2_ws/RobotAD_Issac_ws/src/nuscenes_data_collector/include/nuscenes_data_collector/nuscenes_data_collector_issac.hpp:30[m[K,
[8.418s]                  from [01m[K/home/pyh/Documents/ros2_ws/RobotAD_Issac_ws/src/nuscenes_data_collector/src/nuscenes_data_collector_issac.cpp:1[m[K:
[8.418s] [01m[K/usr/include/boost/range/end.hpp:104:61:[m[K [01;36m[Knote: [m[K  â€˜[01m[Kboost::range_adl_barrier::end[m[Kâ€™
[8.419s]   104 | inline BOOST_DEDUCED_TYPENAME range_iterator<const T>::type [01;36m[Kend[m[K( const T& r )
[8.419s]       |                                                             [01;36m[K^~~[m[K
[8.419s] In file included from [01m[K/usr/include/pcl-1.12/pcl/conversions.h:54[m[K,
[8.419s]                  from [01m[K/home/pyh/Documents/ros2_ws/RobotAD_Issac_ws/src/nuscenes_data_collector/include/nuscenes_data_collector/nuscenes_data_collector_issac.hpp:30[m[K,
[8.419s]                  from [01m[K/home/pyh/Documents/ros2_ws/RobotAD_Issac_ws/src/nuscenes_data_collector/src/nuscenes_data_collector_issac.cpp:1[m[K:
[8.419s] [01m[K/usr/include/boost/foreach.hpp:736:1:[m[K [01;36m[Knote: [m[K  â€˜[01m[Kboost::foreach_detail_::end[m[Kâ€™
[8.419s]   736 | [01;36m[Kend[m[K(auto_any_t, type2type<T *, C> *, boost::mpl::true_ *) // null-terminated C-style strings
[8.419s]       | [01;36m[K^~~[m[K
[8.419s] In file included from [01m[K/usr/include/c++/11/utility:76[m[K,
[8.419s]                  from [01m[K/usr/include/c++/11/bits/unique_ptr.h:36[m[K,
[8.419s]                  from [01m[K/usr/include/c++/11/memory:76[m[K,
[8.419s]                  from [01m[K/opt/ros/humble/include/rclcpp/rclcpp/rclcpp.hpp:153[m[K,
[8.419s]                  from [01m[K/home/pyh/Documents/ros2_ws/RobotAD_Issac_ws/src/nuscenes_data_collector/include/nuscenes_data_collector/nuscenes_data_collector_issac.hpp:4[m[K,
[8.419s]                  from [01m[K/home/pyh/Documents/ros2_ws/RobotAD_Issac_ws/src/nuscenes_data_collector/src/nuscenes_data_collector_issac.cpp:1[m[K:
[8.419s] [01m[K/usr/include/c++/11/initializer_list:101:5:[m[K [01;36m[Knote: [m[K  â€˜[01m[Kstd::end[m[Kâ€™
[8.419s]   101 |     [01;36m[Kend[m[K(initializer_list<_Tp> __ils) noexcept
[8.419s]       |     [01;36m[K^~~[m[K
[16.313s] gmake[2]: *** [CMakeFiles/nuscenes_data_collector_issac_node.dir/build.make:76: CMakeFiles/nuscenes_data_collector_issac_node.dir/src/nuscenes_data_collector_issac.cpp.o] Error 1
[16.313s] gmake[1]: *** [CMakeFiles/Makefile2:165: CMakeFiles/nuscenes_data_collector_issac_node.dir/all] Error 2
[16.313s] gmake: *** [Makefile:146: all] Error 2
[16.315s] Invoked command in '/home/pyh/Documents/ros2_ws/RobotAD_Issac_ws/build/nuscenes_data_collector' returned '2': CMAKE_PREFIX_PATH=/home/pyh/Documents/ros2_ws/RobotAD_Issac_ws/install/usb_camera:/home/pyh/Documents/ros2_ws/RobotAD_Issac_ws/install/serial_comm:/home/pyh/Documents/ros2_ws/RobotAD_Issac_ws/install/robot_locate:/home/pyh/Documents/ros2_ws/RobotAD_Issac_ws/install/diff_control:/home/pyh/Documents/ros2_ws/RobotAD_Issac_ws/install/robot_hardware:/home/pyh/Documents/ros2_ws/RobotAD_Issac_ws/install/pointcloud_to_laserscan:/home/pyh/Documents/ros2_ws/RobotAD_Issac_ws/install/nuscenes_data_collector:/opt/ros/humble:/home/pyh/Documents/ros2_ws/RobotAD_Issac_ws/install/message_filter_example:/home/pyh/Documents/ros2_ws/RobotAD_Issac_ws/install/keyboard_control /usr/bin/cmake --build /home/pyh/Documents/ros2_ws/RobotAD_Issac_ws/build/nuscenes_data_collector -- -j16 -l16
