[35m[1mConsolidate compiler generated dependencies of target nuscenes_data_collector_issac_node[0m
[35m[1mConsolidate compiler generated dependencies of target nuscenes_data_collector_node[0m
[ 25%] [32mBuilding CXX object CMakeFiles/nuscenes_data_collector_node.dir/src/nuscenes_data_collector.cpp.o[0m
[ 50%] [32mBuilding CXX object CMakeFiles/nuscenes_data_collector_issac_node.dir/src/nuscenes_data_collector_issac.cpp.o[0m
In file included from [01m[K/home/pyh/Documents/ros2_ws/RobotAD_Issac_ws/src/nuscenes_data_collector/src/nuscenes_data_collector.cpp:1[m[K:
[01m[K/home/pyh/Documents/ros2_ws/RobotAD_Issac_ws/src/nuscenes_data_collector/include/nuscenes_data_collector/nuscenes_data_collector.hpp:[m[K In member function ‚Äò[01m[Kvoid NuScenesDataCollector::save_odom_data(std::shared_ptr<nav_msgs::msg::Odometry_<std::allocator<void> > >)[m[K‚Äô:
[01m[K/home/pyh/Documents/ros2_ws/RobotAD_Issac_ws/src/nuscenes_data_collector/include/nuscenes_data_collector/nuscenes_data_collector.hpp:542:13:[m[K [01;31m[Kerror: [m[K‚Äò[01m[Ktransform[m[K‚Äô was not declared in this scope
  542 |             [01;31m[Ktransform[m[K.transform.rotation.w,  // wÊîæÂú®Á¨¨‰∏Ä‰Ωç
      |             [01;31m[K^~~~~~~~~[m[K
[01m[K/home/pyh/Documents/ros2_ws/RobotAD_Issac_ws/src/nuscenes_data_collector/include/nuscenes_data_collector/nuscenes_data_collector.hpp:542:13:[m[K [01;36m[Knote: [m[Ksuggested alternatives:
In file included from [01m[K/usr/include/c++/11/algorithm:74[m[K,
                 from [01m[K/opt/ros/humble/include/rclcpp/rclcpp/executor.hpp:18[m[K,
                 from [01m[K/opt/ros/humble/include/rclcpp/rclcpp/executors/multi_threaded_executor.hpp:25[m[K,
                 from [01m[K/opt/ros/humble/include/rclcpp/rclcpp/executors.hpp:21[m[K,
                 from [01m[K/opt/ros/humble/include/rclcpp/rclcpp/rclcpp.hpp:155[m[K,
                 from [01m[K/home/pyh/Documents/ros2_ws/RobotAD_Issac_ws/src/nuscenes_data_collector/include/nuscenes_data_collector/nuscenes_data_collector.hpp:4[m[K,
                 from [01m[K/home/pyh/Documents/ros2_ws/RobotAD_Issac_ws/src/nuscenes_data_collector/src/nuscenes_data_collector.cpp:1[m[K:
[01m[K/usr/include/c++/11/pstl/glue_algorithm_defs.h:162:1:[m[K [01;36m[Knote: [m[K  ‚Äò[01m[Kstd::transform[m[K‚Äô
  162 | [01;36m[Ktransform[m[K(_ExecutionPolicy&& __exec, _ForwardIterator1 __first1, _ForwardIterator1 __last1, _ForwardIterator2 __first2,
      | [01;36m[K^~~~~~~~~[m[K
In file included from [01m[K/usr/include/opencv4/opencv2/opencv.hpp:52[m[K,
                 from [01m[K/home/pyh/Documents/ros2_ws/RobotAD_Issac_ws/src/nuscenes_data_collector/include/nuscenes_data_collector/nuscenes_data_collector.hpp:15[m[K,
                 from [01m[K/home/pyh/Documents/ros2_ws/RobotAD_Issac_ws/src/nuscenes_data_collector/src/nuscenes_data_collector.cpp:1[m[K:
[01m[K/usr/include/opencv4/opencv2/core.hpp:1733:19:[m[K [01;36m[Knote: [m[K  ‚Äò[01m[Kcv::transform[m[K‚Äô
 1733 | CV_EXPORTS_W void [01;36m[Ktransform[m[K(InputArray src, OutputArray dst, InputArray m );
      |                   [01;36m[K^~~~~~~~~[m[K
In file included from [01m[K/home/pyh/Documents/ros2_ws/RobotAD_Issac_ws/src/nuscenes_data_collector/src/nuscenes_data_collector.cpp:1[m[K:
[01m[K/home/pyh/Documents/ros2_ws/RobotAD_Issac_ws/src/nuscenes_data_collector/include/nuscenes_data_collector/nuscenes_data_collector.hpp:541:48:[m[K [01;31m[Kerror: [m[Kcannot convert ‚Äò[01m[K<brace-enclosed initializer list>[m[K‚Äô to ‚Äò[01m[Knlohmann::basic_json<>::initializer_list_t[m[K‚Äô {aka ‚Äò[01m[Kstd::initializer_list<nlohmann::detail::json_ref<nlohmann::basic_json<> > >[m[K‚Äô}
  541 |         ego_pose_data["rotation"] = [01;31m[Kjson::array({[m[K
      |                                     [01;31m[K~~~~~~~~~~~^~[m[K
  542 | [01;31m[K            transform.transform.rotation.w,  // wÊîæÂú®Á¨¨‰∏Ä‰Ωç[m[K
      |             [01;31m[K~~~~~~~~~~~~~~~~~~~~~~~~~~~~~~~~~~~~~~~~~~~~~~~[m[K
  543 | [01;31m[K            transform.transform.rotation.x,  // xÊîæÂú®Á¨¨‰∫å‰Ωç[m[K
      |             [01;31m[K~~~~~~~~~~~~~~~~~~~~~~~~~~~~~~~~~~~~~~~~~~~~~~~[m[K
  544 | [01;31m[K            transform.transform.rotation.y,  // yÊîæÂú®Á¨¨‰∏â‰Ωç[m[K
      |             [01;31m[K~~~~~~~~~~~~~~~~~~~~~~~~~~~~~~~~~~~~~~~~~~~~~~~[m[K
  545 | [01;31m[K            transform.transform.rotation.z   // zÊîæÂú®Á¨¨Âõõ‰Ωç[m[K
      |             [01;31m[K~~~~~~~~~~~~~~~~~~~~~~~~~~~~~~~~~~~~~~~~~~~~~~~[m[K
  546 | [01;31m[K        })[m[K;
      |         [01;31m[K~~[m[K                                      
In file included from [01m[K/home/pyh/Documents/ros2_ws/RobotAD_Issac_ws/src/nuscenes_data_collector/include/nuscenes_data_collector/nuscenes_data_collector.hpp:6[m[K,
                 from [01m[K/home/pyh/Documents/ros2_ws/RobotAD_Issac_ws/src/nuscenes_data_collector/src/nuscenes_data_collector.cpp:1[m[K:
[01m[K/usr/include/nlohmann/json.hpp:997:48:[m[K [01;36m[Knote: [m[K  initializing argument 1 of ‚Äò[01m[Kstatic nlohmann::basic_json<ObjectType, ArrayType, StringType, BooleanType, NumberIntegerType, NumberUnsignedType, NumberFloatType, AllocatorType, JSONSerializer, BinaryType> nlohmann::basic_json<ObjectType, ArrayType, StringType, BooleanType, NumberIntegerType, NumberUnsignedType, NumberFloatType, AllocatorType, JSONSerializer, BinaryType>::array(nlohmann::basic_json<ObjectType, ArrayType, StringType, BooleanType, NumberIntegerType, NumberUnsignedType, NumberFloatType, AllocatorType, JSONSerializer, BinaryType>::initializer_list_t) [with ObjectType = std::map; ArrayType = std::vector; StringType = std::__cxx11::basic_string<char>; BooleanType = bool; NumberIntegerType = long int; NumberUnsignedType = long unsigned int; NumberFloatType = double; AllocatorType = std::allocator; JSONSerializer = nlohmann::adl_serializer; BinaryType = std::vector<unsigned char, std::allocator<unsigned char> >; nlohmann::basic_json<ObjectType, ArrayType, StringType, BooleanType, NumberIntegerType, NumberUnsignedType, NumberFloatType, AllocatorType, JSONSerializer, BinaryType>::initializer_list_t = std::initializer_list<nlohmann::detail::json_ref<nlohmann::basic_json<> > >][m[K‚Äô
  997 |     static basic_json array([01;36m[Kinitializer_list_t init = {}[m[K)
      |                             [01;36m[K~~~~~~~~~~~~~~~~~~~^~~~~~~~~[m[K
gmake[2]: *** [CMakeFiles/nuscenes_data_collector_node.dir/build.make:76: CMakeFiles/nuscenes_data_collector_node.dir/src/nuscenes_data_collector.cpp.o] Error 1
gmake[1]: *** [CMakeFiles/Makefile2:139: CMakeFiles/nuscenes_data_collector_node.dir/all] Error 2
gmake[1]: *** Waiting for unfinished jobs....
[ 75%] [32m[1mLinking CXX executable nuscenes_data_collector_issac_node[0m
[ 75%] Built target nuscenes_data_collector_issac_node
gmake: *** [Makefile:146: all] Error 2
