[0.032s] Invoking command in '/home/pyh/Documents/ros2_ws/RobotAD_Issac_ws/build/nuscenes_data_collector': CMAKE_PREFIX_PATH=/home/pyh/Documents/ros2_ws/RobotAD_Issac_ws/install/usb_camera:/home/pyh/Documents/ros2_ws/RobotAD_Issac_ws/install/serial_comm:/home/pyh/Documents/ros2_ws/RobotAD_Issac_ws/install/rslidar_sdk:/home/pyh/Documents/ros2_ws/RobotAD_Issac_ws/install/rslidar_msg:/home/pyh/Documents/ros2_ws/RobotAD_Issac_ws/install/robot_locate:/home/pyh/Documents/ros2_ws/RobotAD_Issac_ws/install/diff_control:/home/pyh/Documents/ros2_ws/RobotAD_Issac_ws/install/robot_hardware:/home/pyh/Documents/ros2_ws/RobotAD_Issac_ws/install/pointcloud_to_laserscan:/home/pyh/Documents/ros2_ws/RobotAD_Issac_ws/install/nuscenes_data_collector:/opt/ros/humble:/home/pyh/Documents/ros2_ws/RobotAD_Issac_ws/install/message_filter_example:/home/pyh/Documents/ros2_ws/RobotAD_Issac_ws/install/keyboard_control /usr/bin/cmake --build /home/pyh/Documents/ros2_ws/RobotAD_Issac_ws/build/nuscenes_data_collector -- -j16 -l16
[0.061s] -- Found ament_cmake: 1.3.11 (/opt/ros/humble/share/ament_cmake/cmake)
[0.222s] -- Override CMake install command with custom implementation using symlinks instead of copying resources
[0.231s] -- Found rclcpp: 16.0.11 (/opt/ros/humble/share/rclcpp/cmake)
[0.268s] -- Found rosidl_generator_c: 3.1.6 (/opt/ros/humble/share/rosidl_generator_c/cmake)
[0.270s] -- Found rosidl_adapter: 3.1.6 (/opt/ros/humble/share/rosidl_adapter/cmake)
[0.276s] -- Found rosidl_generator_cpp: 3.1.6 (/opt/ros/humble/share/rosidl_generator_cpp/cmake)
[0.286s] -- Using all available rosidl_typesupport_c: rosidl_typesupport_fastrtps_c;rosidl_typesupport_introspection_c
[0.301s] -- Using all available rosidl_typesupport_cpp: rosidl_typesupport_fastrtps_cpp;rosidl_typesupport_introspection_cpp
[0.329s] -- Found rmw_implementation_cmake: 6.1.2 (/opt/ros/humble/share/rmw_implementation_cmake/cmake)
[0.330s] -- Found rmw_fastrtps_cpp: 6.2.7 (/opt/ros/humble/share/rmw_fastrtps_cpp/cmake)
[0.431s] -- Using RMW implementation 'rmw_fastrtps_cpp' as default
[0.470s] -- Found sensor_msgs: 4.2.4 (/opt/ros/humble/share/sensor_msgs/cmake)
[0.491s] -- Found pcl_conversions: 2.4.5 (/opt/ros/humble/share/pcl_conversions/cmake)
[0.525s] -- Eigen found (include: /usr/include/eigen3, version: 3.4.0)
[0.561s] -- FLANN found (include: /usr/include, lib: /usr/lib/x86_64-linux-gnu/libflann_cpp.so)
[0.873s] -- OpenNI found (version: 1.5.4.0, include: /usr/include/ni, lib: /usr/lib/libOpenNI.so;libusb::libusb)
[0.878s] -- OpenNI2 found (version: 2.2.0.33, include: /usr/include/openni2, lib: /usr/lib/x86_64-linux-gnu/libOpenNI2.so;libusb::libusb)
[1.011s] -- Eigen found (include: /usr/include/eigen3, version: 3.4.0)
[1.021s] -- OpenNI found (version: 1.5.4.0, include: /usr/include/ni, lib: /usr/lib/libOpenNI.so;libusb::libusb)
[1.027s] -- OpenNI2 found (version: 2.2.0.33, include: /usr/include/openni2, lib: /usr/lib/x86_64-linux-gnu/libOpenNI2.so;libusb::libusb)
[1.142s] -- Found Qhull version 8.0.2
[1.268s] -- OpenNI found (version: 1.5.4.0, include: /usr/include/ni, lib: /usr/lib/libOpenNI.so;libusb::libusb)
[1.402s] -- Found nav_msgs: 4.2.4 (/opt/ros/humble/share/nav_msgs/cmake)
[1.416s] -- Found vision_msgs: 4.1.1 (/opt/ros/humble/share/vision_msgs/cmake)
[1.436s] -- Found cv_bridge: 3.2.1 (/opt/ros/humble/share/cv_bridge/cmake)
[1.443s] -- Found tf2_msgs: 0.25.11 (/opt/ros/humble/share/tf2_msgs/cmake)
[1.549s] -- Configuring done
[1.600s] -- Generating done
[1.620s] -- Build files have been written to: /home/pyh/Documents/ros2_ws/RobotAD_Issac_ws/build/nuscenes_data_collector
[1.654s] [35m[1mConsolidate compiler generated dependencies of target nuscenes_data_collector_node[0m
[1.654s] [35m[1mConsolidate compiler generated dependencies of target nuscenes_data_collector_issac_node[0m
[1.675s] [ 50%] [32mBuilding CXX object CMakeFiles/nuscenes_data_collector_node.dir/src/nuscenes_data_collector.cpp.o[0m
[1.675s] [ 50%] [32mBuilding CXX object CMakeFiles/nuscenes_data_collector_issac_node.dir/src/nuscenes_data_collector_issac.cpp.o[0m
[7.834s] In file included from [01m[K/home/pyh/Documents/ros2_ws/RobotAD_Issac_ws/src/nuscenes_data_collector/src/nuscenes_data_collector_issac.cpp:1[m[K:
[7.834s] [01m[K/home/pyh/Documents/ros2_ws/RobotAD_Issac_ws/src/nuscenes_data_collector/include/nuscenes_data_collector/nuscenes_data_collector_issac.hpp:[m[K In member function â€˜[01m[Kvoid NuScenesDataCollectorIssac::save_odom_data(std::shared_ptr<tf2_msgs::msg::TFMessage_<std::allocator<void> > >)[m[Kâ€™:
[7.834s] [01m[K/home/pyh/Documents/ros2_ws/RobotAD_Issac_ws/src/nuscenes_data_collector/include/nuscenes_data_collector/nuscenes_data_collector_issac.hpp:457:35:[m[K [01;31m[Kerror: [m[Kâ€˜[01m[Kusing element_type = struct tf2_msgs::msg::TFMessage_<std::allocator<void> >[m[Kâ€™ {aka â€˜[01m[Kstruct tf2_msgs::msg::TFMessage_<std::allocator<void> >[m[Kâ€™} has no member named â€˜[01m[Kheader[m[Kâ€™
[7.834s]   457 |         uint64_t timestamp = msg->[01;31m[Kheader[m[K.stamp.sec * 1e9 + msg->header.stamp.nanosec;
[7.834s]       |                                   [01;31m[K^~~~~~[m[K
[7.834s] [01m[K/home/pyh/Documents/ros2_ws/RobotAD_Issac_ws/src/nuscenes_data_collector/include/nuscenes_data_collector/nuscenes_data_collector_issac.hpp:457:65:[m[K [01;31m[Kerror: [m[Kâ€˜[01m[Kusing element_type = struct tf2_msgs::msg::TFMessage_<std::allocator<void> >[m[Kâ€™ {aka â€˜[01m[Kstruct tf2_msgs::msg::TFMessage_<std::allocator<void> >[m[Kâ€™} has no member named â€˜[01m[Kheader[m[Kâ€™
[7.834s]   457 |         uint64_t timestamp = msg->header.stamp.sec * 1e9 + msg->[01;31m[Kheader[m[K.stamp.nanosec;
[7.834s]       |                                                                 [01;31m[K^~~~~~[m[K
[7.836s] [01m[K/home/pyh/Documents/ros2_ws/RobotAD_Issac_ws/src/nuscenes_data_collector/include/nuscenes_data_collector/nuscenes_data_collector_issac.hpp:460:18:[m[K [01;31m[Kerror: [m[Kâ€˜[01m[Kusing element_type = struct tf2_msgs::msg::TFMessage_<std::allocator<void> >[m[Kâ€™ {aka â€˜[01m[Kstruct tf2_msgs::msg::TFMessage_<std::allocator<void> >[m[Kâ€™} has no member named â€˜[01m[Kpose[m[Kâ€™
[7.836s]   460 |             msg->[01;31m[Kpose[m[K.pose.orientation.x,
[7.836s]       |                  [01;31m[K^~~~[m[K
[7.836s] [01m[K/home/pyh/Documents/ros2_ws/RobotAD_Issac_ws/src/nuscenes_data_collector/include/nuscenes_data_collector/nuscenes_data_collector_issac.hpp:461:18:[m[K [01;31m[Kerror: [m[Kâ€˜[01m[Kusing element_type = struct tf2_msgs::msg::TFMessage_<std::allocator<void> >[m[Kâ€™ {aka â€˜[01m[Kstruct tf2_msgs::msg::TFMessage_<std::allocator<void> >[m[Kâ€™} has no member named â€˜[01m[Kpose[m[Kâ€™
[7.836s]   461 |             msg->[01;31m[Kpose[m[K.pose.orientation.y,
[7.836s]       |                  [01;31m[K^~~~[m[K
[7.836s] [01m[K/home/pyh/Documents/ros2_ws/RobotAD_Issac_ws/src/nuscenes_data_collector/include/nuscenes_data_collector/nuscenes_data_collector_issac.hpp:462:18:[m[K [01;31m[Kerror: [m[Kâ€˜[01m[Kusing element_type = struct tf2_msgs::msg::TFMessage_<std::allocator<void> >[m[Kâ€™ {aka â€˜[01m[Kstruct tf2_msgs::msg::TFMessage_<std::allocator<void> >[m[Kâ€™} has no member named â€˜[01m[Kpose[m[Kâ€™
[7.836s]   462 |             msg->[01;31m[Kpose[m[K.pose.orientation.z,
[7.836s]       |                  [01;31m[K^~~~[m[K
[7.837s] [01m[K/home/pyh/Documents/ros2_ws/RobotAD_Issac_ws/src/nuscenes_data_collector/include/nuscenes_data_collector/nuscenes_data_collector_issac.hpp:463:18:[m[K [01;31m[Kerror: [m[Kâ€˜[01m[Kusing element_type = struct tf2_msgs::msg::TFMessage_<std::allocator<void> >[m[Kâ€™ {aka â€˜[01m[Kstruct tf2_msgs::msg::TFMessage_<std::allocator<void> >[m[Kâ€™} has no member named â€˜[01m[Kpose[m[Kâ€™
[7.837s]   463 |             msg->[01;31m[Kpose[m[K.pose.orientation.w
[7.837s]       |                  [01;31m[K^~~~[m[K
[7.837s] [01m[K/home/pyh/Documents/ros2_ws/RobotAD_Issac_ws/src/nuscenes_data_collector/include/nuscenes_data_collector/nuscenes_data_collector_issac.hpp:464:9:[m[K [01;31m[Kerror: [m[Kno match for â€˜[01m[Koperator=[m[Kâ€™ (operand types are â€˜[01m[Knlohmann::basic_json<>::value_type[m[Kâ€™ {aka â€˜[01m[Knlohmann::basic_json<>[m[Kâ€™} and â€˜[01m[K<brace-enclosed initializer list>[m[Kâ€™)
[7.837s]   464 |         [01;31m[K}[m[K;
[7.837s]       |         [01;31m[K^[m[K
[7.837s] In file included from [01m[K/home/pyh/Documents/ros2_ws/RobotAD_Issac_ws/src/nuscenes_data_collector/include/nuscenes_data_collector/nuscenes_data_collector_issac.hpp:5[m[K,
[7.837s]                  from [01m[K/home/pyh/Documents/ros2_ws/RobotAD_Issac_ws/src/nuscenes_data_collector/src/nuscenes_data_collector_issac.cpp:1[m[K:
[7.837s] [01m[K/usr/include/nlohmann/json.hpp:1224:17:[m[K [01;36m[Knote: [m[Kcandidate: â€˜[01m[Knlohmann::basic_json<ObjectType, ArrayType, StringType, BooleanType, NumberIntegerType, NumberUnsignedType, NumberFloatType, AllocatorType, JSONSerializer, BinaryType>& nlohmann::basic_json<ObjectType, ArrayType, StringType, BooleanType, NumberIntegerType, NumberUnsignedType, NumberFloatType, AllocatorType, JSONSerializer, BinaryType>::operator=(nlohmann::basic_json<ObjectType, ArrayType, StringType, BooleanType, NumberIntegerType, NumberUnsignedType, NumberFloatType, AllocatorType, JSONSerializer, BinaryType>) [with ObjectType = std::map; ArrayType = std::vector; StringType = std::__cxx11::basic_string<char>; BooleanType = bool; NumberIntegerType = long int; NumberUnsignedType = long unsigned int; NumberFloatType = double; AllocatorType = std::allocator; JSONSerializer = nlohmann::adl_serializer; BinaryType = std::vector<unsigned char, std::allocator<unsigned char> >][m[Kâ€™
[7.837s]  1224 |     basic_json& [01;36m[Koperator[m[K=(basic_json other) noexcept (
[7.837s]       |                 [01;36m[K^~~~~~~~[m[K
[7.837s] [01m[K/usr/include/nlohmann/json.hpp:1224:38:[m[K [01;36m[Knote: [m[K  no known conversion for argument 1 from â€˜[01m[K<brace-enclosed initializer list>[m[Kâ€™ to â€˜[01m[Knlohmann::basic_json<>[m[Kâ€™
[7.837s]  1224 |     basic_json& operator=([01;36m[Kbasic_json other[m[K) noexcept (
[7.837s]       |                           [01;36m[K~~~~~~~~~~~^~~~~[m[K
[7.837s] In file included from [01m[K/home/pyh/Documents/ros2_ws/RobotAD_Issac_ws/src/nuscenes_data_collector/src/nuscenes_data_collector_issac.cpp:1[m[K:
[7.838s] [01m[K/home/pyh/Documents/ros2_ws/RobotAD_Issac_ws/src/nuscenes_data_collector/include/nuscenes_data_collector/nuscenes_data_collector_issac.hpp:466:18:[m[K [01;31m[Kerror: [m[Kâ€˜[01m[Kusing element_type = struct tf2_msgs::msg::TFMessage_<std::allocator<void> >[m[Kâ€™ {aka â€˜[01m[Kstruct tf2_msgs::msg::TFMessage_<std::allocator<void> >[m[Kâ€™} has no member named â€˜[01m[Kpose[m[Kâ€™
[7.838s]   466 |             msg->[01;31m[Kpose[m[K.pose.position.x,
[7.838s]       |                  [01;31m[K^~~~[m[K
[7.838s] [01m[K/home/pyh/Documents/ros2_ws/RobotAD_Issac_ws/src/nuscenes_data_collector/include/nuscenes_data_collector/nuscenes_data_collector_issac.hpp:467:18:[m[K [01;31m[Kerror: [m[Kâ€˜[01m[Kusing element_type = struct tf2_msgs::msg::TFMessage_<std::allocator<void> >[m[Kâ€™ {aka â€˜[01m[Kstruct tf2_msgs::msg::TFMessage_<std::allocator<void> >[m[Kâ€™} has no member named â€˜[01m[Kpose[m[Kâ€™
[7.838s]   467 |             msg->[01;31m[Kpose[m[K.pose.position.y,
[7.838s]       |                  [01;31m[K^~~~[m[K
[7.838s] [01m[K/home/pyh/Documents/ros2_ws/RobotAD_Issac_ws/src/nuscenes_data_collector/include/nuscenes_data_collector/nuscenes_data_collector_issac.hpp:468:18:[m[K [01;31m[Kerror: [m[Kâ€˜[01m[Kusing element_type = struct tf2_msgs::msg::TFMessage_<std::allocator<void> >[m[Kâ€™ {aka â€˜[01m[Kstruct tf2_msgs::msg::TFMessage_<std::allocator<void> >[m[Kâ€™} has no member named â€˜[01m[Kpose[m[Kâ€™
[7.838s]   468 |             msg->[01;31m[Kpose[m[K.pose.position.z
[7.838s]       |                  [01;31m[K^~~~[m[K
[7.838s] [01m[K/home/pyh/Documents/ros2_ws/RobotAD_Issac_ws/src/nuscenes_data_collector/include/nuscenes_data_collector/nuscenes_data_collector_issac.hpp:469:9:[m[K [01;31m[Kerror: [m[Kno match for â€˜[01m[Koperator=[m[Kâ€™ (operand types are â€˜[01m[Knlohmann::basic_json<>::value_type[m[Kâ€™ {aka â€˜[01m[Knlohmann::basic_json<>[m[Kâ€™} and â€˜[01m[K<brace-enclosed initializer list>[m[Kâ€™)
[7.838s]   469 |         [01;31m[K}[m[K;
[7.838s]       |         [01;31m[K^[m[K
[7.838s] In file included from [01m[K/home/pyh/Documents/ros2_ws/RobotAD_Issac_ws/src/nuscenes_data_collector/include/nuscenes_data_collector/nuscenes_data_collector_issac.hpp:5[m[K,
[7.838s]                  from [01m[K/home/pyh/Documents/ros2_ws/RobotAD_Issac_ws/src/nuscenes_data_collector/src/nuscenes_data_collector_issac.cpp:1[m[K:
[7.838s] [01m[K/usr/include/nlohmann/json.hpp:1224:17:[m[K [01;36m[Knote: [m[Kcandidate: â€˜[01m[Knlohmann::basic_json<ObjectType, ArrayType, StringType, BooleanType, NumberIntegerType, NumberUnsignedType, NumberFloatType, AllocatorType, JSONSerializer, BinaryType>& nlohmann::basic_json<ObjectType, ArrayType, StringType, BooleanType, NumberIntegerType, NumberUnsignedType, NumberFloatType, AllocatorType, JSONSerializer, BinaryType>::operator=(nlohmann::basic_json<ObjectType, ArrayType, StringType, BooleanType, NumberIntegerType, NumberUnsignedType, NumberFloatType, AllocatorType, JSONSerializer, BinaryType>) [with ObjectType = std::map; ArrayType = std::vector; StringType = std::__cxx11::basic_string<char>; BooleanType = bool; NumberIntegerType = long int; NumberUnsignedType = long unsigned int; NumberFloatType = double; AllocatorType = std::allocator; JSONSerializer = nlohmann::adl_serializer; BinaryType = std::vector<unsigned char, std::allocator<unsigned char> >][m[Kâ€™
[7.838s]  1224 |     basic_json& [01;36m[Koperator[m[K=(basic_json other) noexcept (
[7.839s]       |                 [01;36m[K^~~~~~~~[m[K
[7.839s] [01m[K/usr/include/nlohmann/json.hpp:1224:38:[m[K [01;36m[Knote: [m[K  no known conversion for argument 1 from â€˜[01m[K<brace-enclosed initializer list>[m[Kâ€™ to â€˜[01m[Knlohmann::basic_json<>[m[Kâ€™
[7.839s]  1224 |     basic_json& operator=([01;36m[Kbasic_json other[m[K) noexcept (
[7.839s]       |                           [01;36m[K~~~~~~~~~~~^~~~~[m[K
[7.842s] In file included from [01m[K/home/pyh/Documents/ros2_ws/RobotAD_Issac_ws/src/nuscenes_data_collector/src/nuscenes_data_collector_issac.cpp:1[m[K:
[7.842s] [01m[K/home/pyh/Documents/ros2_ws/RobotAD_Issac_ws/src/nuscenes_data_collector/include/nuscenes_data_collector/nuscenes_data_collector_issac.hpp:[m[K In member function â€˜[01m[Kvoid NuScenesDataCollectorIssac::cal_imu_data()[m[Kâ€™:
[7.842s] [01m[K/home/pyh/Documents/ros2_ws/RobotAD_Issac_ws/src/nuscenes_data_collector/include/nuscenes_data_collector/nuscenes_data_collector_issac.hpp:572:16:[m[K [01;35m[Kwarning: [m[Kunused variable â€˜[01m[Kdelta_qw[m[Kâ€™ [[01;35m[K]8;;https://gcc.gnu.org/onlinedocs/gcc/Warning-Options.html#index-Wunused-variable-Wunused-variable]8;;[m[K]
[7.842s]   572 |         double [01;35m[Kdelta_qw[m[K = current_rotation[3].get<double>() - previous_rotation[3].get<double>();
[7.842s]       |                [01;35m[K^~~~~~~~[m[K
[15.253s] gmake[2]: *** [CMakeFiles/nuscenes_data_collector_issac_node.dir/build.make:76: CMakeFiles/nuscenes_data_collector_issac_node.dir/src/nuscenes_data_collector_issac.cpp.o] Error 1
[15.254s] gmake[1]: *** [CMakeFiles/Makefile2:165: CMakeFiles/nuscenes_data_collector_issac_node.dir/all] Error 2
[15.254s] gmake[1]: *** Waiting for unfinished jobs....
[20.239s] [ 75%] [32m[1mLinking CXX executable nuscenes_data_collector_node[0m
[22.010s] [ 75%] Built target nuscenes_data_collector_node
[22.013s] gmake: *** [Makefile:146: all] Error 2
[22.015s] Invoked command in '/home/pyh/Documents/ros2_ws/RobotAD_Issac_ws/build/nuscenes_data_collector' returned '2': CMAKE_PREFIX_PATH=/home/pyh/Documents/ros2_ws/RobotAD_Issac_ws/install/usb_camera:/home/pyh/Documents/ros2_ws/RobotAD_Issac_ws/install/serial_comm:/home/pyh/Documents/ros2_ws/RobotAD_Issac_ws/install/rslidar_sdk:/home/pyh/Documents/ros2_ws/RobotAD_Issac_ws/install/rslidar_msg:/home/pyh/Documents/ros2_ws/RobotAD_Issac_ws/install/robot_locate:/home/pyh/Documents/ros2_ws/RobotAD_Issac_ws/install/diff_control:/home/pyh/Documents/ros2_ws/RobotAD_Issac_ws/install/robot_hardware:/home/pyh/Documents/ros2_ws/RobotAD_Issac_ws/install/pointcloud_to_laserscan:/home/pyh/Documents/ros2_ws/RobotAD_Issac_ws/install/nuscenes_data_collector:/opt/ros/humble:/home/pyh/Documents/ros2_ws/RobotAD_Issac_ws/install/message_filter_example:/home/pyh/Documents/ros2_ws/RobotAD_Issac_ws/install/keyboard_control /usr/bin/cmake --build /home/pyh/Documents/ros2_ws/RobotAD_Issac_ws/build/nuscenes_data_collector -- -j16 -l16
