In file included from [01m[K/home/pyh/Documents/ros2_ws/RobotAD_Issac_ws/src/nuscenes_data_collector/src/nuscenes_data_collector.cpp:1[m[K:
[01m[K/home/pyh/Documents/ros2_ws/RobotAD_Issac_ws/src/nuscenes_data_collector/include/nuscenes_data_collector/nuscenes_data_collector.hpp:[m[K In member function ‚Äò[01m[Kvoid NuScenesDataCollector::save_odom_data(std::shared_ptr<nav_msgs::msg::Odometry_<std::allocator<void> > >)[m[K‚Äô:
[01m[K/home/pyh/Documents/ros2_ws/RobotAD_Issac_ws/src/nuscenes_data_collector/include/nuscenes_data_collector/nuscenes_data_collector.hpp:542:28:[m[K [01;31m[Kerror: [m[K‚Äò[01m[Kusing _pose_type = struct geometry_msgs::msg::Pose_<std::allocator<void> >[m[K‚Äô {aka ‚Äò[01m[Kstruct geometry_msgs::msg::Pose_<std::allocator<void> >[m[K‚Äô} has no member named ‚Äò[01m[Krotation[m[K‚Äô
  542 |             msg->pose.pose.[01;31m[Krotation[m[K.w,  // wÊîæÂú®Á¨¨‰∏Ä‰Ωç
      |                            [01;31m[K^~~~~~~~[m[K
[01m[K/home/pyh/Documents/ros2_ws/RobotAD_Issac_ws/src/nuscenes_data_collector/include/nuscenes_data_collector/nuscenes_data_collector.hpp:543:28:[m[K [01;31m[Kerror: [m[K‚Äò[01m[Kusing _pose_type = struct geometry_msgs::msg::Pose_<std::allocator<void> >[m[K‚Äô {aka ‚Äò[01m[Kstruct geometry_msgs::msg::Pose_<std::allocator<void> >[m[K‚Äô} has no member named ‚Äò[01m[Krotation[m[K‚Äô
  543 |             msg->pose.pose.[01;31m[Krotation[m[K.x,  // xÊîæÂú®Á¨¨‰∫å‰Ωç
      |                            [01;31m[K^~~~~~~~[m[K
[01m[K/home/pyh/Documents/ros2_ws/RobotAD_Issac_ws/src/nuscenes_data_collector/include/nuscenes_data_collector/nuscenes_data_collector.hpp:544:28:[m[K [01;31m[Kerror: [m[K‚Äò[01m[Kusing _pose_type = struct geometry_msgs::msg::Pose_<std::allocator<void> >[m[K‚Äô {aka ‚Äò[01m[Kstruct geometry_msgs::msg::Pose_<std::allocator<void> >[m[K‚Äô} has no member named ‚Äò[01m[Krotation[m[K‚Äô
  544 |             msg->pose.pose.[01;31m[Krotation[m[K.y,  // yÊîæÂú®Á¨¨‰∏â‰Ωç
      |                            [01;31m[K^~~~~~~~[m[K
[01m[K/home/pyh/Documents/ros2_ws/RobotAD_Issac_ws/src/nuscenes_data_collector/include/nuscenes_data_collector/nuscenes_data_collector.hpp:545:28:[m[K [01;31m[Kerror: [m[K‚Äò[01m[Kusing _pose_type = struct geometry_msgs::msg::Pose_<std::allocator<void> >[m[K‚Äô {aka ‚Äò[01m[Kstruct geometry_msgs::msg::Pose_<std::allocator<void> >[m[K‚Äô} has no member named ‚Äò[01m[Krotation[m[K‚Äô
  545 |             msg->pose.pose.[01;31m[Krotation[m[K.z   // zÊîæÂú®Á¨¨Âõõ‰Ωç
      |                            [01;31m[K^~~~~~~~[m[K
gmake[2]: *** [CMakeFiles/nuscenes_data_collector_node.dir/build.make:76: CMakeFiles/nuscenes_data_collector_node.dir/src/nuscenes_data_collector.cpp.o] Error 1
gmake[1]: *** [CMakeFiles/Makefile2:139: CMakeFiles/nuscenes_data_collector_node.dir/all] Error 2
gmake: *** [Makefile:146: all] Error 2
