[0.045s] Invoking command in '/home/pyh/Documents/ros2_ws/RobotAD_Issac_ws/build/nuscenes_data_collector': CMAKE_PREFIX_PATH=/home/pyh/Documents/ros2_ws/RobotAD_Issac_ws/install/usb_camera:/home/pyh/Documents/ros2_ws/RobotAD_Issac_ws/install/serial_comm:/home/pyh/Documents/ros2_ws/RobotAD_Issac_ws/install/rslidar_sdk:/home/pyh/Documents/ros2_ws/RobotAD_Issac_ws/install/rslidar_msg:/home/pyh/Documents/ros2_ws/RobotAD_Issac_ws/install/robot_locate:/home/pyh/Documents/ros2_ws/RobotAD_Issac_ws/install/diff_control:/home/pyh/Documents/ros2_ws/RobotAD_Issac_ws/install/robot_hardware:/home/pyh/Documents/ros2_ws/RobotAD_Issac_ws/install/pointcloud_to_laserscan:/home/pyh/Documents/ros2_ws/RobotAD_Issac_ws/install/nuscenes_data_collector:/opt/ros/humble:/home/pyh/Documents/ros2_ws/RobotAD_Issac_ws/install/message_filter_example:/home/pyh/Documents/ros2_ws/RobotAD_Issac_ws/install/keyboard_control /usr/bin/cmake --build /home/pyh/Documents/ros2_ws/RobotAD_Issac_ws/build/nuscenes_data_collector -- -j16 -l16
[0.105s] [35m[1mConsolidate compiler generated dependencies of target nuscenes_data_collector_node[0m
[0.159s] [ 25%] [32mBuilding CXX object CMakeFiles/nuscenes_data_collector_node.dir/src/nuscenes_data_collector.cpp.o[0m
[0.176s] [ 75%] Built target nuscenes_data_collector_issac_node
[5.985s] In file included from [01m[K/home/pyh/Documents/ros2_ws/RobotAD_Issac_ws/src/nuscenes_data_collector/src/nuscenes_data_collector.cpp:1[m[K:
[5.985s] [01m[K/home/pyh/Documents/ros2_ws/RobotAD_Issac_ws/src/nuscenes_data_collector/include/nuscenes_data_collector/nuscenes_data_collector.hpp:[m[K In member function ‚Äò[01m[Kvoid NuScenesDataCollector::save_odom_data(std::shared_ptr<nav_msgs::msg::Odometry_<std::allocator<void> > >)[m[K‚Äô:
[5.985s] [01m[K/home/pyh/Documents/ros2_ws/RobotAD_Issac_ws/src/nuscenes_data_collector/include/nuscenes_data_collector/nuscenes_data_collector.hpp:542:28:[m[K [01;31m[Kerror: [m[K‚Äò[01m[Kusing _pose_type = struct geometry_msgs::msg::Pose_<std::allocator<void> >[m[K‚Äô {aka ‚Äò[01m[Kstruct geometry_msgs::msg::Pose_<std::allocator<void> >[m[K‚Äô} has no member named ‚Äò[01m[Krotation[m[K‚Äô
[5.985s]   542 |             msg->pose.pose.[01;31m[Krotation[m[K.w,  // wÊîæÂú®Á¨¨‰∏Ä‰Ωç
[5.985s]       |                            [01;31m[K^~~~~~~~[m[K
[5.985s] [01m[K/home/pyh/Documents/ros2_ws/RobotAD_Issac_ws/src/nuscenes_data_collector/include/nuscenes_data_collector/nuscenes_data_collector.hpp:543:28:[m[K [01;31m[Kerror: [m[K‚Äò[01m[Kusing _pose_type = struct geometry_msgs::msg::Pose_<std::allocator<void> >[m[K‚Äô {aka ‚Äò[01m[Kstruct geometry_msgs::msg::Pose_<std::allocator<void> >[m[K‚Äô} has no member named ‚Äò[01m[Krotation[m[K‚Äô
[5.985s]   543 |             msg->pose.pose.[01;31m[Krotation[m[K.x,  // xÊîæÂú®Á¨¨‰∫å‰Ωç
[5.985s]       |                            [01;31m[K^~~~~~~~[m[K
[5.985s] [01m[K/home/pyh/Documents/ros2_ws/RobotAD_Issac_ws/src/nuscenes_data_collector/include/nuscenes_data_collector/nuscenes_data_collector.hpp:544:28:[m[K [01;31m[Kerror: [m[K‚Äò[01m[Kusing _pose_type = struct geometry_msgs::msg::Pose_<std::allocator<void> >[m[K‚Äô {aka ‚Äò[01m[Kstruct geometry_msgs::msg::Pose_<std::allocator<void> >[m[K‚Äô} has no member named ‚Äò[01m[Krotation[m[K‚Äô
[5.985s]   544 |             msg->pose.pose.[01;31m[Krotation[m[K.y,  // yÊîæÂú®Á¨¨‰∏â‰Ωç
[5.985s]       |                            [01;31m[K^~~~~~~~[m[K
[5.985s] [01m[K/home/pyh/Documents/ros2_ws/RobotAD_Issac_ws/src/nuscenes_data_collector/include/nuscenes_data_collector/nuscenes_data_collector.hpp:545:28:[m[K [01;31m[Kerror: [m[K‚Äò[01m[Kusing _pose_type = struct geometry_msgs::msg::Pose_<std::allocator<void> >[m[K‚Äô {aka ‚Äò[01m[Kstruct geometry_msgs::msg::Pose_<std::allocator<void> >[m[K‚Äô} has no member named ‚Äò[01m[Krotation[m[K‚Äô
[5.985s]   545 |             msg->pose.pose.[01;31m[Krotation[m[K.z   // zÊîæÂú®Á¨¨Âõõ‰Ωç
[5.985s]       |                            [01;31m[K^~~~~~~~[m[K
[10.840s] gmake[2]: *** [CMakeFiles/nuscenes_data_collector_node.dir/build.make:76: CMakeFiles/nuscenes_data_collector_node.dir/src/nuscenes_data_collector.cpp.o] Error 1
[10.841s] gmake[1]: *** [CMakeFiles/Makefile2:139: CMakeFiles/nuscenes_data_collector_node.dir/all] Error 2
[10.842s] gmake: *** [Makefile:146: all] Error 2
[10.844s] Invoked command in '/home/pyh/Documents/ros2_ws/RobotAD_Issac_ws/build/nuscenes_data_collector' returned '2': CMAKE_PREFIX_PATH=/home/pyh/Documents/ros2_ws/RobotAD_Issac_ws/install/usb_camera:/home/pyh/Documents/ros2_ws/RobotAD_Issac_ws/install/serial_comm:/home/pyh/Documents/ros2_ws/RobotAD_Issac_ws/install/rslidar_sdk:/home/pyh/Documents/ros2_ws/RobotAD_Issac_ws/install/rslidar_msg:/home/pyh/Documents/ros2_ws/RobotAD_Issac_ws/install/robot_locate:/home/pyh/Documents/ros2_ws/RobotAD_Issac_ws/install/diff_control:/home/pyh/Documents/ros2_ws/RobotAD_Issac_ws/install/robot_hardware:/home/pyh/Documents/ros2_ws/RobotAD_Issac_ws/install/pointcloud_to_laserscan:/home/pyh/Documents/ros2_ws/RobotAD_Issac_ws/install/nuscenes_data_collector:/opt/ros/humble:/home/pyh/Documents/ros2_ws/RobotAD_Issac_ws/install/message_filter_example:/home/pyh/Documents/ros2_ws/RobotAD_Issac_ws/install/keyboard_control /usr/bin/cmake --build /home/pyh/Documents/ros2_ws/RobotAD_Issac_ws/build/nuscenes_data_collector -- -j16 -l16
