[35m[1mConsolidate compiler generated dependencies of target nuscenes_data_collector_node[0m
[35m[1mConsolidate compiler generated dependencies of target nuscenes_data_collector_issac_node[0m
[ 25%] [32mBuilding CXX object CMakeFiles/nuscenes_data_collector_node.dir/src/nuscenes_data_collector.cpp.o[0m
[ 75%] Built target nuscenes_data_collector_issac_node
In file included from [01m[K/home/pyh/Documents/ros2_ws/RobotAD_Issac_ws/src/nuscenes_data_collector/src/nuscenes_data_collector.cpp:1[m[K:
[01m[K/home/pyh/Documents/ros2_ws/RobotAD_Issac_ws/src/nuscenes_data_collector/include/nuscenes_data_collector/nuscenes_data_collector.hpp:[m[K In member function â€˜[01m[Kvoid NuScenesDataCollector::capture_image_callback()[m[Kâ€™:
[01m[K/home/pyh/Documents/ros2_ws/RobotAD_Issac_ws/src/nuscenes_data_collector/include/nuscenes_data_collector/nuscenes_data_collector.hpp:338:64:[m[K [01;31m[Kerror: [m[Kâ€˜[01m[Ktimestamp_seconds[m[Kâ€™ was not declared in this scope; did you mean â€˜[01m[Ktimestamp_str[m[Kâ€™?
  338 |                     std::string timestamp_str = std::to_string([01;31m[Ktimestamp_seconds[m[K);
      |                                                                [01;31m[K^~~~~~~~~~~~~~~~~[m[K
      |                                                                [32m[Ktimestamp_str[m[K
gmake[2]: *** [CMakeFiles/nuscenes_data_collector_node.dir/build.make:76: CMakeFiles/nuscenes_data_collector_node.dir/src/nuscenes_data_collector.cpp.o] Error 1
gmake[1]: *** [CMakeFiles/Makefile2:139: CMakeFiles/nuscenes_data_collector_node.dir/all] Error 2
gmake: *** [Makefile:146: all] Error 2
