In file included from [01m[K/home/pyh/Documents/ros2_ws/RobotAD_Issac_ws/src/nuscenes_data_collector/src/nuscenes_data_collector_issac.cpp:1[m[K:
[01m[K/home/pyh/Documents/ros2_ws/RobotAD_Issac_ws/src/nuscenes_data_collector/include/nuscenes_data_collector/nuscenes_data_collector_issac.hpp:[m[K In member function â€˜[01m[Kvoid NuScenesDataCollectorIssac::save_lidar_data(const std::shared_ptr<sensor_msgs::msg::PointCloud2_<std::allocator<void> > >&, const string&)[m[Kâ€™:
[01m[K/home/pyh/Documents/ros2_ws/RobotAD_Issac_ws/src/nuscenes_data_collector/include/nuscenes_data_collector/nuscenes_data_collector_issac.hpp:744:99:[m[K [01;31m[Kerror: [m[Kâ€˜[01m[Kdefault_intensity[m[Kâ€™ was not declared in this scope
  744 |                 point_cloud_data.insert(point_cloud_data.end(), reinterpret_cast<const uint8_t*>(&[01;31m[Kdefault_intensity[m[K), reinterpret_cast<const uint8_t*>(&default_intensity) + sizeof(float));
      |                                                                                                   [01;31m[K^~~~~~~~~~~~~~~~~[m[K
gmake[2]: *** [CMakeFiles/nuscenes_data_collector_issac_node.dir/build.make:76: CMakeFiles/nuscenes_data_collector_issac_node.dir/src/nuscenes_data_collector_issac.cpp.o] Error 1
gmake[1]: *** [CMakeFiles/Makefile2:165: CMakeFiles/nuscenes_data_collector_issac_node.dir/all] Error 2
gmake: *** [Makefile:146: all] Error 2
