[0.014s] Invoking command in '/home/pyh/Documents/ros2_ws/RobotAD_Issac_ws/build/diff_control': CMAKE_PREFIX_PATH=/home/pyh/Documents/ros2_ws/RobotAD_Issac_ws/install/robot_hardware:/home/pyh/Documents/ros2_ws/RobotAD_Issac_ws/install/usb_camera:/home/pyh/Documents/ros2_ws/RobotAD_Issac_ws/install/serial_comm:/home/pyh/Documents/ros2_ws/RobotAD_Issac_ws/install/robot_locate:/home/pyh/Documents/ros2_ws/RobotAD_Issac_ws/install/diff_control:/home/pyh/Documents/ros2_ws/RobotAD_Issac_ws/install/pointcloud_to_laserscan:/home/pyh/Documents/ros2_ws/RobotAD_Issac_ws/install/nuscenes_data_collector:/opt/ros/humble:/home/pyh/Documents/ros2_ws/RobotAD_Issac_ws/install/message_filter_example:/home/pyh/Documents/ros2_ws/RobotAD_Issac_ws/install/keyboard_control LD_LIBRARY_PATH=/home/pyh/Documents/ros2_ws/RobotAD_Issac_ws/install/robot_hardware/lib:/home/pyh/Documents/ros2_ws/RobotAD_Issac_ws/install/diff_control/lib:/home/pyh/Documents/ros2_ws/RobotAD_Issac_ws/install/pointcloud_to_laserscan/lib:/usr/lib/x86_64-linux-gnu/gazebo-11/plugins:/opt/ros/humble/opt/rviz_ogre_vendor/lib:/opt/ros/humble/lib/x86_64-linux-gnu:/opt/ros/humble/lib /usr/bin/cmake --build /home/pyh/Documents/ros2_ws/RobotAD_Issac_ws/build/diff_control -- -j16 -l16
[0.055s] [ 50%] [32mBuilding CXX object CMakeFiles/diff_control.dir/hardware/diffbot_system.cpp.o[0m
[0.241s] In file included from [01m[K/home/pyh/Documents/ros2_ws/RobotAD_Issac_ws/src/diff_control/hardware/diffbot_system.cpp:15[m[K:
[0.241s] [01m[K/home/pyh/Documents/ros2_ws/RobotAD_Issac_ws/src/diff_control/hardware/include/diff_control/diffbot_system.hpp:35:10:[m[K [01;31m[Kfatal error: [m[Kdiff_control/serial_bridge.hpp: No such file or directory
[0.241s]    35 | #include [01;31m[K"diff_control/serial_bridge.hpp"[m[K
[0.242s]       |          [01;31m[K^~~~~~~~~~~~~~~~~~~~~~~~~~~~~~~~[m[K
[0.242s] compilation terminated.
[0.252s] gmake[2]: *** [CMakeFiles/diff_control.dir/build.make:76: CMakeFiles/diff_control.dir/hardware/diffbot_system.cpp.o] Error 1
[0.253s] gmake[1]: *** [CMakeFiles/Makefile2:137: CMakeFiles/diff_control.dir/all] Error 2
[0.253s] gmake: *** [Makefile:146: all] Error 2
[0.255s] Invoked command in '/home/pyh/Documents/ros2_ws/RobotAD_Issac_ws/build/diff_control' returned '2': CMAKE_PREFIX_PATH=/home/pyh/Documents/ros2_ws/RobotAD_Issac_ws/install/robot_hardware:/home/pyh/Documents/ros2_ws/RobotAD_Issac_ws/install/usb_camera:/home/pyh/Documents/ros2_ws/RobotAD_Issac_ws/install/serial_comm:/home/pyh/Documents/ros2_ws/RobotAD_Issac_ws/install/robot_locate:/home/pyh/Documents/ros2_ws/RobotAD_Issac_ws/install/diff_control:/home/pyh/Documents/ros2_ws/RobotAD_Issac_ws/install/pointcloud_to_laserscan:/home/pyh/Documents/ros2_ws/RobotAD_Issac_ws/install/nuscenes_data_collector:/opt/ros/humble:/home/pyh/Documents/ros2_ws/RobotAD_Issac_ws/install/message_filter_example:/home/pyh/Documents/ros2_ws/RobotAD_Issac_ws/install/keyboard_control LD_LIBRARY_PATH=/home/pyh/Documents/ros2_ws/RobotAD_Issac_ws/install/robot_hardware/lib:/home/pyh/Documents/ros2_ws/RobotAD_Issac_ws/install/diff_control/lib:/home/pyh/Documents/ros2_ws/RobotAD_Issac_ws/install/pointcloud_to_laserscan/lib:/usr/lib/x86_64-linux-gnu/gazebo-11/plugins:/opt/ros/humble/opt/rviz_ogre_vendor/lib:/opt/ros/humble/lib/x86_64-linux-gnu:/opt/ros/humble/lib /usr/bin/cmake --build /home/pyh/Documents/ros2_ws/RobotAD_Issac_ws/build/diff_control -- -j16 -l16
